2025-10-13 13:08:26,372 - INFO - The trading bot has started with initial capital 550 and initial leverage 10 and symbol ETHUSD and interval 5m with tp percent 0.45 and sl points 10 current fake loss amount is 0 and current martingale level is 0 with fake loss threshold 0.1
2025-10-13 14:40:03,139 - INFO - current_price is 4162.45 before placing the market order
2025-10-13 14:40:04,132 - INFO - the current entry signal is -2
2025-10-13 14:40:04,133 - INFO - the market order has been placed and response is {'stop_price': None, 'bracket_trail_amount': None, 'bracket_take_profit_price': None, 'reduce_only': False, 'product_id': 3136, 'cancellation_reason': None, 'state': 'closed', 'id': 989382159, 'paid_commission': '0.02454253', 'limit_price': '3951.3', 'product_symbol': 'ETHUSD', 'bracket_stop_loss_price': None, 'close_on_trigger': 'false', 'stop_order_type': None, 'bracket_stop_loss_limit_price': None, 'average_fill_price': '4159.75', 'trail_amount': None, 'quote_size': None, 'client_order_id': None, 'meta_data': {'cashflow': '0', 'ip': '122.187.117.179', 'otc': False, 'pnl': '0', 'source': 'api'}, 'side': 'sell', 'bracket_order': None, 'stop_trigger_method': None, 'bracket_take_profit_limit_price': None, 'time_in_force': 'gtc', 'updated_at': '2025-10-13T09:10:03.371368Z', 'size': 1, 'unfilled_size': 0, 'order_type': 'market_order', 'user_id': 77410030, 'mmp': 'disabled', 'created_at': '2025-10-13T09:10:03.309098Z', 'commission': '0'}
2025-10-13 14:40:04,355 - INFO - since a new trade is being opened the fake trade flag is 1
2025-10-13 14:40:04,355 - INFO - placing order at sl: 4172.0 , tp: 4143.27
2025-10-13 14:40:05,240 - INFO - bracket order response is {'result': {'stop_loss_order': {'bracket_order': True, 'updated_at': '2025-10-13T09:10:04.605214Z', 'close_on_trigger': 'false', 'side': 'buy', 'product_id': 3136, 'unfilled_size': 1, 'state': 'pending', 'cancellation_reason': None, 'quote_size': None, 'id': 989382174, 'average_fill_price': None, 'mmp': 'disabled', 'product_symbol': 'ETHUSD', 'stop_price': '4172', 'user_id': 77410030, 'paid_commission': '0', 'stop_order_type': 'stop_loss_order', 'trail_amount': None, 'bracket_take_profit_limit_price': None, 'bracket_stop_loss_price': None, 'client_order_id': None, 'time_in_force': 'gtc', 'reduce_only': True, 'stop_trigger_method': 'last_traded_price', 'bracket_take_profit_price': None, 'meta_data': {'ip': '122.187.117.179', 'source': 'api'}, 'limit_price': '4173', 'bracket_stop_loss_limit_price': None, 'size': 1, 'commission': '0', 'created_at': '2025-10-13T09:10:04.605214Z', 'order_type': 'limit_order', 'bracket_trail_amount': None}, 'take_profit_order': {'bracket_order': True, 'updated_at': '2025-10-13T09:10:04.605759Z', 'close_on_trigger': 'false', 'side': 'buy', 'product_id': 3136, 'unfilled_size': 1, 'state': 'pending', 'cancellation_reason': None, 'quote_size': None, 'id': 989382175, 'average_fill_price': None, 'mmp': 'disabled', 'product_symbol': 'ETHUSD', 'stop_price': '4143.27', 'user_id': 77410030, 'paid_commission': '0', 'stop_order_type': 'take_profit_order', 'trail_amount': None, 'bracket_take_profit_limit_price': None, 'bracket_stop_loss_price': None, 'client_order_id': None, 'time_in_force': 'gtc', 'reduce_only': True, 'stop_trigger_method': 'last_traded_price', 'bracket_take_profit_price': None, 'meta_data': {'ip': '122.187.117.179', 'source': 'api'}, 'limit_price': '4144.27', 'bracket_stop_loss_limit_price': None, 'size': 1, 'commission': '0', 'created_at': '2025-10-13T09:10:04.605759Z', 'order_type': 'limit_order', 'bracket_trail_amount': None}}, 'success': True}
2025-10-13 14:45:02,835 - INFO - fake trade flag is reverted to 0 , fake signal with position status is False
2025-10-13 14:50:33,327 - INFO - we have won the trade
2025-10-13 14:50:33,328 - INFO - WIN: Reset to L0
2025-10-13 14:50:33,328 - INFO - Status: Level=0, Elevated=False, Pending=False, DoubleTrigger=False
2025-10-13 14:50:33,330 - INFO - current martingale level is 0 and the current fake loss is 0
2025-10-13 14:50:33,999 - INFO - here we are not going to sleep since the entry and exit time is not same
2025-10-13 18:05:04,308 - INFO - current_price is 4128.77 before placing the market order
2025-10-13 18:05:05,533 - INFO - the current entry signal is 2
2025-10-13 18:05:05,534 - INFO - the market order has been placed and response is {'stop_price': None, 'bracket_trail_amount': None, 'bracket_take_profit_price': None, 'reduce_only': False, 'product_id': 3136, 'cancellation_reason': None, 'state': 'closed', 'id': 989657510, 'paid_commission': '0.02434104', 'limit_price': '4334.5', 'product_symbol': 'ETHUSD', 'bracket_stop_loss_price': None, 'close_on_trigger': 'false', 'stop_order_type': None, 'bracket_stop_loss_limit_price': None, 'average_fill_price': '4125.6', 'trail_amount': None, 'quote_size': None, 'client_order_id': None, 'meta_data': {'cashflow': '0', 'ip': '122.187.117.179', 'otc': False, 'pnl': '0', 'source': 'api'}, 'side': 'buy', 'bracket_order': None, 'stop_trigger_method': None, 'bracket_take_profit_limit_price': None, 'time_in_force': 'gtc', 'updated_at': '2025-10-13T12:35:04.907277Z', 'size': 1, 'unfilled_size': 0, 'order_type': 'market_order', 'user_id': 77410030, 'mmp': 'disabled', 'created_at': '2025-10-13T12:35:04.793299Z', 'commission': '0'}
2025-10-13 18:05:05,864 - INFO - since a new trade is being opened the fake trade flag is 1
2025-10-13 18:05:05,866 - INFO - placing order at sl: 4118.0 , tp: 4146.58
2025-10-13 18:05:06,523 - INFO - bracket order response is {'result': {'stop_loss_order': {'stop_price': '4118', 'bracket_trail_amount': None, 'bracket_take_profit_price': None, 'reduce_only': True, 'product_id': 3136, 'cancellation_reason': None, 'state': 'pending', 'id': 989657542, 'paid_commission': '0', 'limit_price': '4117', 'product_symbol': 'ETHUSD', 'bracket_stop_loss_price': None, 'close_on_trigger': 'false', 'stop_order_type': 'stop_loss_order', 'bracket_stop_loss_limit_price': None, 'average_fill_price': None, 'trail_amount': None, 'quote_size': None, 'client_order_id': None, 'meta_data': {'ip': '122.187.117.179', 'source': 'api'}, 'side': 'sell', 'bracket_order': True, 'stop_trigger_method': 'last_traded_price', 'bracket_take_profit_limit_price': None, 'time_in_force': 'gtc', 'updated_at': '2025-10-13T12:35:06.029248Z', 'size': 1, 'unfilled_size': 1, 'order_type': 'limit_order', 'user_id': 77410030, 'mmp': 'disabled', 'created_at': '2025-10-13T12:35:06.029248Z', 'commission': '0'}, 'take_profit_order': {'stop_price': '4146.58', 'bracket_trail_amount': None, 'bracket_take_profit_price': None, 'reduce_only': True, 'product_id': 3136, 'cancellation_reason': None, 'state': 'pending', 'id': 989657543, 'paid_commission': '0', 'limit_price': '4145.58', 'product_symbol': 'ETHUSD', 'bracket_stop_loss_price': None, 'close_on_trigger': 'false', 'stop_order_type': 'take_profit_order', 'bracket_stop_loss_limit_price': None, 'average_fill_price': None, 'trail_amount': None, 'quote_size': None, 'client_order_id': None, 'meta_data': {'ip': '122.187.117.179', 'source': 'api'}, 'side': 'sell', 'bracket_order': True, 'stop_trigger_method': 'last_traded_price', 'bracket_take_profit_limit_price': None, 'time_in_force': 'gtc', 'updated_at': '2025-10-13T12:35:06.030003Z', 'size': 1, 'unfilled_size': 1, 'order_type': 'limit_order', 'user_id': 77410030, 'mmp': 'disabled', 'created_at': '2025-10-13T12:35:06.030003Z', 'commission': '0'}}, 'success': True}
2025-10-13 18:10:05,191 - INFO - fake signal is detected trade taken at 1760358900000 with original signal 2 and the second last signal time is 2025-10-13 12:35:00
2025-10-13 18:10:05,192 - INFO - last signal is 0 , second last signal is 0
2025-10-13 18:10:05,254 - INFO - this is a fake order so the market order will be placed to close it , the current price is 4119.39
2025-10-13 18:10:05,668 - INFO - the sl / tp was hitted before the execution so no closing market order , sl status : closed , tp status : cancelled
2025-10-13 18:10:05,849 - INFO - Fake Loss amount is $0.08199999999999985
2025-10-13 18:10:05,850 - INFO - the current martingale level is 0
2025-10-13 18:10:05,850 - INFO - here we are not going to sleep since the entry and exit time is not same
2025-10-13 18:10:06,351 - INFO - fake trade flag is reverted to 0 , fake signal with position status is True
2025-10-13 18:10:07,445 - INFO - we have lost the trade
2025-10-13 18:10:07,445 - INFO - current martingale level is 0 and the current fake loss is 0.08199999999999985
2025-10-13 18:10:07,446 - INFO - LOSS detected: type=sl, level=0
2025-10-13 18:10:07,447 - INFO - LOSS (sl): Level 1
2025-10-13 18:10:07,447 - INFO - Status: Level=1, Elevated=False, Pending=False, DoubleTrigger=False
2025-10-13 18:10:08,056 - INFO - here we are not going to sleep since the entry and exit time is not same
2025-10-13 20:00:36,392 - INFO - current_price is 4094.42 before placing the market order
2025-10-13 20:00:37,674 - INFO - the current entry signal is -2
2025-10-13 20:00:37,675 - INFO - the market order has been placed and response is {'stop_price': None, 'bracket_trail_amount': None, 'bracket_take_profit_price': None, 'reduce_only': False, 'product_id': 3136, 'cancellation_reason': None, 'state': 'closed', 'id': 989857755, 'paid_commission': '0.04828501', 'limit_price': '3888.6', 'product_symbol': 'ETHUSD', 'bracket_stop_loss_price': None, 'close_on_trigger': 'false', 'stop_order_type': None, 'bracket_stop_loss_limit_price': None, 'average_fill_price': '4091.95', 'trail_amount': None, 'quote_size': None, 'client_order_id': None, 'meta_data': {'cashflow': '0', 'ip': '122.187.117.179', 'otc': False, 'pnl': '0', 'source': 'api'}, 'side': 'sell', 'bracket_order': None, 'stop_trigger_method': None, 'bracket_take_profit_limit_price': None, 'time_in_force': 'gtc', 'updated_at': '2025-10-13T14:30:37.155551Z', 'size': 2, 'unfilled_size': 0, 'order_type': 'market_order', 'user_id': 77410030, 'mmp': 'disabled', 'created_at': '2025-10-13T14:30:36.971858Z', 'commission': '0'}
2025-10-13 20:00:37,907 - INFO - since a new trade is being opened the fake trade flag is 1
2025-10-13 20:00:37,908 - INFO - placing order at sl: 4102.0 , tp: 4073.59
2025-10-13 20:00:38,594 - INFO - bracket order response is {'result': {'stop_loss_order': {'updated_at': '2025-10-13T14:30:38.164983Z', 'unfilled_size': 2, 'product_id': 3136, 'client_order_id': None, 'bracket_take_profit_limit_price': None, 'state': 'pending', 'id': 989857850, 'paid_commission': '0', 'meta_data': {'ip': '122.187.117.179', 'source': 'api'}, 'product_symbol': 'ETHUSD', 'stop_order_type': 'stop_loss_order', 'side': 'buy', 'stop_trigger_method': 'last_traded_price', 'stop_price': '4102', 'bracket_stop_loss_price': None, 'commission': '0', 'average_fill_price': None, 'cancellation_reason': None, 'user_id': 77410030, 'bracket_order': True, 'bracket_stop_loss_limit_price': None, 'mmp': 'disabled', 'trail_amount': None, 'order_type': 'limit_order', 'bracket_trail_amount': None, 'reduce_only': True, 'size': 2, 'limit_price': '4103', 'close_on_trigger': 'false', 'bracket_take_profit_price': None, 'created_at': '2025-10-13T14:30:38.164983Z', 'time_in_force': 'gtc', 'quote_size': None}, 'take_profit_order': {'updated_at': '2025-10-13T14:30:38.165698Z', 'unfilled_size': 2, 'product_id': 3136, 'client_order_id': None, 'bracket_take_profit_limit_price': None, 'state': 'pending', 'id': 989857851, 'paid_commission': '0', 'meta_data': {'ip': '122.187.117.179', 'source': 'api'}, 'product_symbol': 'ETHUSD', 'stop_order_type': 'take_profit_order', 'side': 'buy', 'stop_trigger_method': 'last_traded_price', 'stop_price': '4073.59', 'bracket_stop_loss_price': None, 'commission': '0', 'average_fill_price': None, 'cancellation_reason': None, 'user_id': 77410030, 'bracket_order': True, 'bracket_stop_loss_limit_price': None, 'mmp': 'disabled', 'trail_amount': None, 'order_type': 'limit_order', 'bracket_trail_amount': None, 'reduce_only': True, 'size': 2, 'limit_price': '4074.59', 'close_on_trigger': 'false', 'bracket_take_profit_price': None, 'created_at': '2025-10-13T14:30:38.165698Z', 'time_in_force': 'gtc', 'quote_size': None}}, 'success': True}
2025-10-13 20:05:04,049 - INFO - fake signal is detected trade taken at 1760365800000 with original signal -2 and the second last signal time is 2025-10-13 14:30:00
2025-10-13 20:05:04,050 - INFO - last signal is 0 , second last signal is 0
2025-10-13 20:05:04,176 - INFO - this is a fake order so the market order will be placed to close it , the current price is 4122.14
2025-10-13 20:05:04,768 - INFO - the sl / tp was hitted before the execution so no closing market order , sl status : closed , tp status : cancelled
2025-10-13 20:05:05,004 - INFO - Fake Loss amount is $0.29000000000000004
2025-10-13 20:05:05,005 - INFO - LOSS detected: type=fake, level=1
2025-10-13 20:05:05,006 - INFO - LOSS (fake): Level 2
2025-10-13 20:05:05,007 - INFO - Status: Level=2, Elevated=False, Pending=False, DoubleTrigger=False
2025-10-13 20:05:05,009 - INFO - the current martingale level is 2
2025-10-13 20:05:05,009 - INFO - here we are not going to sleep since the entry and exit time is not same
2025-10-13 20:05:05,511 - INFO - fake trade flag is reverted to 0 , fake signal with position status is True
2025-10-13 20:05:07,431 - INFO - we have lost the trade
2025-10-13 20:05:07,431 - INFO - current martingale level is 2 and the current fake loss is 0
2025-10-13 20:05:07,431 - INFO - LOSS detected: type=sl, level=2
2025-10-13 20:05:07,432 - INFO - Double trigger detected
2025-10-13 20:05:07,434 - INFO - DOUBLE TRIGGER: Level 2 (SINGLE increment only)
2025-10-13 20:05:08,124 - INFO - here we are not going to sleep since the entry and exit time is not same
2025-10-13 21:44:35,546 - INFO - The trading bot has started with initial capital 550 and initial leverage 10 and symbol ETHUSD and interval 1m with tp percent 0.17 and sl points 5 current fake loss amount is 0 and current martingale level is 0 with fake loss threshold 0.05
2025-10-13 21:50:16,435 - INFO - current_price is 4143.64 before placing the market order
2025-10-13 21:50:17,670 - INFO - the current entry signal is -2
2025-10-13 21:50:17,671 - INFO - the market order has been placed and response is {'stop_price': None, 'bracket_trail_amount': None, 'bracket_take_profit_price': None, 'reduce_only': False, 'product_id': 3136, 'cancellation_reason': None, 'state': 'closed', 'id': 990038462, 'paid_commission': '0.02443928', 'limit_price': '3935.65', 'product_symbol': 'ETHUSD', 'bracket_stop_loss_price': None, 'close_on_trigger': 'false', 'stop_order_type': None, 'bracket_stop_loss_limit_price': None, 'average_fill_price': '4142.25', 'trail_amount': None, 'quote_size': None, 'client_order_id': None, 'meta_data': {'cashflow': '0', 'ip': '122.187.117.179', 'otc': False, 'pnl': '0', 'source': 'api'}, 'side': 'sell', 'bracket_order': None, 'stop_trigger_method': None, 'bracket_take_profit_limit_price': None, 'time_in_force': 'gtc', 'updated_at': '2025-10-13T16:20:17.219325Z', 'size': 1, 'unfilled_size': 0, 'order_type': 'market_order', 'user_id': 77410030, 'mmp': 'disabled', 'created_at': '2025-10-13T16:20:17.106596Z', 'commission': '0'}
2025-10-13 21:50:17,903 - INFO - since a new trade is being opened the fake trade flag is 1
2025-10-13 21:50:17,903 - INFO - placing order at sl: 4148.0 , tp: 4135.96
2025-10-13 21:50:18,589 - INFO - bracket order response is {'result': {'stop_loss_order': {'reduce_only': True, 'unfilled_size': 1, 'close_on_trigger': 'false', 'stop_price': '4148', 'order_type': 'limit_order', 'bracket_stop_loss_price': None, 'mmp': 'disabled', 'state': 'pending', 'id': 990038498, 'cancellation_reason': None, 'time_in_force': 'gtc', 'paid_commission': '0', 'meta_data': {'ip': '122.187.117.179', 'source': 'api'}, 'product_id': 3136, 'bracket_take_profit_limit_price': None, 'bracket_stop_loss_limit_price': None, 'limit_price': '4149', 'bracket_take_profit_price': None, 'stop_order_type': 'stop_loss_order', 'stop_trigger_method': 'last_traded_price', 'side': 'buy', 'average_fill_price': None, 'client_order_id': None, 'created_at': '2025-10-13T16:20:18.232179Z', 'trail_amount': None, 'updated_at': '2025-10-13T16:20:18.232179Z', 'bracket_trail_amount': None, 'quote_size': None, 'size': 1, 'commission': '0', 'product_symbol': 'ETHUSD', 'user_id': 77410030, 'bracket_order': True}, 'take_profit_order': {'reduce_only': True, 'unfilled_size': 1, 'close_on_trigger': 'false', 'stop_price': '4135.96', 'order_type': 'limit_order', 'bracket_stop_loss_price': None, 'mmp': 'disabled', 'state': 'pending', 'id': 990038499, 'cancellation_reason': None, 'time_in_force': 'gtc', 'paid_commission': '0', 'meta_data': {'ip': '122.187.117.179', 'source': 'api'}, 'product_id': 3136, 'bracket_take_profit_limit_price': None, 'bracket_stop_loss_limit_price': None, 'limit_price': '4136.96', 'bracket_take_profit_price': None, 'stop_order_type': 'take_profit_order', 'stop_trigger_method': 'last_traded_price', 'side': 'buy', 'average_fill_price': None, 'client_order_id': None, 'created_at': '2025-10-13T16:20:18.232845Z', 'trail_amount': None, 'updated_at': '2025-10-13T16:20:18.232845Z', 'bracket_trail_amount': None, 'quote_size': None, 'size': 1, 'commission': '0', 'product_symbol': 'ETHUSD', 'user_id': 77410030, 'bracket_order': True}}, 'success': True}
2025-10-13 21:51:02,548 - INFO - fake trade flag is reverted to 0 , fake signal with position status is False
2025-10-13 21:51:06,206 - INFO - we have won the trade
2025-10-13 21:51:06,206 - INFO - WIN: Reset to L0
2025-10-13 21:51:06,206 - INFO - Status: Level=0, Elevated=False, Pending=False, DoubleTrigger=False
2025-10-13 21:51:06,207 - INFO - current martingale level is 0 and the current fake loss is 0
2025-10-13 21:51:06,497 - INFO - here we are not going to sleep since the entry and exit time is not same
2025-10-13 21:55:02,799 - INFO - current_price is 4160.34 before placing the market order
2025-10-13 21:55:04,142 - INFO - the current entry signal is 2
2025-10-13 21:55:04,142 - INFO - the market order has been placed and response is {'stop_price': None, 'bracket_trail_amount': None, 'bracket_take_profit_price': None, 'reduce_only': False, 'product_id': 3136, 'cancellation_reason': None, 'state': 'closed', 'id': 990048220, 'paid_commission': '0.02453368', 'limit_price': '4361.4', 'product_symbol': 'ETHUSD', 'bracket_stop_loss_price': None, 'close_on_trigger': 'false', 'stop_order_type': None, 'bracket_stop_loss_limit_price': None, 'average_fill_price': '4158.25', 'trail_amount': None, 'quote_size': None, 'client_order_id': None, 'meta_data': {'cashflow': '0', 'ip': '122.187.117.179', 'otc': False, 'pnl': '0', 'source': 'api'}, 'side': 'buy', 'bracket_order': None, 'stop_trigger_method': None, 'bracket_take_profit_limit_price': None, 'time_in_force': 'gtc', 'updated_at': '2025-10-13T16:25:03.620173Z', 'size': 1, 'unfilled_size': 0, 'order_type': 'market_order', 'user_id': 77410030, 'mmp': 'disabled', 'created_at': '2025-10-13T16:25:03.521861Z', 'commission': '0'}
2025-10-13 21:55:04,394 - INFO - since a new trade is being opened the fake trade flag is 1
2025-10-13 21:55:04,395 - INFO - placing order at sl: 4152.0 , tp: 4164.07
2025-10-13 21:55:05,310 - INFO - bracket order response is {'result': {'stop_loss_order': {'reduce_only': True, 'unfilled_size': 1, 'close_on_trigger': 'false', 'stop_price': '4152', 'order_type': 'limit_order', 'bracket_stop_loss_price': None, 'mmp': 'disabled', 'state': 'pending', 'id': 990048267, 'cancellation_reason': None, 'time_in_force': 'gtc', 'paid_commission': '0', 'meta_data': {'ip': '122.187.117.179', 'source': 'api'}, 'product_id': 3136, 'bracket_take_profit_limit_price': None, 'bracket_stop_loss_limit_price': None, 'limit_price': '4151', 'bracket_take_profit_price': None, 'stop_order_type': 'stop_loss_order', 'stop_trigger_method': 'last_traded_price', 'side': 'sell', 'average_fill_price': None, 'client_order_id': None, 'created_at': '2025-10-13T16:25:04.954966Z', 'trail_amount': None, 'updated_at': '2025-10-13T16:25:04.954966Z', 'bracket_trail_amount': None, 'quote_size': None, 'size': 1, 'commission': '0', 'product_symbol': 'ETHUSD', 'user_id': 77410030, 'bracket_order': True}, 'take_profit_order': {'reduce_only': True, 'unfilled_size': 1, 'close_on_trigger': 'false', 'stop_price': '4164.07', 'order_type': 'limit_order', 'bracket_stop_loss_price': None, 'mmp': 'disabled', 'state': 'pending', 'id': 990048268, 'cancellation_reason': None, 'time_in_force': 'gtc', 'paid_commission': '0', 'meta_data': {'ip': '122.187.117.179', 'source': 'api'}, 'product_id': 3136, 'bracket_take_profit_limit_price': None, 'bracket_stop_loss_limit_price': None, 'limit_price': '4163.07', 'bracket_take_profit_price': None, 'stop_order_type': 'take_profit_order', 'stop_trigger_method': 'last_traded_price', 'side': 'sell', 'average_fill_price': None, 'client_order_id': None, 'created_at': '2025-10-13T16:25:04.955628Z', 'trail_amount': None, 'updated_at': '2025-10-13T16:25:04.955628Z', 'bracket_trail_amount': None, 'quote_size': None, 'size': 1, 'commission': '0', 'product_symbol': 'ETHUSD', 'user_id': 77410030, 'bracket_order': True}}, 'success': True}
2025-10-13 21:56:02,851 - INFO - fake trade flag is reverted to 0 , fake signal with position status is False
2025-10-13 21:56:03,903 - INFO - we have won the trade
2025-10-13 21:56:03,904 - INFO - WIN: Reset to L0
2025-10-13 21:56:03,904 - INFO - Status: Level=0, Elevated=False, Pending=False, DoubleTrigger=False
2025-10-13 21:56:03,905 - INFO - current martingale level is 0 and the current fake loss is 0
2025-10-13 21:56:04,174 - INFO - here we are not going to sleep since the entry and exit time is not same
2025-10-13 22:20:19,572 - INFO - current_price is 4163.39 before placing the market order
2025-10-13 22:20:20,709 - INFO - the current entry signal is 2
2025-10-13 22:20:20,709 - INFO - the market order has been placed and response is {'stop_price': None, 'bracket_trail_amount': None, 'bracket_take_profit_price': None, 'reduce_only': False, 'product_id': 3136, 'cancellation_reason': None, 'state': 'closed', 'id': 990083274, 'paid_commission': '0.02454607', 'limit_price': '4366.35', 'product_symbol': 'ETHUSD', 'bracket_stop_loss_price': None, 'close_on_trigger': 'false', 'stop_order_type': None, 'bracket_stop_loss_limit_price': None, 'average_fill_price': '4160.35', 'trail_amount': None, 'quote_size': None, 'client_order_id': None, 'meta_data': {'cashflow': '0', 'ip': '122.187.117.179', 'otc': False, 'pnl': '0', 'source': 'api'}, 'side': 'buy', 'bracket_order': None, 'stop_trigger_method': None, 'bracket_take_profit_limit_price': None, 'time_in_force': 'gtc', 'updated_at': '2025-10-13T16:50:20.330506Z', 'size': 1, 'unfilled_size': 0, 'order_type': 'market_order', 'user_id': 77410030, 'mmp': 'disabled', 'created_at': '2025-10-13T16:50:20.214329Z', 'commission': '0'}
2025-10-13 22:20:20,894 - INFO - since a new trade is being opened the fake trade flag is 1
2025-10-13 22:20:20,894 - INFO - placing order at sl: 4158.0 , tp: 4170.08
2025-10-13 22:20:21,559 - INFO - bracket order response is {'result': {'stop_loss_order': {'reduce_only': True, 'unfilled_size': 1, 'close_on_trigger': 'false', 'stop_price': '4158', 'order_type': 'limit_order', 'bracket_stop_loss_price': None, 'mmp': 'disabled', 'state': 'pending', 'id': 990083324, 'cancellation_reason': None, 'time_in_force': 'gtc', 'paid_commission': '0', 'meta_data': {'ip': '122.187.117.179', 'source': 'api'}, 'product_id': 3136, 'bracket_take_profit_limit_price': None, 'bracket_stop_loss_limit_price': None, 'limit_price': '4157', 'bracket_take_profit_price': None, 'stop_order_type': 'stop_loss_order', 'stop_trigger_method': 'last_traded_price', 'side': 'sell', 'average_fill_price': None, 'client_order_id': None, 'created_at': '2025-10-13T16:50:21.225407Z', 'trail_amount': None, 'updated_at': '2025-10-13T16:50:21.225407Z', 'bracket_trail_amount': None, 'quote_size': None, 'size': 1, 'commission': '0', 'product_symbol': 'ETHUSD', 'user_id': 77410030, 'bracket_order': True}, 'take_profit_order': {'reduce_only': True, 'unfilled_size': 1, 'close_on_trigger': 'false', 'stop_price': '4170.08', 'order_type': 'limit_order', 'bracket_stop_loss_price': None, 'mmp': 'disabled', 'state': 'pending', 'id': 990083325, 'cancellation_reason': None, 'time_in_force': 'gtc', 'paid_commission': '0', 'meta_data': {'ip': '122.187.117.179', 'source': 'api'}, 'product_id': 3136, 'bracket_take_profit_limit_price': None, 'bracket_stop_loss_limit_price': None, 'limit_price': '4169.08', 'bracket_take_profit_price': None, 'stop_order_type': 'take_profit_order', 'stop_trigger_method': 'last_traded_price', 'side': 'sell', 'average_fill_price': None, 'client_order_id': None, 'created_at': '2025-10-13T16:50:21.225932Z', 'trail_amount': None, 'updated_at': '2025-10-13T16:50:21.225932Z', 'bracket_trail_amount': None, 'quote_size': None, 'size': 1, 'commission': '0', 'product_symbol': 'ETHUSD', 'user_id': 77410030, 'bracket_order': True}}, 'success': True}
2025-10-13 22:21:01,387 - INFO - fake signal is detected trade taken at 1760374200000 with original signal 2 and the second last signal time is 2025-10-13 16:50:00
2025-10-13 22:21:01,387 - INFO - last signal is 2 , second last signal is 0
2025-10-13 22:21:01,463 - INFO - this is a fake order so the market order will be placed to close it , the current price is 4161.76
2025-10-13 22:21:01,859 - INFO - the sl / tp was hitted before the execution so no closing market order , sl status : closed , tp status : cancelled
2025-10-13 22:21:02,044 - INFO - Fake Loss amount is $0.03249999999999975
2025-10-13 22:21:02,045 - INFO - the current martingale level is 0
2025-10-13 22:21:02,045 - INFO - here we are not going to sleep since the entry and exit time is not same
2025-10-13 22:21:02,545 - INFO - fake trade flag is reverted to 0 , fake signal with position status is True
2025-10-13 22:21:03,504 - INFO - we have lost the trade
2025-10-13 22:21:03,505 - INFO - current martingale level is 0 and the current fake loss is 0.03249999999999975
2025-10-13 22:21:03,505 - INFO - LOSS detected: type=sl, level=0
2025-10-13 22:21:03,506 - INFO - LOSS (sl): Level 1
2025-10-13 22:21:03,506 - INFO - Status: Level=1, Elevated=False, Pending=False, DoubleTrigger=False
2025-10-13 22:21:03,930 - INFO - here we are not going to sleep since the entry and exit time is not same
2025-10-13 22:21:09,025 - INFO - current_price is 4164.11 before placing the market order
2025-10-13 22:21:10,255 - INFO - the current entry signal is 2
2025-10-13 22:21:10,256 - INFO - the market order has been placed and response is {'stop_price': None, 'bracket_trail_amount': None, 'bracket_take_profit_price': None, 'reduce_only': False, 'product_id': 3136, 'cancellation_reason': None, 'state': 'closed', 'id': 990084356, 'paid_commission': '0.04909921', 'limit_price': '4366.85', 'product_symbol': 'ETHUSD', 'bracket_stop_loss_price': None, 'close_on_trigger': 'false', 'stop_order_type': None, 'bracket_stop_loss_limit_price': None, 'average_fill_price': '4160.95', 'trail_amount': None, 'quote_size': None, 'client_order_id': None, 'meta_data': {'cashflow': '0', 'ip': '122.187.117.179', 'otc': False, 'pnl': '0', 'source': 'api'}, 'side': 'buy', 'bracket_order': None, 'stop_trigger_method': None, 'bracket_take_profit_limit_price': None, 'time_in_force': 'gtc', 'updated_at': '2025-10-13T16:51:09.830227Z', 'size': 2, 'unfilled_size': 0, 'order_type': 'market_order', 'user_id': 77410030, 'mmp': 'disabled', 'created_at': '2025-10-13T16:51:09.673372Z', 'commission': '0'}
2025-10-13 22:21:10,450 - INFO - since a new trade is being opened the fake trade flag is 1
2025-10-13 22:21:10,450 - INFO - placing order at sl: 4159.0 , tp: 4171.08
2025-10-13 22:21:11,089 - INFO - bracket order response is {'result': {'stop_loss_order': {'stop_price': '4159', 'bracket_trail_amount': None, 'bracket_take_profit_price': None, 'reduce_only': True, 'product_id': 3136, 'cancellation_reason': None, 'state': 'pending', 'id': 990084389, 'paid_commission': '0', 'limit_price': '4158', 'product_symbol': 'ETHUSD', 'bracket_stop_loss_price': None, 'close_on_trigger': 'false', 'stop_order_type': 'stop_loss_order', 'bracket_stop_loss_limit_price': None, 'average_fill_price': None, 'trail_amount': None, 'quote_size': None, 'client_order_id': None, 'meta_data': {'ip': '122.187.117.179', 'source': 'api'}, 'side': 'sell', 'bracket_order': True, 'stop_trigger_method': 'last_traded_price', 'bracket_take_profit_limit_price': None, 'time_in_force': 'gtc', 'updated_at': '2025-10-13T16:51:10.762876Z', 'size': 2, 'unfilled_size': 2, 'order_type': 'limit_order', 'user_id': 77410030, 'mmp': 'disabled', 'created_at': '2025-10-13T16:51:10.762876Z', 'commission': '0'}, 'take_profit_order': {'stop_price': '4171.08', 'bracket_trail_amount': None, 'bracket_take_profit_price': None, 'reduce_only': True, 'product_id': 3136, 'cancellation_reason': None, 'state': 'pending', 'id': 990084390, 'paid_commission': '0', 'limit_price': '4170.08', 'product_symbol': 'ETHUSD', 'bracket_stop_loss_price': None, 'close_on_trigger': 'false', 'stop_order_type': 'take_profit_order', 'bracket_stop_loss_limit_price': None, 'average_fill_price': None, 'trail_amount': None, 'quote_size': None, 'client_order_id': None, 'meta_data': {'ip': '122.187.117.179', 'source': 'api'}, 'side': 'sell', 'bracket_order': True, 'stop_trigger_method': 'last_traded_price', 'bracket_take_profit_limit_price': None, 'time_in_force': 'gtc', 'updated_at': '2025-10-13T16:51:10.763645Z', 'size': 2, 'unfilled_size': 2, 'order_type': 'limit_order', 'user_id': 77410030, 'mmp': 'disabled', 'created_at': '2025-10-13T16:51:10.763645Z', 'commission': '0'}}, 'success': True}
2025-10-13 22:22:01,542 - INFO - fake signal is detected trade taken at 1760374260000 with original signal 2 and the second last signal time is 2025-10-13 16:51:00
2025-10-13 22:22:01,542 - INFO - last signal is 0 , second last signal is 0
2025-10-13 22:22:01,643 - INFO - this is a fake order so the market order will be placed to close it , the current price is 4159.7
2025-10-13 22:22:02,417 - INFO - the sl / tp was hitted before the execution so no closing market order , sl status : closed , tp status : cancelled
2025-10-13 22:22:02,637 - INFO - Fake Loss amount is $0.0754999999999999
2025-10-13 22:22:02,638 - INFO - LOSS detected: type=fake, level=1
2025-10-13 22:22:02,639 - INFO - LOSS (fake): Level 2
2025-10-13 22:22:02,639 - INFO - Status: Level=2, Elevated=False, Pending=False, DoubleTrigger=False
2025-10-13 22:22:02,640 - INFO - the current martingale level is 2
2025-10-13 22:22:02,640 - INFO - here we are not going to sleep since the entry and exit time is not same
2025-10-13 22:22:03,140 - INFO - fake trade flag is reverted to 0 , fake signal with position status is True
2025-10-13 22:22:04,097 - INFO - we have lost the trade
2025-10-13 22:22:04,098 - INFO - current martingale level is 2 and the current fake loss is 0
2025-10-13 22:22:04,099 - INFO - LOSS detected: type=sl, level=2
2025-10-13 22:22:04,100 - INFO - Double trigger detected
2025-10-13 22:22:04,100 - INFO - DOUBLE TRIGGER handled with NO additional level bump; post-cycle elevation queued
2025-10-13 22:22:04,328 - INFO - here we are not going to sleep since the entry and exit time is not same
2025-10-13 22:22:41,274 - INFO - current_price is 4165.04 before placing the market order
2025-10-13 22:22:42,019 - INFO - the current entry signal is 2
2025-10-13 22:22:42,019 - INFO - the market order has been placed and response is None
2025-10-13 22:22:44,586 - INFO - we have lost the trade
2025-10-13 22:22:44,586 - INFO - current martingale level is 2 and the current fake loss is 0
2025-10-13 22:22:44,586 - INFO - LOSS detected: type=sl, level=2
2025-10-13 22:22:44,587 - INFO - LOSS (sl): Level 3
2025-10-13 22:22:44,587 - INFO - Status: Level=3, Elevated=False, Pending=False, DoubleTrigger=True
2025-10-13 22:22:44,828 - INFO - here we are going to sleep for 60 since the entry and exit time is the same
2025-10-13 22:39:18,783 - INFO - current_price is 4167.67 before placing the market order
2025-10-13 22:39:19,586 - INFO - the current entry signal is -4
2025-10-13 22:39:19,586 - INFO - the market order has been placed and response is None
2025-10-13 22:39:21,906 - INFO - we have lost the trade
2025-10-13 22:39:21,906 - INFO - current martingale level is 3 and the current fake loss is 0
2025-10-13 22:39:21,906 - INFO - LOSS detected: type=sl, level=3
2025-10-13 22:39:21,907 - INFO - LOSS (sl): Level 4
2025-10-13 22:39:21,907 - INFO - Status: Level=4, Elevated=False, Pending=False, DoubleTrigger=True
2025-10-13 22:39:22,174 - INFO - here we are going to sleep for 60 since the entry and exit time is the same
2025-10-13 22:40:23,489 - INFO - current_price is 4167.25 before placing the market order
2025-10-13 22:40:24,461 - INFO - the current entry signal is -2
2025-10-13 22:40:24,461 - INFO - the market order has been placed and response is None
2025-10-13 22:40:26,887 - INFO - we have lost the trade
2025-10-13 22:40:26,887 - INFO - current martingale level is 4 and the current fake loss is 0
2025-10-13 22:40:26,887 - INFO - LOSS detected: type=sl, level=4
2025-10-13 22:40:26,887 - INFO - Max level reached, resetting to 0
2025-10-13 22:40:26,888 - INFO - Status: Level=0, Elevated=False, Pending=False, DoubleTrigger=False
2025-10-13 22:40:27,110 - INFO - here we are going to sleep for 60 since the entry and exit time is the same
