2025-10-24 09:10:03,004 - INFO - The trading bot has started with initial capital 550 and initial leverage 10 and symbol ETHUSD and interval 1m with tp percent 0.3 and sl points 6.5 current fake loss amount is 0 and current martingale level is 0 with fake loss threshold 0.05 on timeframe 1 with heikan-ashi status as 1 with N-candle lookback of 3
2025-10-24 09:24:06,683 - INFO - current_price is 3886.28 before placing the market order
2025-10-24 09:24:08,305 - INFO - the current entry signal is 2
2025-10-24 09:24:08,306 - INFO - the market order has been placed and response is {'stop_price': None, 'bracket_trail_amount': None, 'bracket_take_profit_price': None, 'reduce_only': False, 'product_id': 3136, 'cancellation_reason': None, 'state': 'closed', 'id': 1005451748, 'paid_commission': '0.02292829', 'limit_price': '4080.5', 'product_symbol': 'ETHUSD', 'bracket_stop_loss_price': None, 'close_on_trigger': 'false', 'stop_order_type': None, 'bracket_stop_loss_limit_price': None, 'average_fill_price': '3886.15', 'trail_amount': None, 'quote_size': None, 'client_order_id': None, 'meta_data': {'cashflow': '0', 'ip': '122.187.117.179', 'otc': False, 'pnl': '0', 'source': 'api'}, 'side': 'buy', 'bracket_order': None, 'stop_trigger_method': None, 'bracket_take_profit_limit_price': None, 'time_in_force': 'gtc', 'updated_at': '2025-10-24T03:54:07.999248Z', 'size': 1, 'unfilled_size': 0, 'order_type': 'market_order', 'user_id': 77410030, 'mmp': 'disabled', 'created_at': '2025-10-24T03:54:07.841287Z', 'commission': '0'}
2025-10-24 09:24:08,842 - INFO - since a new trade is being opened the fake trade flag is 1
2025-10-24 09:24:08,842 - INFO - placing order at sl: 3879.5 , tp: 3897.66
2025-10-24 09:24:10,035 - INFO - bracket order response is {'result': {'stop_loss_order': {'reduce_only': True, 'unfilled_size': 1, 'close_on_trigger': 'false', 'stop_price': '3879.5', 'order_type': 'limit_order', 'bracket_stop_loss_price': None, 'mmp': 'disabled', 'state': 'pending', 'id': 1005451765, 'cancellation_reason': None, 'time_in_force': 'gtc', 'paid_commission': '0', 'meta_data': {'ip': '122.187.117.179', 'source': 'api'}, 'product_id': 3136, 'bracket_take_profit_limit_price': None, 'bracket_stop_loss_limit_price': None, 'limit_price': '3878.5', 'bracket_take_profit_price': None, 'stop_order_type': 'stop_loss_order', 'stop_trigger_method': 'last_traded_price', 'side': 'sell', 'average_fill_price': None, 'client_order_id': None, 'created_at': '2025-10-24T03:54:09.859428Z', 'trail_amount': None, 'updated_at': '2025-10-24T03:54:09.859428Z', 'bracket_trail_amount': None, 'quote_size': None, 'size': 1, 'commission': '0', 'product_symbol': 'ETHUSD', 'user_id': 77410030, 'bracket_order': True}, 'take_profit_order': {'reduce_only': True, 'unfilled_size': 1, 'close_on_trigger': 'false', 'stop_price': '3897.66', 'order_type': 'limit_order', 'bracket_stop_loss_price': None, 'mmp': 'disabled', 'state': 'pending', 'id': 1005451766, 'cancellation_reason': None, 'time_in_force': 'gtc', 'paid_commission': '0', 'meta_data': {'ip': '122.187.117.179', 'source': 'api'}, 'product_id': 3136, 'bracket_take_profit_limit_price': None, 'bracket_stop_loss_limit_price': None, 'limit_price': '3896.66', 'bracket_take_profit_price': None, 'stop_order_type': 'take_profit_order', 'stop_trigger_method': 'last_traded_price', 'side': 'sell', 'average_fill_price': None, 'client_order_id': None, 'created_at': '2025-10-24T03:54:09.860010Z', 'trail_amount': None, 'updated_at': '2025-10-24T03:54:09.860010Z', 'bracket_trail_amount': None, 'quote_size': None, 'size': 1, 'commission': '0', 'product_symbol': 'ETHUSD', 'user_id': 77410030, 'bracket_order': True}}, 'success': True}
2025-10-24 09:25:01,382 - INFO - fake trade flag is reverted to 0 , fake signal with position status is False
2025-10-24 15:40:48,428 - INFO - The trading bot has started with initial capital 550 and initial leverage 10 and symbol ETHUSD and interval 1m with tp percent 0.3 and sl points 6.5 current fake loss amount is 0 and current martingale level is 0 with fake loss threshold 0.05 on timeframe 1 with heikan-ashi status as 1 with N-candle lookback of 3
2025-10-24 15:44:04,170 - INFO - current_price is 3963.41 before placing the market order
2025-10-24 15:44:05,510 - INFO - the current entry signal is 2
2025-10-24 15:44:05,510 - INFO - the market order has been placed and response is {'stop_price': None, 'bracket_trail_amount': None, 'bracket_take_profit_price': None, 'reduce_only': False, 'product_id': 3136, 'cancellation_reason': None, 'state': 'closed', 'id': 1005817114, 'paid_commission': '0.0233817', 'limit_price': '4160.2', 'product_symbol': 'ETHUSD', 'bracket_stop_loss_price': None, 'close_on_trigger': 'false', 'stop_order_type': None, 'bracket_stop_loss_limit_price': None, 'average_fill_price': '3963', 'trail_amount': None, 'quote_size': None, 'client_order_id': None, 'meta_data': {'cashflow': '0', 'ip': '122.187.117.179', 'otc': False, 'pnl': '0', 'source': 'api'}, 'side': 'buy', 'bracket_order': None, 'stop_trigger_method': None, 'bracket_take_profit_limit_price': None, 'time_in_force': 'gtc', 'updated_at': '2025-10-24T10:14:05.435003Z', 'size': 1, 'unfilled_size': 0, 'order_type': 'market_order', 'user_id': 77410030, 'mmp': 'disabled', 'created_at': '2025-10-24T10:14:05.237441Z', 'commission': '0'}
2025-10-24 15:44:05,777 - INFO - since a new trade is being opened the fake trade flag is 1
2025-10-24 15:44:05,777 - INFO - placing order at sl: 3957.24 , tp: 3971.88
2025-10-24 15:44:06,498 - INFO - bracket order response is {'result': {'stop_loss_order': {'reduce_only': True, 'unfilled_size': 1, 'close_on_trigger': 'false', 'stop_price': '3957.24', 'order_type': 'limit_order', 'bracket_stop_loss_price': None, 'mmp': 'disabled', 'state': 'pending', 'id': 1005817138, 'cancellation_reason': None, 'time_in_force': 'gtc', 'paid_commission': '0', 'meta_data': {'ip': '122.187.117.179', 'source': 'api'}, 'product_id': 3136, 'bracket_take_profit_limit_price': None, 'bracket_stop_loss_limit_price': None, 'limit_price': '3956.24', 'bracket_take_profit_price': None, 'stop_order_type': 'stop_loss_order', 'stop_trigger_method': 'last_traded_price', 'side': 'sell', 'average_fill_price': None, 'client_order_id': None, 'created_at': '2025-10-24T10:14:06.498827Z', 'trail_amount': None, 'updated_at': '2025-10-24T10:14:06.498827Z', 'bracket_trail_amount': None, 'quote_size': None, 'size': 1, 'commission': '0', 'product_symbol': 'ETHUSD', 'user_id': 77410030, 'bracket_order': True}, 'take_profit_order': {'reduce_only': True, 'unfilled_size': 1, 'close_on_trigger': 'false', 'stop_price': '3971.88', 'order_type': 'limit_order', 'bracket_stop_loss_price': None, 'mmp': 'disabled', 'state': 'pending', 'id': 1005817139, 'cancellation_reason': None, 'time_in_force': 'gtc', 'paid_commission': '0', 'meta_data': {'ip': '122.187.117.179', 'source': 'api'}, 'product_id': 3136, 'bracket_take_profit_limit_price': None, 'bracket_stop_loss_limit_price': None, 'limit_price': '3970.88', 'bracket_take_profit_price': None, 'stop_order_type': 'take_profit_order', 'stop_trigger_method': 'last_traded_price', 'side': 'sell', 'average_fill_price': None, 'client_order_id': None, 'created_at': '2025-10-24T10:14:06.499475Z', 'trail_amount': None, 'updated_at': '2025-10-24T10:14:06.499475Z', 'bracket_trail_amount': None, 'quote_size': None, 'size': 1, 'commission': '0', 'product_symbol': 'ETHUSD', 'user_id': 77410030, 'bracket_order': True}}, 'success': True}
2025-10-24 15:45:01,616 - INFO - fake trade flag is reverted to 0 , fake signal with position status is False
2025-10-24 15:49:31,268 - INFO - we have lost the trade
2025-10-24 15:49:31,268 - INFO - current martingale level is 0 and the current fake loss is 0
2025-10-24 15:49:31,268 - INFO - LOSS detected: type=sl, level=0
2025-10-24 15:49:31,269 - INFO - SL LOSS: Level 1
2025-10-24 15:49:31,269 - INFO - Status: Level=1, Elevated=False, FakeFlag=False, SLCycle=True
2025-10-24 15:49:31,855 - INFO - here we are not going to sleep since the entry and exit time is not same
2025-10-24 15:50:09,149 - INFO - current_price is 3954.96 before placing the market order
2025-10-24 15:50:10,754 - INFO - the current entry signal is -2
2025-10-24 15:50:10,755 - INFO - the market order has been placed and response is {'stop_price': None, 'bracket_trail_amount': None, 'bracket_take_profit_price': None, 'reduce_only': False, 'product_id': 3136, 'cancellation_reason': None, 'state': 'closed', 'id': 1005822521, 'paid_commission': '0.04666192', 'limit_price': '3756.25', 'product_symbol': 'ETHUSD', 'bracket_stop_loss_price': None, 'close_on_trigger': 'false', 'stop_order_type': None, 'bracket_stop_loss_limit_price': None, 'average_fill_price': '3954.4', 'trail_amount': None, 'quote_size': None, 'client_order_id': None, 'meta_data': {'cashflow': '0', 'ip': '122.187.117.179', 'otc': False, 'pnl': '0', 'source': 'api'}, 'side': 'sell', 'bracket_order': None, 'stop_trigger_method': None, 'bracket_take_profit_limit_price': None, 'time_in_force': 'gtc', 'updated_at': '2025-10-24T10:20:10.508498Z', 'size': 2, 'unfilled_size': 0, 'order_type': 'market_order', 'user_id': 77410030, 'mmp': 'disabled', 'created_at': '2025-10-24T10:20:10.437933Z', 'commission': '0'}
2025-10-24 15:50:11,375 - INFO - since a new trade is being opened the fake trade flag is 1
2025-10-24 15:50:11,375 - INFO - placing order at sl: 3960.5 , tp: 3942.14
2025-10-24 15:50:12,542 - INFO - bracket order response is {'result': {'stop_loss_order': {'updated_at': '2025-10-24T10:20:12.507357Z', 'unfilled_size': 2, 'product_id': 3136, 'client_order_id': None, 'bracket_take_profit_limit_price': None, 'state': 'pending', 'id': 1005822561, 'paid_commission': '0', 'meta_data': {'ip': '122.187.117.179', 'source': 'api'}, 'product_symbol': 'ETHUSD', 'stop_order_type': 'stop_loss_order', 'side': 'buy', 'stop_trigger_method': 'last_traded_price', 'stop_price': '3960.5', 'bracket_stop_loss_price': None, 'commission': '0', 'average_fill_price': None, 'cancellation_reason': None, 'user_id': 77410030, 'bracket_order': True, 'bracket_stop_loss_limit_price': None, 'mmp': 'disabled', 'trail_amount': None, 'order_type': 'limit_order', 'bracket_trail_amount': None, 'reduce_only': True, 'size': 2, 'limit_price': '3961.5', 'close_on_trigger': 'false', 'bracket_take_profit_price': None, 'created_at': '2025-10-24T10:20:12.507357Z', 'time_in_force': 'gtc', 'quote_size': None}, 'take_profit_order': {'updated_at': '2025-10-24T10:20:12.508099Z', 'unfilled_size': 2, 'product_id': 3136, 'client_order_id': None, 'bracket_take_profit_limit_price': None, 'state': 'pending', 'id': 1005822562, 'paid_commission': '0', 'meta_data': {'ip': '122.187.117.179', 'source': 'api'}, 'product_symbol': 'ETHUSD', 'stop_order_type': 'take_profit_order', 'side': 'buy', 'stop_trigger_method': 'last_traded_price', 'stop_price': '3942.14', 'bracket_stop_loss_price': None, 'commission': '0', 'average_fill_price': None, 'cancellation_reason': None, 'user_id': 77410030, 'bracket_order': True, 'bracket_stop_loss_limit_price': None, 'mmp': 'disabled', 'trail_amount': None, 'order_type': 'limit_order', 'bracket_trail_amount': None, 'reduce_only': True, 'size': 2, 'limit_price': '3943.14', 'close_on_trigger': 'false', 'bracket_take_profit_price': None, 'created_at': '2025-10-24T10:20:12.508099Z', 'time_in_force': 'gtc', 'quote_size': None}}, 'success': True}
2025-10-24 15:51:01,065 - INFO - fake trade flag is reverted to 0 , fake signal with position status is False
2025-10-24 16:05:03,227 - INFO -  OPPOSITE SIGNAL DETECTED! Entry: -2, Current: 2
2025-10-24 16:05:03,597 - INFO - Closing SELL position with BUY order
2025-10-24 16:05:03,597 - INFO - Will re-enter with BUY position after closing
2025-10-24 16:05:03,771 - INFO - Close attempt 1: Placing buy order at $3953.16, qty: 2
2025-10-24 16:05:04,980 - INFO -  Close order successful on attempt 1: 1005837100
2025-10-24 16:05:05,181 - INFO - Closed position P&L: $-0.02 (negative = profit)
2025-10-24 16:05:05,181 - INFO - P&L: $-0.02, Total fake loss: $0.00/0.05, Level: 1
2025-10-24 16:05:06,182 - INFO - RE-ENTERING with BUY position (signal: 2)
2025-10-24 16:05:06,667 - INFO - Re-entry: BUY at $3953, SL: $3949.78, TP: $3964.86, Qty: 2, Leverage: 20x
2025-10-24 16:05:07,935 - INFO - Re-entry market order response: {'stop_price': None, 'bracket_trail_amount': None, 'bracket_take_profit_price': None, 'reduce_only': False, 'product_id': 3136, 'cancellation_reason': None, 'state': 'closed', 'id': 1005837147, 'paid_commission': '0.04665248', 'limit_price': '4150.15', 'product_symbol': 'ETHUSD', 'bracket_stop_loss_price': None, 'close_on_trigger': 'false', 'stop_order_type': None, 'bracket_stop_loss_limit_price': None, 'average_fill_price': '3953.6', 'trail_amount': None, 'quote_size': None, 'client_order_id': None, 'meta_data': {'cashflow': '0', 'ip': '122.187.117.179', 'otc': False, 'pnl': '0', 'source': 'api'}, 'side': 'buy', 'bracket_order': None, 'stop_trigger_method': None, 'bracket_take_profit_limit_price': None, 'time_in_force': 'gtc', 'updated_at': '2025-10-24T10:35:07.889152Z', 'size': 2, 'unfilled_size': 0, 'order_type': 'market_order', 'user_id': 77410030, 'mmp': 'disabled', 'created_at': '2025-10-24T10:35:07.695109Z', 'commission': '0'}
2025-10-24 16:05:08,120 - INFO - Re-entry market order placed: 1005837147
2025-10-24 16:05:08,122 - INFO - Placing bracket order - SL: $3949.78, TP: $3964.86
2025-10-24 16:05:08,779 - INFO - Bracket orders placed - TP ID: 1005837173, SL ID: 1005837172
2025-10-24 16:05:08,780 - INFO - RE-ENTRY COMPLETE: BUY position established
2025-10-24 16:06:01,479 - INFO - fake signal is detected trade taken at 1761302100000 with original signal 2 and the second last signal time is 2025-10-24 10:35:00
2025-10-24 16:06:01,479 - INFO - last signal is 0 , second last signal is 0
2025-10-24 16:06:01,541 - INFO - this is a fake order so the market order will be placed to close it , the current price is 3952.21
2025-10-24 16:06:01,954 - INFO - the sl / tp was not hit so we are closing market order , sl status : pending , tp status : pending
2025-10-24 16:06:03,918 - INFO - Fake Loss amount is $0.03700000000000081
2025-10-24 16:06:03,919 - INFO - the current martingale level is 1
2025-10-24 16:06:03,920 - INFO - here we are going to sleep for 60 since the entry and exit time is the same
2025-10-24 16:07:03,921 - INFO - fake trade flag is reverted to 0 , fake signal with position status is True
2025-10-24 16:15:04,225 - INFO - current_price is 3954.9 before placing the market order
2025-10-24 16:15:05,432 - INFO - the current entry signal is 2
2025-10-24 16:15:05,433 - INFO - the market order has been placed and response is {'stop_price': None, 'bracket_trail_amount': None, 'bracket_take_profit_price': None, 'reduce_only': False, 'product_id': 3136, 'cancellation_reason': None, 'state': 'closed', 'id': 1005844263, 'paid_commission': '0.04666841', 'limit_price': '4152.25', 'product_symbol': 'ETHUSD', 'bracket_stop_loss_price': None, 'close_on_trigger': 'false', 'stop_order_type': None, 'bracket_stop_loss_limit_price': None, 'average_fill_price': '3954.95', 'trail_amount': None, 'quote_size': None, 'client_order_id': None, 'meta_data': {'cashflow': '0', 'ip': '122.187.117.179', 'otc': False, 'pnl': '0', 'source': 'api'}, 'side': 'buy', 'bracket_order': None, 'stop_trigger_method': None, 'bracket_take_profit_limit_price': None, 'time_in_force': 'gtc', 'updated_at': '2025-10-24T10:45:05.395907Z', 'size': 2, 'unfilled_size': 0, 'order_type': 'market_order', 'user_id': 77410030, 'mmp': 'disabled', 'created_at': '2025-10-24T10:45:05.265051Z', 'commission': '0'}
2025-10-24 16:15:05,750 - INFO - since a new trade is being opened the fake trade flag is 1
2025-10-24 16:15:05,751 - INFO - placing order at sl: 3950.22 , tp: 3965.86
2025-10-24 16:15:06,454 - INFO - bracket order response is {'result': {'stop_loss_order': {'reduce_only': True, 'bracket_order': True, 'unfilled_size': 2, 'updated_at': '2025-10-24T10:45:06.506070Z', 'stop_price': '3950.22', 'user_id': 77410030, 'product_id': 3136, 'order_type': 'limit_order', 'state': 'pending', 'bracket_stop_loss_limit_price': None, 'bracket_stop_loss_price': None, 'id': 1005844283, 'product_symbol': 'ETHUSD', 'bracket_take_profit_price': None, 'bracket_trail_amount': None, 'trail_amount': None, 'limit_price': '3949.22', 'meta_data': {'ip': '122.187.117.179', 'source': 'api'}, 'stop_order_type': 'stop_loss_order', 'cancellation_reason': None, 'stop_trigger_method': 'last_traded_price', 'commission': '0', 'time_in_force': 'gtc', 'client_order_id': None, 'paid_commission': '0', 'mmp': 'disabled', 'quote_size': None, 'size': 2, 'bracket_take_profit_limit_price': None, 'created_at': '2025-10-24T10:45:06.506070Z', 'average_fill_price': None, 'side': 'sell', 'close_on_trigger': 'false'}, 'take_profit_order': {'reduce_only': True, 'bracket_order': True, 'unfilled_size': 2, 'updated_at': '2025-10-24T10:45:06.506784Z', 'stop_price': '3965.86', 'user_id': 77410030, 'product_id': 3136, 'order_type': 'limit_order', 'state': 'pending', 'bracket_stop_loss_limit_price': None, 'bracket_stop_loss_price': None, 'id': 1005844284, 'product_symbol': 'ETHUSD', 'bracket_take_profit_price': None, 'bracket_trail_amount': None, 'trail_amount': None, 'limit_price': '3964.86', 'meta_data': {'ip': '122.187.117.179', 'source': 'api'}, 'stop_order_type': 'take_profit_order', 'cancellation_reason': None, 'stop_trigger_method': 'last_traded_price', 'commission': '0', 'time_in_force': 'gtc', 'client_order_id': None, 'paid_commission': '0', 'mmp': 'disabled', 'quote_size': None, 'size': 2, 'bracket_take_profit_limit_price': None, 'created_at': '2025-10-24T10:45:06.506784Z', 'average_fill_price': None, 'side': 'sell', 'close_on_trigger': 'false'}}, 'success': True}
2025-10-24 16:16:01,330 - INFO - fake trade flag is reverted to 0 , fake signal with position status is False
2025-10-24 16:34:02,482 - INFO -  OPPOSITE SIGNAL DETECTED! Entry: 2, Current: -2
2025-10-24 16:34:02,870 - INFO - Closing BUY position with SELL order
2025-10-24 16:34:02,870 - INFO - Will re-enter with SELL position after closing
2025-10-24 16:34:02,968 - INFO - Close attempt 1: Placing sell order at $3952.78, qty: 2
2025-10-24 16:34:04,050 - INFO -  Close order successful on attempt 1: 1005858634
2025-10-24 16:34:04,231 - INFO - Closed position P&L: $0.09 (negative = profit)
2025-10-24 16:34:04,231 - INFO - Total fake loss :$0.12
2025-10-24 16:34:04,232 - INFO - Fake loss limit reached: $0.12 >= $0.05
2025-10-24 16:34:04,232 - INFO - Fake loss limit reached during SL cycle - flag set for elevated start
2025-10-24 16:34:04,232 - INFO - P&L: $0.09, Total fake loss: $0.00/0.05, Level: 1
2025-10-24 16:34:05,233 - INFO - RE-ENTERING with SELL position (signal: -2)
2025-10-24 16:34:05,938 - INFO - Re-entry: SELL at $3953, SL: $3956.99, TP: $3941.14, Qty: 2, Leverage: 20x
2025-10-24 16:34:07,198 - INFO - Re-entry market order response: {'stop_price': None, 'bracket_trail_amount': None, 'bracket_take_profit_price': None, 'reduce_only': False, 'product_id': 3136, 'cancellation_reason': None, 'state': 'closed', 'id': 1005858687, 'paid_commission': '0.04664599', 'limit_price': '3754.85', 'product_symbol': 'ETHUSD', 'bracket_stop_loss_price': None, 'close_on_trigger': 'false', 'stop_order_type': None, 'bracket_stop_loss_limit_price': None, 'average_fill_price': '3953.05', 'trail_amount': None, 'quote_size': None, 'client_order_id': None, 'meta_data': {'cashflow': '0', 'ip': '122.187.117.179', 'otc': False, 'pnl': '0', 'source': 'api'}, 'side': 'sell', 'bracket_order': None, 'stop_trigger_method': None, 'bracket_take_profit_limit_price': None, 'time_in_force': 'gtc', 'updated_at': '2025-10-24T11:04:07.124131Z', 'size': 2, 'unfilled_size': 0, 'order_type': 'market_order', 'user_id': 77410030, 'mmp': 'disabled', 'created_at': '2025-10-24T11:04:06.982344Z', 'commission': '0'}
2025-10-24 16:34:07,718 - INFO - Re-entry market order placed: 1005858687
2025-10-24 16:34:07,719 - INFO - Placing bracket order - SL: $3956.99, TP: $3941.14
2025-10-24 16:34:08,358 - INFO - Bracket orders placed - TP ID: 1005858704, SL ID: 1005858703
2025-10-24 16:34:08,359 - INFO - RE-ENTRY COMPLETE: SELL position established
2025-10-24 16:35:02,579 - INFO - fake signal is detected trade taken at 1761303840000 with original signal -2 and the second last signal time is 2025-10-24 11:04:00
2025-10-24 16:35:02,579 - INFO - last signal is 0 , second last signal is 0
2025-10-24 16:35:03,448 - INFO - this is a fake order so the market order will be placed to close it , the current price is 3957.14
2025-10-24 16:35:04,414 - INFO - the sl / tp was hitted before the execution so no closing market order , sl status : closed , tp status : cancelled
2025-10-24 16:35:04,789 - INFO - Fake Loss amount is $0.08199999999999985
2025-10-24 16:35:04,789 - INFO - Fake loss limit reached during SL cycle - flag set for elevated start
2025-10-24 16:35:04,790 - INFO - the current martingale level is 1
2025-10-24 16:35:04,790 - INFO - here we are going to sleep for 60 since the entry and exit time is the same
2025-10-24 16:36:04,791 - INFO - fake trade flag is reverted to 0 , fake signal with position status is True
2025-10-24 16:36:06,237 - INFO - we have lost the trade
2025-10-24 16:36:06,237 - INFO - current martingale level is 1 and the current fake loss is 0
2025-10-24 16:36:06,238 - INFO - LOSS detected: type=sl, level=1
2025-10-24 16:36:06,238 - INFO - SL LOSS: Level 2
2025-10-24 16:36:06,238 - INFO - Status: Level=2, Elevated=False, FakeFlag=True, SLCycle=True
2025-10-24 16:36:06,558 - INFO - here we are not going to sleep since the entry and exit time is not same
2025-10-24 16:50:56,585 - INFO - current_price is 3956.46 before placing the market order
2025-10-24 16:50:57,567 - INFO - the current entry signal is -2
2025-10-24 16:50:57,567 - INFO - the market order has been placed and response is {'stop_price': None, 'bracket_trail_amount': None, 'bracket_take_profit_price': None, 'reduce_only': False, 'product_id': 3136, 'cancellation_reason': None, 'state': 'closed', 'id': 1005873938, 'paid_commission': '0.11668283', 'limit_price': '3759.2', 'product_symbol': 'ETHUSD', 'bracket_stop_loss_price': None, 'close_on_trigger': 'false', 'stop_order_type': None, 'bracket_stop_loss_limit_price': None, 'average_fill_price': '3955.35', 'trail_amount': None, 'quote_size': None, 'client_order_id': None, 'meta_data': {'cashflow': '0', 'ip': '122.187.117.179', 'otc': False, 'pnl': '0', 'source': 'api'}, 'side': 'sell', 'bracket_order': None, 'stop_trigger_method': None, 'bracket_take_profit_limit_price': None, 'time_in_force': 'gtc', 'updated_at': '2025-10-24T11:20:57.513231Z', 'size': 5, 'unfilled_size': 0, 'order_type': 'market_order', 'user_id': 77410030, 'mmp': 'disabled', 'created_at': '2025-10-24T11:20:57.434120Z', 'commission': '0'}
2025-10-24 16:50:57,763 - INFO - since a new trade is being opened the fake trade flag is 1
2025-10-24 16:50:57,763 - INFO - placing order at sl: 3962.5 , tp: 3944.13
2025-10-24 16:50:58,415 - INFO - bracket order response is {'result': {'stop_loss_order': {'stop_price': '3962.5', 'bracket_trail_amount': None, 'bracket_take_profit_price': None, 'reduce_only': True, 'product_id': 3136, 'cancellation_reason': None, 'state': 'pending', 'id': 1005873954, 'paid_commission': '0', 'limit_price': '3963.5', 'product_symbol': 'ETHUSD', 'bracket_stop_loss_price': None, 'close_on_trigger': 'false', 'stop_order_type': 'stop_loss_order', 'bracket_stop_loss_limit_price': None, 'average_fill_price': None, 'trail_amount': None, 'quote_size': None, 'client_order_id': None, 'meta_data': {'ip': '122.187.117.179', 'source': 'api'}, 'side': 'buy', 'bracket_order': True, 'stop_trigger_method': 'last_traded_price', 'bracket_take_profit_limit_price': None, 'time_in_force': 'gtc', 'updated_at': '2025-10-24T11:20:58.495566Z', 'size': 5, 'unfilled_size': 5, 'order_type': 'limit_order', 'user_id': 77410030, 'mmp': 'disabled', 'created_at': '2025-10-24T11:20:58.495566Z', 'commission': '0'}, 'take_profit_order': {'stop_price': '3944.13', 'bracket_trail_amount': None, 'bracket_take_profit_price': None, 'reduce_only': True, 'product_id': 3136, 'cancellation_reason': None, 'state': 'pending', 'id': 1005873955, 'paid_commission': '0', 'limit_price': '3945.13', 'product_symbol': 'ETHUSD', 'bracket_stop_loss_price': None, 'close_on_trigger': 'false', 'stop_order_type': 'take_profit_order', 'bracket_stop_loss_limit_price': None, 'average_fill_price': None, 'trail_amount': None, 'quote_size': None, 'client_order_id': None, 'meta_data': {'ip': '122.187.117.179', 'source': 'api'}, 'side': 'buy', 'bracket_order': True, 'stop_trigger_method': 'last_traded_price', 'bracket_take_profit_limit_price': None, 'time_in_force': 'gtc', 'updated_at': '2025-10-24T11:20:58.496301Z', 'size': 5, 'unfilled_size': 5, 'order_type': 'limit_order', 'user_id': 77410030, 'mmp': 'disabled', 'created_at': '2025-10-24T11:20:58.496301Z', 'commission': '0'}}, 'success': True}
2025-10-24 16:51:01,648 - INFO - fake trade flag is reverted to 0 , fake signal with position status is False
2025-10-24 17:01:33,723 - INFO - we have won the trade
2025-10-24 17:01:33,724 - INFO - Martingale complete with fake loss flag! Next at 20x (elevated start)
2025-10-24 17:01:33,724 - INFO - WIN: Reset to L0
2025-10-24 17:01:33,724 - INFO - Status: Level=0, Elevated=True, FakeFlag=False, SLCycle=False
2025-10-24 17:01:33,725 - INFO - current martingale level is 0 and the current fake loss is 0
2025-10-24 17:01:34,043 - INFO - here we are not going to sleep since the entry and exit time is not same
2025-10-24 17:50:03,952 - INFO - current_price is 3942.79 before placing the market order
2025-10-24 17:50:05,345 - INFO - the current entry signal is -2
2025-10-24 17:50:05,346 - INFO - the market order has been placed and response is {'stop_price': None, 'bracket_trail_amount': None, 'bracket_take_profit_price': None, 'reduce_only': False, 'product_id': 3136, 'cancellation_reason': None, 'state': 'closed', 'id': 1005954564, 'paid_commission': '0.04651265', 'limit_price': '3745.75', 'product_symbol': 'ETHUSD', 'bracket_stop_loss_price': None, 'close_on_trigger': 'false', 'stop_order_type': None, 'bracket_stop_loss_limit_price': None, 'average_fill_price': '3941.75', 'trail_amount': None, 'quote_size': None, 'client_order_id': None, 'meta_data': {'cashflow': '0', 'ip': '122.187.117.179', 'otc': False, 'pnl': '0', 'source': 'api'}, 'side': 'sell', 'bracket_order': None, 'stop_trigger_method': None, 'bracket_take_profit_limit_price': None, 'time_in_force': 'gtc', 'updated_at': '2025-10-24T12:20:05.247411Z', 'size': 2, 'unfilled_size': 0, 'order_type': 'market_order', 'user_id': 77410030, 'mmp': 'disabled', 'created_at': '2025-10-24T12:20:05.081097Z', 'commission': '0'}
2025-10-24 17:50:05,542 - INFO - since a new trade is being opened the fake trade flag is 1
2025-10-24 17:50:05,543 - INFO - placing order at sl: 3949.5 , tp: 3931.17
2025-10-24 17:50:06,472 - INFO - bracket order response is {'result': {'stop_loss_order': {'reduce_only': True, 'bracket_order': True, 'unfilled_size': 2, 'updated_at': '2025-10-24T12:20:06.511697Z', 'stop_price': '3949.5', 'user_id': 77410030, 'product_id': 3136, 'order_type': 'limit_order', 'state': 'pending', 'bracket_stop_loss_limit_price': None, 'bracket_stop_loss_price': None, 'id': 1005954593, 'product_symbol': 'ETHUSD', 'bracket_take_profit_price': None, 'bracket_trail_amount': None, 'trail_amount': None, 'limit_price': '3950.5', 'meta_data': {'ip': '122.187.117.179', 'source': 'api'}, 'stop_order_type': 'stop_loss_order', 'cancellation_reason': None, 'stop_trigger_method': 'last_traded_price', 'commission': '0', 'time_in_force': 'gtc', 'client_order_id': None, 'paid_commission': '0', 'mmp': 'disabled', 'quote_size': None, 'size': 2, 'bracket_take_profit_limit_price': None, 'created_at': '2025-10-24T12:20:06.511697Z', 'average_fill_price': None, 'side': 'buy', 'close_on_trigger': 'false'}, 'take_profit_order': {'reduce_only': True, 'bracket_order': True, 'unfilled_size': 2, 'updated_at': '2025-10-24T12:20:06.512325Z', 'stop_price': '3931.17', 'user_id': 77410030, 'product_id': 3136, 'order_type': 'limit_order', 'state': 'pending', 'bracket_stop_loss_limit_price': None, 'bracket_stop_loss_price': None, 'id': 1005954594, 'product_symbol': 'ETHUSD', 'bracket_take_profit_price': None, 'bracket_trail_amount': None, 'trail_amount': None, 'limit_price': '3932.17', 'meta_data': {'ip': '122.187.117.179', 'source': 'api'}, 'stop_order_type': 'take_profit_order', 'cancellation_reason': None, 'stop_trigger_method': 'last_traded_price', 'commission': '0', 'time_in_force': 'gtc', 'client_order_id': None, 'paid_commission': '0', 'mmp': 'disabled', 'quote_size': None, 'size': 2, 'bracket_take_profit_limit_price': None, 'created_at': '2025-10-24T12:20:06.512325Z', 'average_fill_price': None, 'side': 'buy', 'close_on_trigger': 'false'}}, 'success': True}
2025-10-24 17:51:03,889 - INFO - fake trade flag is reverted to 0 , fake signal with position status is False
2025-10-24 17:53:06,797 - INFO - we have lost the trade
2025-10-24 17:53:06,798 - INFO - current martingale level is 0 and the current fake loss is 0
2025-10-24 17:53:06,798 - INFO - LOSS detected: type=sl, level=0
2025-10-24 17:53:06,798 - INFO - SL LOSS: Level 1
2025-10-24 17:53:06,799 - INFO - Status: Level=1, Elevated=True, FakeFlag=False, SLCycle=True
2025-10-24 17:53:07,482 - INFO - here we are not going to sleep since the entry and exit time is not same
2025-10-24 17:58:18,010 - INFO - current_price is 3950.7 before placing the market order
2025-10-24 17:58:19,118 - INFO - the current entry signal is 2
2025-10-24 17:58:19,119 - INFO - the market order has been placed and response is {'stop_price': None, 'bracket_trail_amount': None, 'bracket_take_profit_price': None, 'reduce_only': False, 'product_id': 3136, 'cancellation_reason': None, 'state': 'closed', 'id': 1005963804, 'paid_commission': '0.04660528', 'limit_price': '4146.2', 'product_symbol': 'ETHUSD', 'bracket_stop_loss_price': None, 'close_on_trigger': 'false', 'stop_order_type': None, 'bracket_stop_loss_limit_price': None, 'average_fill_price': '3949.6', 'trail_amount': None, 'quote_size': None, 'client_order_id': None, 'meta_data': {'cashflow': '0', 'ip': '122.187.117.179', 'otc': False, 'pnl': '0', 'source': 'api'}, 'side': 'buy', 'bracket_order': None, 'stop_trigger_method': None, 'bracket_take_profit_limit_price': None, 'time_in_force': 'gtc', 'updated_at': '2025-10-24T12:28:19.109459Z', 'size': 2, 'unfilled_size': 0, 'order_type': 'market_order', 'user_id': 77410030, 'mmp': 'disabled', 'created_at': '2025-10-24T12:28:18.920572Z', 'commission': '0'}
2025-10-24 17:58:19,312 - INFO - since a new trade is being opened the fake trade flag is 1
2025-10-24 17:58:19,313 - INFO - placing order at sl: 3943.65 , tp: 3961.85
2025-10-24 17:58:19,968 - INFO - bracket order response is {'result': {'stop_loss_order': {'stop_price': '3943.65', 'bracket_trail_amount': None, 'bracket_take_profit_price': None, 'reduce_only': True, 'product_id': 3136, 'cancellation_reason': None, 'state': 'pending', 'id': 1005963824, 'paid_commission': '0', 'limit_price': '3942.65', 'product_symbol': 'ETHUSD', 'bracket_stop_loss_price': None, 'close_on_trigger': 'false', 'stop_order_type': 'stop_loss_order', 'bracket_stop_loss_limit_price': None, 'average_fill_price': None, 'trail_amount': None, 'quote_size': None, 'client_order_id': None, 'meta_data': {'ip': '122.187.117.179', 'source': 'api'}, 'side': 'sell', 'bracket_order': True, 'stop_trigger_method': 'last_traded_price', 'bracket_take_profit_limit_price': None, 'time_in_force': 'gtc', 'updated_at': '2025-10-24T12:28:20.084810Z', 'size': 2, 'unfilled_size': 2, 'order_type': 'limit_order', 'user_id': 77410030, 'mmp': 'disabled', 'created_at': '2025-10-24T12:28:20.084810Z', 'commission': '0'}, 'take_profit_order': {'stop_price': '3961.85', 'bracket_trail_amount': None, 'bracket_take_profit_price': None, 'reduce_only': True, 'product_id': 3136, 'cancellation_reason': None, 'state': 'pending', 'id': 1005963825, 'paid_commission': '0', 'limit_price': '3960.85', 'product_symbol': 'ETHUSD', 'bracket_stop_loss_price': None, 'close_on_trigger': 'false', 'stop_order_type': 'take_profit_order', 'bracket_stop_loss_limit_price': None, 'average_fill_price': None, 'trail_amount': None, 'quote_size': None, 'client_order_id': None, 'meta_data': {'ip': '122.187.117.179', 'source': 'api'}, 'side': 'sell', 'bracket_order': True, 'stop_trigger_method': 'last_traded_price', 'bracket_take_profit_limit_price': None, 'time_in_force': 'gtc', 'updated_at': '2025-10-24T12:28:20.085503Z', 'size': 2, 'unfilled_size': 2, 'order_type': 'limit_order', 'user_id': 77410030, 'mmp': 'disabled', 'created_at': '2025-10-24T12:28:20.085503Z', 'commission': '0'}}, 'success': True}
2025-10-24 17:59:02,933 - INFO - fake trade flag is reverted to 0 , fake signal with position status is False
2025-10-24 18:00:11,734 - INFO - we have won the trade
2025-10-24 18:00:11,734 - INFO - Martingale complete, back to base
2025-10-24 18:00:11,735 - INFO - WIN: Reset to L0
2025-10-24 18:00:11,735 - INFO - Status: Level=0, Elevated=False, FakeFlag=False, SLCycle=False
2025-10-24 18:00:11,736 - INFO - current martingale level is 0 and the current fake loss is 0
2025-10-24 18:00:12,670 - INFO - here we are not going to sleep since the entry and exit time is not same
2025-10-24 18:26:43,566 - INFO - Trading bot stopped by user (KeyboardInterrupt)
2025-10-24 18:26:43,568 - INFO - Final status - Level: 0, Position: 0, Fake Loss: $0.00
2025-10-24 18:32:01,099 - INFO - The trading bot has started with initial capital 550 and initial leverage 10 and symbol ETHUSD and interval 1m with tp percent 0.3 and sl points 6.5 current fake loss amount is 0 and current martingale level is 0 with fake loss threshold 0.05 on timeframe 1 with heikan-ashi status as 1 with N-candle lookback of 3
2025-10-24 18:32:27,202 - INFO - Trading bot stopped by user (KeyboardInterrupt)
2025-10-24 18:32:27,202 - INFO - Final status - Level: 0, Position: 0, Fake Loss: $0.00
2025-10-24 18:33:06,948 - INFO - The trading bot has started with initial capital 550 and initial leverage 10 and symbol ETHUSD and interval 1m with tp percent 0.3 and sl points 6.5 current fake loss amount is 0 and current martingale level is 0 with fake loss threshold 0.05 on timeframe 1 with heikan-ashi status as 1 with N-candle lookback of 3
2025-10-24 19:09:27,961 - INFO - current_price is 3946.28 before placing the market order
2025-10-24 19:09:30,267 - INFO - the current entry signal is -2
2025-10-24 19:09:30,268 - INFO - the market order has been placed and response is {'stop_price': None, 'bracket_trail_amount': None, 'bracket_take_profit_price': None, 'reduce_only': False, 'product_id': 3136, 'cancellation_reason': None, 'state': 'closed', 'id': 1006079722, 'paid_commission': '0.02328701', 'limit_price': '3752', 'product_symbol': 'ETHUSD', 'bracket_stop_loss_price': None, 'close_on_trigger': 'false', 'stop_order_type': None, 'bracket_stop_loss_limit_price': None, 'average_fill_price': '3946.95', 'trail_amount': None, 'quote_size': None, 'client_order_id': None, 'meta_data': {'cashflow': '0', 'ip': '122.187.117.179', 'otc': False, 'pnl': '0', 'source': 'api'}, 'side': 'sell', 'bracket_order': None, 'stop_trigger_method': None, 'bracket_take_profit_limit_price': None, 'time_in_force': 'gtc', 'updated_at': '2025-10-24T13:39:30.299804Z', 'size': 1, 'unfilled_size': 0, 'order_type': 'market_order', 'user_id': 77410030, 'mmp': 'disabled', 'created_at': '2025-10-24T13:39:29.186588Z', 'commission': '0'}
2025-10-24 19:09:30,463 - INFO - since a new trade is being opened the fake trade flag is 1
2025-10-24 19:09:30,464 - INFO - placing order at sl: 3951.5 , tp: 3933.16
2025-10-24 19:09:31,235 - INFO - bracket order response is {'result': {'stop_loss_order': {'bracket_order': True, 'updated_at': '2025-10-24T13:39:31.296600Z', 'close_on_trigger': 'false', 'side': 'buy', 'product_id': 3136, 'unfilled_size': 1, 'state': 'pending', 'cancellation_reason': None, 'quote_size': None, 'id': 1006079842, 'average_fill_price': None, 'mmp': 'disabled', 'product_symbol': 'ETHUSD', 'stop_price': '3951.5', 'user_id': 77410030, 'paid_commission': '0', 'stop_order_type': 'stop_loss_order', 'trail_amount': None, 'bracket_take_profit_limit_price': None, 'bracket_stop_loss_price': None, 'client_order_id': None, 'time_in_force': 'gtc', 'reduce_only': True, 'stop_trigger_method': 'last_traded_price', 'bracket_take_profit_price': None, 'meta_data': {'ip': '122.187.117.179', 'source': 'api'}, 'limit_price': '3952.5', 'bracket_stop_loss_limit_price': None, 'size': 1, 'commission': '0', 'created_at': '2025-10-24T13:39:31.296600Z', 'order_type': 'limit_order', 'bracket_trail_amount': None}, 'take_profit_order': {'bracket_order': True, 'updated_at': '2025-10-24T13:39:31.297162Z', 'close_on_trigger': 'false', 'side': 'buy', 'product_id': 3136, 'unfilled_size': 1, 'state': 'pending', 'cancellation_reason': None, 'quote_size': None, 'id': 1006079843, 'average_fill_price': None, 'mmp': 'disabled', 'product_symbol': 'ETHUSD', 'stop_price': '3933.16', 'user_id': 77410030, 'paid_commission': '0', 'stop_order_type': 'take_profit_order', 'trail_amount': None, 'bracket_take_profit_limit_price': None, 'bracket_stop_loss_price': None, 'client_order_id': None, 'time_in_force': 'gtc', 'reduce_only': True, 'stop_trigger_method': 'last_traded_price', 'bracket_take_profit_price': None, 'meta_data': {'ip': '122.187.117.179', 'source': 'api'}, 'limit_price': '3934.16', 'bracket_stop_loss_limit_price': None, 'size': 1, 'commission': '0', 'created_at': '2025-10-24T13:39:31.297162Z', 'order_type': 'limit_order', 'bracket_trail_amount': None}}, 'success': True}
2025-10-24 19:10:01,982 - INFO - fake trade flag is reverted to 0 , fake signal with position status is False
2025-10-24 19:12:38,031 - INFO - we have lost the trade
2025-10-24 19:12:38,032 - INFO - current martingale level is 0 and the current fake loss is 0
2025-10-24 19:12:38,032 - INFO - LOSS detected: type=sl, level=0
2025-10-24 19:12:38,033 - INFO - SL LOSS: Level 1
2025-10-24 19:12:38,033 - INFO - Status: Level=1, Elevated=False, FakeFlag=False, SLCycle=True
2025-10-24 19:12:38,668 - INFO - here we are not going to sleep since the entry and exit time is not same
2025-10-24 21:09:15,286 - INFO - Trading bot stopped by user (KeyboardInterrupt)
2025-10-24 21:09:15,286 - INFO - Final status - Level: 1, Position: 0, Fake Loss: $0.00
