2025-10-14 12:20:39,876 - INFO - The trading bot has started with initial capital 550 and initial leverage 10 and symbol ETHUSD and interval 1m with tp percent 0.3 and sl points 6.5 current fake loss amount is 0 and current martingale level is 0 with fake loss threshold 0.05 on timeframe 1 with heikan-ashi status as 1
2025-10-14 12:23:24,630 - INFO - current_price is 4006.31 before placing the market order
2025-10-14 12:23:25,807 - INFO - the current entry signal is 4
2025-10-14 12:23:25,808 - INFO - the market order has been placed and response is {'updated_at': '2025-10-14T06:53:25.303075Z', 'unfilled_size': 0, 'product_id': 3136, 'client_order_id': None, 'bracket_take_profit_limit_price': None, 'state': 'closed', 'id': 990863276, 'paid_commission': '0.02362832', 'meta_data': {'cashflow': '0', 'ip': '122.187.117.179', 'otc': False, 'pnl': '0', 'source': 'api'}, 'product_symbol': 'ETHUSD', 'stop_order_type': None, 'side': 'buy', 'stop_trigger_method': None, 'stop_price': None, 'bracket_stop_loss_price': None, 'commission': '0', 'average_fill_price': '4004.8', 'cancellation_reason': None, 'user_id': 45346787, 'bracket_order': None, 'bracket_stop_loss_limit_price': None, 'mmp': 'disabled', 'trail_amount': None, 'order_type': 'market_order', 'bracket_trail_amount': None, 'reduce_only': False, 'size': 1, 'limit_price': '4197.85', 'close_on_trigger': 'false', 'bracket_take_profit_price': None, 'created_at': '2025-10-14T06:53:25.185331Z', 'time_in_force': 'gtc', 'quote_size': None}
2025-10-14 12:23:26,053 - INFO - since a new trade is being opened the fake trade flag is 1
2025-10-14 12:23:26,054 - INFO - placing order at sl: 3999.5 , tp: 4018.02
2025-10-14 12:23:26,894 - INFO - bracket order response is {'result': {'stop_loss_order': {'reduce_only': True, 'unfilled_size': 1, 'close_on_trigger': 'false', 'stop_price': '3999.5', 'order_type': 'limit_order', 'bracket_stop_loss_price': None, 'mmp': 'disabled', 'state': 'pending', 'id': 990863356, 'cancellation_reason': None, 'time_in_force': 'gtc', 'paid_commission': '0', 'meta_data': {'ip': '122.187.117.179', 'source': 'api'}, 'product_id': 3136, 'bracket_take_profit_limit_price': None, 'bracket_stop_loss_limit_price': None, 'limit_price': '3998.5', 'bracket_take_profit_price': None, 'stop_order_type': 'stop_loss_order', 'stop_trigger_method': 'last_traded_price', 'side': 'sell', 'average_fill_price': None, 'client_order_id': None, 'created_at': '2025-10-14T06:53:26.496982Z', 'trail_amount': None, 'updated_at': '2025-10-14T06:53:26.496982Z', 'bracket_trail_amount': None, 'quote_size': None, 'size': 1, 'commission': '0', 'product_symbol': 'ETHUSD', 'user_id': 45346787, 'bracket_order': True}, 'take_profit_order': {'reduce_only': True, 'unfilled_size': 1, 'close_on_trigger': 'false', 'stop_price': '4018.02', 'order_type': 'limit_order', 'bracket_stop_loss_price': None, 'mmp': 'disabled', 'state': 'pending', 'id': 990863357, 'cancellation_reason': None, 'time_in_force': 'gtc', 'paid_commission': '0', 'meta_data': {'ip': '122.187.117.179', 'source': 'api'}, 'product_id': 3136, 'bracket_take_profit_limit_price': None, 'bracket_stop_loss_limit_price': None, 'limit_price': '4017.02', 'bracket_take_profit_price': None, 'stop_order_type': 'take_profit_order', 'stop_trigger_method': 'last_traded_price', 'side': 'sell', 'average_fill_price': None, 'client_order_id': None, 'created_at': '2025-10-14T06:53:26.497511Z', 'trail_amount': None, 'updated_at': '2025-10-14T06:53:26.497511Z', 'bracket_trail_amount': None, 'quote_size': None, 'size': 1, 'commission': '0', 'product_symbol': 'ETHUSD', 'user_id': 45346787, 'bracket_order': True}}, 'success': True}
2025-10-14 12:24:03,485 - INFO - fake trade flag is reverted to 0 , fake signal with position status is False
2025-10-14 12:28:05,174 - INFO - we have lost the trade
2025-10-14 12:28:05,175 - INFO - current martingale level is 0 and the current fake loss is 0
2025-10-14 12:28:05,175 - INFO - LOSS detected: type=sl, level=0
2025-10-14 12:28:05,176 - INFO - LOSS (sl): Level 1
2025-10-14 12:28:05,176 - INFO - Status: Level=1, Elevated=False, Pending=False, DoubleTrigger=False
2025-10-14 12:28:05,494 - INFO - here we are not going to sleep since the entry and exit time is not same
2025-10-14 13:07:58,518 - INFO - current_price is 3988.34 before placing the market order
2025-10-14 13:07:59,731 - INFO - the current entry signal is -2
2025-10-14 13:07:59,732 - INFO - the market order has been placed and response is {'updated_at': '2025-10-14T07:37:59.262876Z', 'unfilled_size': 0, 'product_id': 3136, 'client_order_id': None, 'bracket_take_profit_limit_price': None, 'state': 'closed', 'id': 990921582, 'paid_commission': '0.04706076', 'meta_data': {'cashflow': '0', 'ip': '122.187.117.179', 'otc': False, 'pnl': '0', 'source': 'api'}, 'product_symbol': 'ETHUSD', 'stop_order_type': None, 'side': 'sell', 'stop_trigger_method': None, 'stop_price': None, 'bracket_stop_loss_price': None, 'commission': '0', 'average_fill_price': '3988.2', 'cancellation_reason': None, 'user_id': 45346787, 'bracket_order': None, 'bracket_stop_loss_limit_price': None, 'mmp': 'disabled', 'trail_amount': None, 'order_type': 'market_order', 'bracket_trail_amount': None, 'reduce_only': False, 'size': 2, 'limit_price': '3797.8', 'close_on_trigger': 'false', 'bracket_take_profit_price': None, 'created_at': '2025-10-14T07:37:59.125011Z', 'time_in_force': 'gtc', 'quote_size': None}
2025-10-14 13:07:59,948 - INFO - since a new trade is being opened the fake trade flag is 1
2025-10-14 13:07:59,949 - INFO - placing order at sl: 3994.5 , tp: 3976.04
2025-10-14 13:08:00,796 - INFO - bracket order response is {'result': {'stop_loss_order': {'updated_at': '2025-10-14T07:38:00.422185Z', 'unfilled_size': 2, 'product_id': 3136, 'client_order_id': None, 'bracket_take_profit_limit_price': None, 'state': 'pending', 'id': 990921674, 'paid_commission': '0', 'meta_data': {'ip': '122.187.117.179', 'source': 'api'}, 'product_symbol': 'ETHUSD', 'stop_order_type': 'stop_loss_order', 'side': 'buy', 'stop_trigger_method': 'last_traded_price', 'stop_price': '3994.5', 'bracket_stop_loss_price': None, 'commission': '0', 'average_fill_price': None, 'cancellation_reason': None, 'user_id': 45346787, 'bracket_order': True, 'bracket_stop_loss_limit_price': None, 'mmp': 'disabled', 'trail_amount': None, 'order_type': 'limit_order', 'bracket_trail_amount': None, 'reduce_only': True, 'size': 2, 'limit_price': '3995.5', 'close_on_trigger': 'false', 'bracket_take_profit_price': None, 'created_at': '2025-10-14T07:38:00.422185Z', 'time_in_force': 'gtc', 'quote_size': None}, 'take_profit_order': {'updated_at': '2025-10-14T07:38:00.424365Z', 'unfilled_size': 2, 'product_id': 3136, 'client_order_id': None, 'bracket_take_profit_limit_price': None, 'state': 'pending', 'id': 990921676, 'paid_commission': '0', 'meta_data': {'ip': '122.187.117.179', 'source': 'api'}, 'product_symbol': 'ETHUSD', 'stop_order_type': 'take_profit_order', 'side': 'buy', 'stop_trigger_method': 'last_traded_price', 'stop_price': '3976.04', 'bracket_stop_loss_price': None, 'commission': '0', 'average_fill_price': None, 'cancellation_reason': None, 'user_id': 45346787, 'bracket_order': True, 'bracket_stop_loss_limit_price': None, 'mmp': 'disabled', 'trail_amount': None, 'order_type': 'limit_order', 'bracket_trail_amount': None, 'reduce_only': True, 'size': 2, 'limit_price': '3977.04', 'close_on_trigger': 'false', 'bracket_take_profit_price': None, 'created_at': '2025-10-14T07:38:00.424365Z', 'time_in_force': 'gtc', 'quote_size': None}}, 'success': True}
2025-10-14 13:08:02,853 - INFO - fake trade flag is reverted to 0 , fake signal with position status is False
2025-10-14 13:08:05,996 - INFO - we have won the trade
2025-10-14 13:08:05,996 - INFO - Martingale complete, back to base
2025-10-14 13:08:05,997 - INFO - WIN: Reset to L0
2025-10-14 13:08:05,997 - INFO - Status: Level=0, Elevated=False, Pending=False, DoubleTrigger=False
2025-10-14 13:08:05,997 - INFO - current martingale level is 0 and the current fake loss is 0
2025-10-14 13:08:06,318 - INFO - here we are not going to sleep since the entry and exit time is not same
2025-10-14 13:39:03,525 - INFO - current_price is 3982.44 before placing the market order
2025-10-14 13:39:04,517 - INFO - the current entry signal is 2
2025-10-14 13:39:04,517 - INFO - the market order has been placed and response is {'updated_at': '2025-10-14T08:09:04.031591Z', 'unfilled_size': 0, 'product_id': 3136, 'client_order_id': None, 'bracket_take_profit_limit_price': None, 'state': 'closed', 'id': 990964968, 'paid_commission': '0.02349233', 'meta_data': {'cashflow': '0', 'ip': '122.187.117.179', 'otc': False, 'pnl': '0', 'source': 'api'}, 'product_symbol': 'ETHUSD', 'stop_order_type': None, 'side': 'buy', 'stop_trigger_method': None, 'stop_price': None, 'bracket_stop_loss_price': None, 'commission': '0', 'average_fill_price': '3981.75', 'cancellation_reason': None, 'user_id': 45346787, 'bracket_order': None, 'bracket_stop_loss_limit_price': None, 'mmp': 'disabled', 'trail_amount': None, 'order_type': 'market_order', 'bracket_trail_amount': None, 'reduce_only': False, 'size': 1, 'limit_price': '4177.85', 'close_on_trigger': 'false', 'bracket_take_profit_price': None, 'created_at': '2025-10-14T08:09:03.923767Z', 'time_in_force': 'gtc', 'quote_size': None}
2025-10-14 13:39:04,701 - INFO - since a new trade is being opened the fake trade flag is 1
2025-10-14 13:39:04,701 - INFO - placing order at sl: 3974.5 , tp: 3992.94
2025-10-14 13:39:05,342 - INFO - bracket order response is {'result': {'stop_loss_order': {'reduce_only': True, 'unfilled_size': 1, 'close_on_trigger': 'false', 'stop_price': '3974.5', 'order_type': 'limit_order', 'bracket_stop_loss_price': None, 'mmp': 'disabled', 'state': 'pending', 'id': 990965009, 'cancellation_reason': None, 'time_in_force': 'gtc', 'paid_commission': '0', 'meta_data': {'ip': '122.187.117.179', 'source': 'api'}, 'product_id': 3136, 'bracket_take_profit_limit_price': None, 'bracket_stop_loss_limit_price': None, 'limit_price': '3973.5', 'bracket_take_profit_price': None, 'stop_order_type': 'stop_loss_order', 'stop_trigger_method': 'last_traded_price', 'side': 'sell', 'average_fill_price': None, 'client_order_id': None, 'created_at': '2025-10-14T08:09:04.986960Z', 'trail_amount': None, 'updated_at': '2025-10-14T08:09:04.986960Z', 'bracket_trail_amount': None, 'quote_size': None, 'size': 1, 'commission': '0', 'product_symbol': 'ETHUSD', 'user_id': 45346787, 'bracket_order': True}, 'take_profit_order': {'reduce_only': True, 'unfilled_size': 1, 'close_on_trigger': 'false', 'stop_price': '3992.94', 'order_type': 'limit_order', 'bracket_stop_loss_price': None, 'mmp': 'disabled', 'state': 'pending', 'id': 990965010, 'cancellation_reason': None, 'time_in_force': 'gtc', 'paid_commission': '0', 'meta_data': {'ip': '122.187.117.179', 'source': 'api'}, 'product_id': 3136, 'bracket_take_profit_limit_price': None, 'bracket_stop_loss_limit_price': None, 'limit_price': '3991.94', 'bracket_take_profit_price': None, 'stop_order_type': 'take_profit_order', 'stop_trigger_method': 'last_traded_price', 'side': 'sell', 'average_fill_price': None, 'client_order_id': None, 'created_at': '2025-10-14T08:09:04.987623Z', 'trail_amount': None, 'updated_at': '2025-10-14T08:09:04.987623Z', 'bracket_trail_amount': None, 'quote_size': None, 'size': 1, 'commission': '0', 'product_symbol': 'ETHUSD', 'user_id': 45346787, 'bracket_order': True}}, 'success': True}
2025-10-14 13:40:01,466 - INFO - fake signal is detected trade taken at 1760429340000 with original signal 2 and the second last signal time is 2025-10-14 08:09:00
2025-10-14 13:40:01,467 - INFO - last signal is 0 , second last signal is 0
2025-10-14 13:40:01,529 - INFO - this is a fake order so the market order will be placed to close it , the current price is 3970.71
2025-10-14 13:40:01,918 - INFO - the sl / tp was hitted before the execution so no closing market order , sl status : closed , tp status : cancelled
2025-10-14 13:40:02,105 - INFO - Fake Loss amount is $0.10144631000000004
2025-10-14 13:40:02,106 - INFO - LOSS detected: type=fake, level=0
2025-10-14 13:40:02,107 - INFO - LOSS (fake): Level 1
2025-10-14 13:40:02,107 - INFO - Status: Level=1, Elevated=False, Pending=False, DoubleTrigger=False
2025-10-14 13:40:02,108 - INFO - the current martingale level is 1
2025-10-14 13:40:02,109 - INFO - here we are not going to sleep since the entry and exit time is not same
2025-10-14 13:40:02,609 - INFO - fake trade flag is reverted to 0 , fake signal with position status is True
2025-10-14 13:40:03,447 - INFO - we have lost the trade
2025-10-14 13:40:03,448 - INFO - current martingale level is 1 and the current fake loss is 0
2025-10-14 13:40:03,448 - INFO - LOSS detected: type=sl, level=1
2025-10-14 13:40:03,449 - INFO - Double trigger detected
2025-10-14 13:40:03,449 - INFO - DOUBLE TRIGGER handled with NO additional level bump; post-cycle elevation queued
2025-10-14 13:40:03,700 - INFO - here we are not going to sleep since the entry and exit time is not same
2025-10-14 13:41:03,786 - INFO - current_price is 3978.64 before placing the market order
2025-10-14 13:41:04,804 - INFO - the current entry signal is 2
2025-10-14 13:41:04,804 - INFO - the market order has been placed and response is {'updated_at': '2025-10-14T08:11:04.313805Z', 'unfilled_size': 0, 'product_id': 3136, 'client_order_id': None, 'bracket_take_profit_limit_price': None, 'state': 'closed', 'id': 990967570, 'paid_commission': '0.04692919', 'meta_data': {'cashflow': '0', 'ip': '122.187.117.179', 'otc': False, 'pnl': '0', 'source': 'api'}, 'product_symbol': 'ETHUSD', 'stop_order_type': None, 'side': 'buy', 'stop_trigger_method': None, 'stop_price': None, 'bracket_stop_loss_price': None, 'commission': '0', 'average_fill_price': '3977.05', 'cancellation_reason': None, 'user_id': 45346787, 'bracket_order': None, 'bracket_stop_loss_limit_price': None, 'mmp': 'disabled', 'trail_amount': None, 'order_type': 'market_order', 'bracket_trail_amount': None, 'reduce_only': False, 'size': 2, 'limit_price': '4176.1', 'close_on_trigger': 'false', 'bracket_take_profit_price': None, 'created_at': '2025-10-14T08:11:04.203875Z', 'time_in_force': 'gtc', 'quote_size': None}
2025-10-14 13:41:04,996 - INFO - since a new trade is being opened the fake trade flag is 1
2025-10-14 13:41:04,997 - INFO - placing order at sl: 3971.5 , tp: 3989.93
2025-10-14 13:41:05,641 - INFO - bracket order response is {'result': {'stop_loss_order': {'bracket_order': True, 'updated_at': '2025-10-14T08:11:05.286980Z', 'close_on_trigger': 'false', 'side': 'sell', 'product_id': 3136, 'unfilled_size': 2, 'state': 'pending', 'cancellation_reason': None, 'quote_size': None, 'id': 990967597, 'average_fill_price': None, 'mmp': 'disabled', 'product_symbol': 'ETHUSD', 'stop_price': '3971.5', 'user_id': 45346787, 'paid_commission': '0', 'stop_order_type': 'stop_loss_order', 'trail_amount': None, 'bracket_take_profit_limit_price': None, 'bracket_stop_loss_price': None, 'client_order_id': None, 'time_in_force': 'gtc', 'reduce_only': True, 'stop_trigger_method': 'last_traded_price', 'bracket_take_profit_price': None, 'meta_data': {'ip': '122.187.117.179', 'source': 'api'}, 'limit_price': '3970.5', 'bracket_stop_loss_limit_price': None, 'size': 2, 'commission': '0', 'created_at': '2025-10-14T08:11:05.286980Z', 'order_type': 'limit_order', 'bracket_trail_amount': None}, 'take_profit_order': {'bracket_order': True, 'updated_at': '2025-10-14T08:11:05.287557Z', 'close_on_trigger': 'false', 'side': 'sell', 'product_id': 3136, 'unfilled_size': 2, 'state': 'pending', 'cancellation_reason': None, 'quote_size': None, 'id': 990967598, 'average_fill_price': None, 'mmp': 'disabled', 'product_symbol': 'ETHUSD', 'stop_price': '3989.93', 'user_id': 45346787, 'paid_commission': '0', 'stop_order_type': 'take_profit_order', 'trail_amount': None, 'bracket_take_profit_limit_price': None, 'bracket_stop_loss_price': None, 'client_order_id': None, 'time_in_force': 'gtc', 'reduce_only': True, 'stop_trigger_method': 'last_traded_price', 'bracket_take_profit_price': None, 'meta_data': {'ip': '122.187.117.179', 'source': 'api'}, 'limit_price': '3988.93', 'bracket_stop_loss_limit_price': None, 'size': 2, 'commission': '0', 'created_at': '2025-10-14T08:11:05.287557Z', 'order_type': 'limit_order', 'bracket_trail_amount': None}}, 'success': True}
2025-10-14 13:42:02,067 - INFO - fake trade flag is reverted to 0 , fake signal with position status is False
2025-10-14 13:43:22,101 - INFO - we have won the trade
2025-10-14 13:43:22,101 - INFO - Martingale with double trigger! Next at 20x
2025-10-14 13:43:22,102 - INFO - WIN: Reset to L0
2025-10-14 13:43:22,102 - INFO - Status: Level=0, Elevated=True, Pending=False, DoubleTrigger=False
2025-10-14 13:43:22,102 - INFO - current martingale level is 0 and the current fake loss is 0
2025-10-14 13:43:22,314 - INFO - here we are not going to sleep since the entry and exit time is not same
2025-10-14 13:50:02,711 - INFO - current_price is 3969.22 before placing the market order
2025-10-14 13:50:03,895 - INFO - the current entry signal is -2
2025-10-14 13:50:03,896 - INFO - the market order has been placed and response is {'updated_at': '2025-10-14T08:20:03.413111Z', 'unfilled_size': 0, 'product_id': 3136, 'client_order_id': None, 'bracket_take_profit_limit_price': None, 'state': 'closed', 'id': 990978636, 'paid_commission': '0.04684423', 'meta_data': {'cashflow': '0', 'ip': '122.187.117.179', 'otc': False, 'pnl': '0', 'source': 'api'}, 'product_symbol': 'ETHUSD', 'stop_order_type': None, 'side': 'sell', 'stop_trigger_method': None, 'stop_price': None, 'bracket_stop_loss_price': None, 'commission': '0', 'average_fill_price': '3969.85', 'cancellation_reason': None, 'user_id': 45346787, 'bracket_order': None, 'bracket_stop_loss_limit_price': None, 'mmp': 'disabled', 'trail_amount': None, 'order_type': 'market_order', 'bracket_trail_amount': None, 'reduce_only': False, 'size': 2, 'limit_price': '3770.2', 'close_on_trigger': 'false', 'bracket_take_profit_price': None, 'created_at': '2025-10-14T08:20:03.303345Z', 'time_in_force': 'gtc', 'quote_size': None}
2025-10-14 13:50:04,126 - INFO - since a new trade is being opened the fake trade flag is 1
2025-10-14 13:50:04,126 - INFO - placing order at sl: 3975.5 , tp: 3957.09
2025-10-14 13:50:04,981 - INFO - bracket order response is {'result': {'stop_loss_order': {'reduce_only': True, 'unfilled_size': 2, 'close_on_trigger': 'false', 'stop_price': '3975.5', 'order_type': 'limit_order', 'bracket_stop_loss_price': None, 'mmp': 'disabled', 'state': 'pending', 'id': 990978657, 'cancellation_reason': None, 'time_in_force': 'gtc', 'paid_commission': '0', 'meta_data': {'ip': '122.187.117.179', 'source': 'api'}, 'product_id': 3136, 'bracket_take_profit_limit_price': None, 'bracket_stop_loss_limit_price': None, 'limit_price': '3976.5', 'bracket_take_profit_price': None, 'stop_order_type': 'stop_loss_order', 'stop_trigger_method': 'last_traded_price', 'side': 'buy', 'average_fill_price': None, 'client_order_id': None, 'created_at': '2025-10-14T08:20:04.631872Z', 'trail_amount': None, 'updated_at': '2025-10-14T08:20:04.631872Z', 'bracket_trail_amount': None, 'quote_size': None, 'size': 2, 'commission': '0', 'product_symbol': 'ETHUSD', 'user_id': 45346787, 'bracket_order': True}, 'take_profit_order': {'reduce_only': True, 'unfilled_size': 2, 'close_on_trigger': 'false', 'stop_price': '3957.09', 'order_type': 'limit_order', 'bracket_stop_loss_price': None, 'mmp': 'disabled', 'state': 'pending', 'id': 990978658, 'cancellation_reason': None, 'time_in_force': 'gtc', 'paid_commission': '0', 'meta_data': {'ip': '122.187.117.179', 'source': 'api'}, 'product_id': 3136, 'bracket_take_profit_limit_price': None, 'bracket_stop_loss_limit_price': None, 'limit_price': '3958.09', 'bracket_take_profit_price': None, 'stop_order_type': 'take_profit_order', 'stop_trigger_method': 'last_traded_price', 'side': 'buy', 'average_fill_price': None, 'client_order_id': None, 'created_at': '2025-10-14T08:20:04.632570Z', 'trail_amount': None, 'updated_at': '2025-10-14T08:20:04.632570Z', 'bracket_trail_amount': None, 'quote_size': None, 'size': 2, 'commission': '0', 'product_symbol': 'ETHUSD', 'user_id': 45346787, 'bracket_order': True}}, 'success': True}
2025-10-14 13:51:02,599 - INFO - fake signal is detected trade taken at 1760430000000 with original signal -2 and the second last signal time is 2025-10-14 08:20:00
2025-10-14 13:51:02,599 - INFO - last signal is 0 , second last signal is 0
2025-10-14 13:51:02,658 - INFO - this is a fake order so the market order will be placed to close it , the current price is 3972.9
2025-10-14 13:51:03,035 - INFO - the sl / tp was not hit so we are closing market order , sl status : pending , tp status : pending
2025-10-14 13:51:04,901 - INFO - Fake Loss amount is $0.08186488000000036
2025-10-14 13:51:04,902 - INFO - LOSS detected: type=fake, level=0
2025-10-14 13:51:04,902 - INFO - LOSS (fake): Level 1
2025-10-14 13:51:04,903 - INFO - Status: Level=1, Elevated=True, Pending=False, DoubleTrigger=False
2025-10-14 13:51:04,903 - INFO - the current martingale level is 1
2025-10-14 13:51:04,904 - INFO - here we are going to sleep for 60 since the entry and exit time is the same
2025-10-14 13:52:04,904 - INFO - fake trade flag is reverted to 0 , fake signal with position status is True
2025-10-14 14:14:23,948 - INFO - Trading bot stopped by user (KeyboardInterrupt)
2025-10-14 14:14:23,949 - INFO - Final status - Level: 1, Position: 0, Fake Loss: $0.00
