2025-10-08 18:56:22,995 - INFO - The trading bot has started with initial capital 600 and initial leverage 10 and symbol ETHUSD and interval 1m with tp percent 0.45 and sl points 10 current fake loss amount is 0 and current martingale level is 0 with fake loss threshold 0.05
2025-10-08 19:02:03,305 - INFO - current_price is 4469.25 before placing the market order
2025-10-08 19:02:04,658 - INFO - the market order has been placed and response is {'bracket_order': None, 'bracket_take_profit_price': None, 'reduce_only': False, 'updated_at': '2025-10-08T13:32:04.794478Z', 'mmp': 'disabled', 'side': 'sell', 'product_id': 3136, 'order_type': 'market_order', 'time_in_force': 'gtc', 'state': 'closed', 'cancellation_reason': None, 'id': 981500324, 'stop_price': None, 'product_symbol': 'ETHUSD', 'client_order_id': None, 'bracket_trail_amount': None, 'trail_amount': None, 'unfilled_size': 0, 'bracket_stop_loss_price': None, 'close_on_trigger': 'false', 'meta_data': {'cashflow': '0', 'ip': '122.187.117.179', 'otc': False, 'pnl': '0', 'source': 'api'}, 'stop_order_type': None, 'average_fill_price': '4471.2', 'user_id': 77410030, 'stop_trigger_method': None, 'created_at': '2025-10-08T13:32:04.702732Z', 'bracket_take_profit_limit_price': None, 'limit_price': '4246.55', 'quote_size': None, 'size': 1, 'bracket_stop_loss_limit_price': None, 'commission': '0', 'paid_commission': '0.02638008'}
2025-10-08 19:02:04,874 - INFO - since a new trade is being opened the fake trade flag is 1
2025-10-08 19:02:04,875 - INFO - placing order at sl: 4478.0 , tp: 4448.89
2025-10-08 19:02:05,539 - INFO - bracket order response is {'result': {'stop_loss_order': {'stop_order_type': 'stop_loss_order', 'close_on_trigger': 'false', 'cancellation_reason': None, 'bracket_take_profit_price': None, 'product_id': 3136, 'order_type': 'limit_order', 'paid_commission': '0', 'mmp': 'disabled', 'client_order_id': None, 'user_id': 77410030, 'state': 'pending', 'id': 981500356, 'average_fill_price': None, 'time_in_force': 'gtc', 'reduce_only': True, 'product_symbol': 'ETHUSD', 'stop_trigger_method': 'last_traded_price', 'bracket_stop_loss_limit_price': None, 'limit_price': '4479', 'bracket_trail_amount': None, 'commission': '0', 'trail_amount': None, 'quote_size': None, 'side': 'buy', 'bracket_stop_loss_price': None, 'bracket_take_profit_limit_price': None, 'created_at': '2025-10-08T13:32:05.821593Z', 'meta_data': {'ip': '122.187.117.179', 'source': 'api'}, 'size': 1, 'unfilled_size': 1, 'updated_at': '2025-10-08T13:32:05.821593Z', 'bracket_order': True, 'stop_price': '4478'}, 'take_profit_order': {'stop_order_type': 'take_profit_order', 'close_on_trigger': 'false', 'cancellation_reason': None, 'bracket_take_profit_price': None, 'product_id': 3136, 'order_type': 'limit_order', 'paid_commission': '0', 'mmp': 'disabled', 'client_order_id': None, 'user_id': 77410030, 'state': 'pending', 'id': 981500357, 'average_fill_price': None, 'time_in_force': 'gtc', 'reduce_only': True, 'product_symbol': 'ETHUSD', 'stop_trigger_method': 'last_traded_price', 'bracket_stop_loss_limit_price': None, 'limit_price': '4449.89', 'bracket_trail_amount': None, 'commission': '0', 'trail_amount': None, 'quote_size': None, 'side': 'buy', 'bracket_stop_loss_price': None, 'bracket_take_profit_limit_price': None, 'created_at': '2025-10-08T13:32:05.822188Z', 'meta_data': {'ip': '122.187.117.179', 'source': 'api'}, 'size': 1, 'unfilled_size': 1, 'updated_at': '2025-10-08T13:32:05.822188Z', 'bracket_order': True, 'stop_price': '4448.89'}}, 'success': True}
2025-10-08 19:03:02,132 - INFO - fake signal is detected trade taken at 1759930320000 with original signal -2 and the second last signal time is 2025-10-08 13:32:00
2025-10-08 19:03:02,132 - INFO - last signal is 0 , second last signal is 0
2025-10-08 19:03:02,206 - INFO - this is a fake order so the market order will be placed to close it , the current price is 4474.48
2025-10-08 19:03:02,628 - INFO - the sl / tp was hitted before the execution so no closing market order , sl status : closed , tp status : cancelled
2025-10-08 19:03:02,838 - INFO - Fake Loss amount is $0.07200000000000095
2025-10-08 19:03:02,839 - INFO - LOSS detected: type=fake, current_level=0
2025-10-08 19:03:02,840 - INFO - LOSS (fake): Level 1, leverage: 20x
2025-10-08 19:03:02,841 - INFO - Current leverage level: 1, Start elevated: False
2025-10-08 19:03:02,843 - INFO - the current martingale level is 1
2025-10-08 19:03:02,844 - INFO - here we are not going to sleep since the entry and exit time is not same
2025-10-08 19:03:03,351 - INFO - fake trade flag is reverted to 0 , fake signal with position status is True
2025-10-08 19:03:04,942 - INFO - we have lost the trade
2025-10-08 19:03:04,942 - INFO - current martingale level is 1 and the current fake loss is 0
2025-10-08 19:03:04,943 - INFO - LOSS detected: type=sl, current_level=1
2025-10-08 19:03:04,944 - INFO - Double trigger: fake at 1759930382.839881, sl at 1759930384.943497
2025-10-08 19:03:04,944 - INFO - Double trigger: Deferring second increment to next trade
2025-10-08 19:03:05,698 - INFO - here we are not going to sleep since the entry and exit time is not same
2025-10-08 19:05:33,012 - INFO - current_price is 4466.71 before placing the market order
2025-10-08 19:05:34,150 - INFO - the market order has been placed and response is {'bracket_order': None, 'bracket_take_profit_price': None, 'reduce_only': False, 'updated_at': '2025-10-08T13:35:34.283897Z', 'mmp': 'disabled', 'side': 'sell', 'product_id': 3136, 'order_type': 'market_order', 'time_in_force': 'gtc', 'state': 'closed', 'cancellation_reason': None, 'id': 981504700, 'stop_price': None, 'product_symbol': 'ETHUSD', 'client_order_id': None, 'bracket_trail_amount': None, 'trail_amount': None, 'unfilled_size': 0, 'bracket_stop_loss_price': None, 'close_on_trigger': 'false', 'meta_data': {'cashflow': '0', 'ip': '122.187.117.179', 'otc': False, 'pnl': '0', 'source': 'api'}, 'stop_order_type': None, 'average_fill_price': '4467.65', 'user_id': 77410030, 'stop_trigger_method': None, 'created_at': '2025-10-08T13:35:34.212202Z', 'bracket_take_profit_limit_price': None, 'limit_price': '4245.45', 'quote_size': None, 'size': 2, 'bracket_stop_loss_limit_price': None, 'commission': '0', 'paid_commission': '0.05271827'}
2025-10-08 19:05:34,350 - INFO - since a new trade is being opened the fake trade flag is 1
2025-10-08 19:05:34,351 - INFO - placing order at sl: 4476.0 , tp: 4445.9
2025-10-08 19:05:35,011 - INFO - bracket order response is {'result': {'stop_loss_order': {'stop_order_type': 'stop_loss_order', 'close_on_trigger': 'false', 'cancellation_reason': None, 'bracket_take_profit_price': None, 'product_id': 3136, 'order_type': 'limit_order', 'paid_commission': '0', 'mmp': 'disabled', 'client_order_id': None, 'user_id': 77410030, 'state': 'pending', 'id': 981504755, 'average_fill_price': None, 'time_in_force': 'gtc', 'reduce_only': True, 'product_symbol': 'ETHUSD', 'stop_trigger_method': 'last_traded_price', 'bracket_stop_loss_limit_price': None, 'limit_price': '4477', 'bracket_trail_amount': None, 'commission': '0', 'trail_amount': None, 'quote_size': None, 'side': 'buy', 'bracket_stop_loss_price': None, 'bracket_take_profit_limit_price': None, 'created_at': '2025-10-08T13:35:35.297550Z', 'meta_data': {'ip': '122.187.117.179', 'source': 'api'}, 'size': 2, 'unfilled_size': 2, 'updated_at': '2025-10-08T13:35:35.297550Z', 'bracket_order': True, 'stop_price': '4476'}, 'take_profit_order': {'stop_order_type': 'take_profit_order', 'close_on_trigger': 'false', 'cancellation_reason': None, 'bracket_take_profit_price': None, 'product_id': 3136, 'order_type': 'limit_order', 'paid_commission': '0', 'mmp': 'disabled', 'client_order_id': None, 'user_id': 77410030, 'state': 'pending', 'id': 981504756, 'average_fill_price': None, 'time_in_force': 'gtc', 'reduce_only': True, 'product_symbol': 'ETHUSD', 'stop_trigger_method': 'last_traded_price', 'bracket_stop_loss_limit_price': None, 'limit_price': '4446.9', 'bracket_trail_amount': None, 'commission': '0', 'trail_amount': None, 'quote_size': None, 'side': 'buy', 'bracket_stop_loss_price': None, 'bracket_take_profit_limit_price': None, 'created_at': '2025-10-08T13:35:35.298075Z', 'meta_data': {'ip': '122.187.117.179', 'source': 'api'}, 'size': 2, 'unfilled_size': 2, 'updated_at': '2025-10-08T13:35:35.298075Z', 'bracket_order': True, 'stop_price': '4445.9'}}, 'success': True}
2025-10-08 19:05:35,552 - INFO - Applied deferred double-trigger increment to level 2
2025-10-08 19:06:02,215 - INFO - fake trade flag is reverted to 0 , fake signal with position status is False
2025-10-08 19:15:31,724 - INFO - we have won the trade
2025-10-08 19:15:31,725 - INFO - Martingale cycle completed! Next trade will start at level 1 (20x)
2025-10-08 19:15:31,726 - INFO - POST-MARTINGALE: Starting at elevated level 1 (20x) instead of base
2025-10-08 19:15:31,726 - INFO - POST-MARTINGALE: Starting at elevated level 1 (20x) instead of base
2025-10-08 19:15:31,726 - INFO - WIN: Reset to level 0, leverage: 20x
2025-10-08 19:15:31,726 - INFO - Current leverage level: 0, Start elevated: True
2025-10-08 19:15:31,726 - INFO - current martingale level is 0 and the current fake loss is 0
2025-10-08 19:15:32,038 - INFO - here we are not going to sleep since the entry and exit time is not same
2025-10-08 19:15:33,038 - INFO - POST-MARTINGALE: Starting at elevated level 1 (20x) instead of base
2025-10-08 19:15:34,803 - INFO - POST-MARTINGALE: Starting at elevated level 1 (20x) instead of base
2025-10-08 19:15:36,364 - INFO - POST-MARTINGALE: Starting at elevated level 1 (20x) instead of base
2025-10-08 19:15:38,057 - INFO - POST-MARTINGALE: Starting at elevated level 1 (20x) instead of base
2025-10-08 19:15:39,662 - INFO - POST-MARTINGALE: Starting at elevated level 1 (20x) instead of base
2025-10-08 19:15:41,250 - INFO - POST-MARTINGALE: Starting at elevated level 1 (20x) instead of base
2025-10-08 19:15:42,742 - INFO - POST-MARTINGALE: Starting at elevated level 1 (20x) instead of base
2025-10-08 19:15:44,252 - INFO - POST-MARTINGALE: Starting at elevated level 1 (20x) instead of base
2025-10-08 19:15:45,822 - INFO - POST-MARTINGALE: Starting at elevated level 1 (20x) instead of base
2025-10-08 19:15:47,323 - INFO - POST-MARTINGALE: Starting at elevated level 1 (20x) instead of base
2025-10-08 19:15:48,907 - INFO - POST-MARTINGALE: Starting at elevated level 1 (20x) instead of base
2025-10-08 19:15:50,462 - INFO - POST-MARTINGALE: Starting at elevated level 1 (20x) instead of base
2025-10-08 19:15:51,956 - INFO - POST-MARTINGALE: Starting at elevated level 1 (20x) instead of base
2025-10-08 19:15:53,587 - INFO - POST-MARTINGALE: Starting at elevated level 1 (20x) instead of base
2025-10-08 19:15:55,125 - INFO - POST-MARTINGALE: Starting at elevated level 1 (20x) instead of base
2025-10-08 19:15:56,652 - INFO - POST-MARTINGALE: Starting at elevated level 1 (20x) instead of base
2025-10-08 19:15:58,271 - INFO - POST-MARTINGALE: Starting at elevated level 1 (20x) instead of base
2025-10-08 19:15:59,780 - INFO - POST-MARTINGALE: Starting at elevated level 1 (20x) instead of base
2025-10-08 19:16:01,280 - INFO - POST-MARTINGALE: Starting at elevated level 1 (20x) instead of base
2025-10-08 19:16:02,796 - INFO - POST-MARTINGALE: Starting at elevated level 1 (20x) instead of base
2025-10-08 19:16:04,460 - INFO - POST-MARTINGALE: Starting at elevated level 1 (20x) instead of base
2025-10-08 19:16:05,982 - INFO - POST-MARTINGALE: Starting at elevated level 1 (20x) instead of base
2025-10-08 19:16:07,608 - INFO - POST-MARTINGALE: Starting at elevated level 1 (20x) instead of base
2025-10-08 19:16:09,096 - INFO - POST-MARTINGALE: Starting at elevated level 1 (20x) instead of base
2025-10-08 19:16:10,630 - INFO - POST-MARTINGALE: Starting at elevated level 1 (20x) instead of base
2025-10-08 19:16:12,208 - INFO - POST-MARTINGALE: Starting at elevated level 1 (20x) instead of base
2025-10-08 19:16:13,703 - INFO - POST-MARTINGALE: Starting at elevated level 1 (20x) instead of base
2025-10-08 19:16:15,270 - INFO - POST-MARTINGALE: Starting at elevated level 1 (20x) instead of base
2025-10-08 19:16:16,770 - INFO - POST-MARTINGALE: Starting at elevated level 1 (20x) instead of base
2025-10-08 19:16:18,370 - INFO - POST-MARTINGALE: Starting at elevated level 1 (20x) instead of base
2025-10-08 19:16:19,878 - INFO - POST-MARTINGALE: Starting at elevated level 1 (20x) instead of base
2025-10-08 19:16:21,372 - INFO - POST-MARTINGALE: Starting at elevated level 1 (20x) instead of base
2025-10-08 19:16:22,890 - INFO - POST-MARTINGALE: Starting at elevated level 1 (20x) instead of base
2025-10-08 19:16:24,394 - INFO - POST-MARTINGALE: Starting at elevated level 1 (20x) instead of base
2025-10-08 19:16:25,915 - INFO - POST-MARTINGALE: Starting at elevated level 1 (20x) instead of base
2025-10-08 19:16:27,535 - INFO - POST-MARTINGALE: Starting at elevated level 1 (20x) instead of base
2025-10-08 19:16:29,052 - INFO - POST-MARTINGALE: Starting at elevated level 1 (20x) instead of base
2025-10-08 19:16:30,554 - INFO - POST-MARTINGALE: Starting at elevated level 1 (20x) instead of base
2025-10-08 19:16:32,247 - INFO - POST-MARTINGALE: Starting at elevated level 1 (20x) instead of base
2025-10-08 19:16:33,804 - INFO - POST-MARTINGALE: Starting at elevated level 1 (20x) instead of base
2025-10-08 19:16:35,366 - INFO - POST-MARTINGALE: Starting at elevated level 1 (20x) instead of base
2025-10-08 19:16:36,844 - INFO - POST-MARTINGALE: Starting at elevated level 1 (20x) instead of base
2025-10-08 19:16:38,344 - INFO - POST-MARTINGALE: Starting at elevated level 1 (20x) instead of base
2025-10-08 19:16:39,837 - INFO - POST-MARTINGALE: Starting at elevated level 1 (20x) instead of base
2025-10-08 19:16:41,344 - INFO - POST-MARTINGALE: Starting at elevated level 1 (20x) instead of base
2025-10-08 19:16:42,857 - INFO - POST-MARTINGALE: Starting at elevated level 1 (20x) instead of base
2025-10-08 19:16:44,567 - INFO - POST-MARTINGALE: Starting at elevated level 1 (20x) instead of base
2025-10-08 19:16:46,082 - INFO - POST-MARTINGALE: Starting at elevated level 1 (20x) instead of base
2025-10-08 19:16:47,608 - INFO - POST-MARTINGALE: Starting at elevated level 1 (20x) instead of base
2025-10-08 19:16:49,111 - INFO - POST-MARTINGALE: Starting at elevated level 1 (20x) instead of base
2025-10-08 19:16:50,710 - INFO - POST-MARTINGALE: Starting at elevated level 1 (20x) instead of base
2025-10-08 19:16:52,324 - INFO - POST-MARTINGALE: Starting at elevated level 1 (20x) instead of base
2025-10-08 19:16:53,821 - INFO - POST-MARTINGALE: Starting at elevated level 1 (20x) instead of base
2025-10-08 19:16:55,357 - INFO - POST-MARTINGALE: Starting at elevated level 1 (20x) instead of base
2025-10-08 19:16:56,867 - INFO - POST-MARTINGALE: Starting at elevated level 1 (20x) instead of base
2025-10-08 19:16:58,352 - INFO - POST-MARTINGALE: Starting at elevated level 1 (20x) instead of base
2025-10-08 19:16:59,943 - INFO - POST-MARTINGALE: Starting at elevated level 1 (20x) instead of base
2025-10-08 19:17:01,449 - INFO - POST-MARTINGALE: Starting at elevated level 1 (20x) instead of base
2025-10-08 19:17:03,122 - INFO - POST-MARTINGALE: Starting at elevated level 1 (20x) instead of base
2025-10-08 19:17:04,615 - INFO - POST-MARTINGALE: Starting at elevated level 1 (20x) instead of base
2025-10-08 19:17:06,128 - INFO - POST-MARTINGALE: Starting at elevated level 1 (20x) instead of base
2025-10-08 19:17:07,667 - INFO - POST-MARTINGALE: Starting at elevated level 1 (20x) instead of base
2025-10-08 19:17:09,372 - INFO - POST-MARTINGALE: Starting at elevated level 1 (20x) instead of base
2025-10-08 19:17:10,901 - INFO - POST-MARTINGALE: Starting at elevated level 1 (20x) instead of base
2025-10-08 19:17:12,394 - INFO - POST-MARTINGALE: Starting at elevated level 1 (20x) instead of base
2025-10-08 19:17:13,916 - INFO - POST-MARTINGALE: Starting at elevated level 1 (20x) instead of base
2025-10-08 19:17:15,493 - INFO - POST-MARTINGALE: Starting at elevated level 1 (20x) instead of base
2025-10-08 19:17:16,999 - INFO - POST-MARTINGALE: Starting at elevated level 1 (20x) instead of base
2025-10-08 19:17:18,548 - INFO - POST-MARTINGALE: Starting at elevated level 1 (20x) instead of base
2025-10-08 19:17:20,042 - INFO - POST-MARTINGALE: Starting at elevated level 1 (20x) instead of base
2025-10-08 19:17:21,646 - INFO - POST-MARTINGALE: Starting at elevated level 1 (20x) instead of base
2025-10-08 19:17:23,216 - INFO - POST-MARTINGALE: Starting at elevated level 1 (20x) instead of base
2025-10-08 19:17:24,794 - INFO - POST-MARTINGALE: Starting at elevated level 1 (20x) instead of base
2025-10-08 19:17:26,313 - INFO - POST-MARTINGALE: Starting at elevated level 1 (20x) instead of base
2025-10-08 19:17:27,815 - INFO - POST-MARTINGALE: Starting at elevated level 1 (20x) instead of base
2025-10-08 19:17:29,333 - INFO - POST-MARTINGALE: Starting at elevated level 1 (20x) instead of base
2025-10-08 19:17:30,860 - INFO - POST-MARTINGALE: Starting at elevated level 1 (20x) instead of base
2025-10-08 19:17:32,357 - INFO - POST-MARTINGALE: Starting at elevated level 1 (20x) instead of base
2025-10-08 19:17:33,856 - INFO - POST-MARTINGALE: Starting at elevated level 1 (20x) instead of base
2025-10-08 19:17:35,400 - INFO - POST-MARTINGALE: Starting at elevated level 1 (20x) instead of base
2025-10-08 19:17:36,928 - INFO - POST-MARTINGALE: Starting at elevated level 1 (20x) instead of base
2025-10-08 19:17:38,552 - INFO - POST-MARTINGALE: Starting at elevated level 1 (20x) instead of base
2025-10-08 19:17:40,088 - INFO - POST-MARTINGALE: Starting at elevated level 1 (20x) instead of base
2025-10-08 19:17:41,577 - INFO - POST-MARTINGALE: Starting at elevated level 1 (20x) instead of base
2025-10-08 19:17:43,102 - INFO - POST-MARTINGALE: Starting at elevated level 1 (20x) instead of base
2025-10-08 19:17:44,592 - INFO - POST-MARTINGALE: Starting at elevated level 1 (20x) instead of base
2025-10-08 19:17:46,081 - INFO - POST-MARTINGALE: Starting at elevated level 1 (20x) instead of base
2025-10-08 19:17:47,621 - INFO - POST-MARTINGALE: Starting at elevated level 1 (20x) instead of base
2025-10-08 19:17:49,373 - INFO - POST-MARTINGALE: Starting at elevated level 1 (20x) instead of base
2025-10-08 19:17:50,976 - INFO - POST-MARTINGALE: Starting at elevated level 1 (20x) instead of base
2025-10-08 19:17:52,587 - INFO - POST-MARTINGALE: Starting at elevated level 1 (20x) instead of base
2025-10-08 19:17:54,075 - INFO - POST-MARTINGALE: Starting at elevated level 1 (20x) instead of base
2025-10-08 19:17:55,588 - INFO - POST-MARTINGALE: Starting at elevated level 1 (20x) instead of base
2025-10-08 19:17:57,285 - INFO - POST-MARTINGALE: Starting at elevated level 1 (20x) instead of base
2025-10-08 19:17:58,884 - INFO - POST-MARTINGALE: Starting at elevated level 1 (20x) instead of base
2025-10-08 19:18:00,421 - INFO - POST-MARTINGALE: Starting at elevated level 1 (20x) instead of base
2025-10-08 19:18:02,098 - INFO - POST-MARTINGALE: Starting at elevated level 1 (20x) instead of base
2025-10-08 19:18:03,608 - INFO - POST-MARTINGALE: Starting at elevated level 1 (20x) instead of base
2025-10-08 19:18:05,110 - INFO - POST-MARTINGALE: Starting at elevated level 1 (20x) instead of base
2025-10-08 19:18:06,634 - INFO - POST-MARTINGALE: Starting at elevated level 1 (20x) instead of base
2025-10-08 19:18:08,152 - INFO - POST-MARTINGALE: Starting at elevated level 1 (20x) instead of base
2025-10-08 19:18:09,654 - INFO - POST-MARTINGALE: Starting at elevated level 1 (20x) instead of base
2025-10-08 19:18:11,164 - INFO - POST-MARTINGALE: Starting at elevated level 1 (20x) instead of base
2025-10-08 19:18:12,767 - INFO - POST-MARTINGALE: Starting at elevated level 1 (20x) instead of base
2025-10-08 19:18:14,279 - INFO - POST-MARTINGALE: Starting at elevated level 1 (20x) instead of base
2025-10-08 19:18:15,893 - INFO - POST-MARTINGALE: Starting at elevated level 1 (20x) instead of base
2025-10-08 19:18:17,429 - INFO - POST-MARTINGALE: Starting at elevated level 1 (20x) instead of base
2025-10-08 19:18:19,139 - INFO - POST-MARTINGALE: Starting at elevated level 1 (20x) instead of base
2025-10-08 19:18:20,808 - INFO - POST-MARTINGALE: Starting at elevated level 1 (20x) instead of base
2025-10-08 19:18:22,374 - INFO - POST-MARTINGALE: Starting at elevated level 1 (20x) instead of base
2025-10-08 19:18:23,897 - INFO - POST-MARTINGALE: Starting at elevated level 1 (20x) instead of base
2025-10-08 19:18:25,449 - INFO - POST-MARTINGALE: Starting at elevated level 1 (20x) instead of base
2025-10-08 19:18:27,127 - INFO - POST-MARTINGALE: Starting at elevated level 1 (20x) instead of base
2025-10-08 19:18:28,912 - INFO - POST-MARTINGALE: Starting at elevated level 1 (20x) instead of base
2025-10-08 19:18:30,478 - INFO - POST-MARTINGALE: Starting at elevated level 1 (20x) instead of base
2025-10-08 19:18:31,982 - INFO - POST-MARTINGALE: Starting at elevated level 1 (20x) instead of base
2025-10-08 19:18:33,594 - INFO - POST-MARTINGALE: Starting at elevated level 1 (20x) instead of base
2025-10-08 19:18:35,168 - INFO - POST-MARTINGALE: Starting at elevated level 1 (20x) instead of base
2025-10-08 19:18:36,700 - INFO - POST-MARTINGALE: Starting at elevated level 1 (20x) instead of base
2025-10-08 19:18:38,309 - INFO - POST-MARTINGALE: Starting at elevated level 1 (20x) instead of base
2025-10-08 19:18:39,820 - INFO - POST-MARTINGALE: Starting at elevated level 1 (20x) instead of base
2025-10-08 19:18:41,399 - INFO - POST-MARTINGALE: Starting at elevated level 1 (20x) instead of base
2025-10-08 19:18:42,926 - INFO - POST-MARTINGALE: Starting at elevated level 1 (20x) instead of base
2025-10-08 19:18:44,574 - INFO - POST-MARTINGALE: Starting at elevated level 1 (20x) instead of base
2025-10-08 19:18:46,089 - INFO - POST-MARTINGALE: Starting at elevated level 1 (20x) instead of base
2025-10-08 19:18:47,681 - INFO - POST-MARTINGALE: Starting at elevated level 1 (20x) instead of base
2025-10-08 19:18:49,340 - INFO - POST-MARTINGALE: Starting at elevated level 1 (20x) instead of base
2025-10-08 19:18:50,953 - INFO - POST-MARTINGALE: Starting at elevated level 1 (20x) instead of base
2025-10-08 19:18:52,445 - INFO - POST-MARTINGALE: Starting at elevated level 1 (20x) instead of base
2025-10-08 19:18:53,961 - INFO - POST-MARTINGALE: Starting at elevated level 1 (20x) instead of base
2025-10-08 19:18:55,517 - INFO - POST-MARTINGALE: Starting at elevated level 1 (20x) instead of base
2025-10-08 19:18:57,054 - INFO - POST-MARTINGALE: Starting at elevated level 1 (20x) instead of base
2025-10-08 19:18:58,681 - INFO - POST-MARTINGALE: Starting at elevated level 1 (20x) instead of base
2025-10-08 19:19:00,260 - INFO - POST-MARTINGALE: Starting at elevated level 1 (20x) instead of base
2025-10-08 19:19:01,805 - INFO - POST-MARTINGALE: Starting at elevated level 1 (20x) instead of base
2025-10-08 19:19:03,338 - INFO - POST-MARTINGALE: Starting at elevated level 1 (20x) instead of base
2025-10-08 19:19:03,971 - INFO - current_price is 4460.88 before placing the market order
2025-10-08 19:19:04,839 - INFO - the market order has been placed and response is {'bracket_order': None, 'bracket_take_profit_price': None, 'reduce_only': False, 'updated_at': '2025-10-08T13:49:05.042167Z', 'mmp': 'disabled', 'side': 'buy', 'product_id': 3136, 'order_type': 'market_order', 'time_in_force': 'gtc', 'state': 'closed', 'cancellation_reason': None, 'id': 981536767, 'stop_price': None, 'product_symbol': 'ETHUSD', 'client_order_id': None, 'bracket_trail_amount': None, 'trail_amount': None, 'unfilled_size': 0, 'bracket_stop_loss_price': None, 'close_on_trigger': 'false', 'meta_data': {'cashflow': '0', 'ip': '122.187.117.179', 'otc': False, 'pnl': '0', 'source': 'api'}, 'stop_order_type': None, 'average_fill_price': '4461.5', 'user_id': 77410030, 'stop_trigger_method': None, 'created_at': '2025-10-08T13:49:04.975990Z', 'bracket_take_profit_limit_price': None, 'limit_price': '4682.25', 'quote_size': None, 'size': 2, 'bracket_stop_loss_limit_price': None, 'commission': '0', 'paid_commission': '0.0526457'}
2025-10-08 19:19:05,024 - INFO - since a new trade is being opened the fake trade flag is 1
2025-10-08 19:19:05,025 - INFO - placing order at sl: 4450.0 , tp: 4480.07
2025-10-08 19:19:05,877 - INFO - bracket order response is {'result': {'stop_loss_order': {'user_id': 77410030, 'meta_data': {'ip': '122.187.117.179', 'source': 'api'}, 'updated_at': '2025-10-08T13:49:06.171116Z', 'product_id': 3136, 'state': 'pending', 'mmp': 'disabled', 'id': 981536823, 'stop_price': '4450', 'bracket_take_profit_limit_price': None, 'product_symbol': 'ETHUSD', 'created_at': '2025-10-08T13:49:06.171116Z', 'client_order_id': None, 'side': 'sell', 'reduce_only': True, 'average_fill_price': None, 'stop_order_type': 'stop_loss_order', 'bracket_stop_loss_limit_price': None, 'close_on_trigger': 'false', 'bracket_take_profit_price': None, 'time_in_force': 'gtc', 'bracket_stop_loss_price': None, 'bracket_trail_amount': None, 'unfilled_size': 2, 'stop_trigger_method': 'last_traded_price', 'size': 2, 'trail_amount': None, 'limit_price': '4449', 'paid_commission': '0', 'order_type': 'limit_order', 'bracket_order': True, 'cancellation_reason': None, 'quote_size': None, 'commission': '0'}, 'take_profit_order': {'user_id': 77410030, 'meta_data': {'ip': '122.187.117.179', 'source': 'api'}, 'updated_at': '2025-10-08T13:49:06.172141Z', 'product_id': 3136, 'state': 'pending', 'mmp': 'disabled', 'id': 981536824, 'stop_price': '4480.07', 'bracket_take_profit_limit_price': None, 'product_symbol': 'ETHUSD', 'created_at': '2025-10-08T13:49:06.172141Z', 'client_order_id': None, 'side': 'sell', 'reduce_only': True, 'average_fill_price': None, 'stop_order_type': 'take_profit_order', 'bracket_stop_loss_limit_price': None, 'close_on_trigger': 'false', 'bracket_take_profit_price': None, 'time_in_force': 'gtc', 'bracket_stop_loss_price': None, 'bracket_trail_amount': None, 'unfilled_size': 2, 'stop_trigger_method': 'last_traded_price', 'size': 2, 'trail_amount': None, 'limit_price': '4479.07', 'paid_commission': '0', 'order_type': 'limit_order', 'bracket_order': True, 'cancellation_reason': None, 'quote_size': None, 'commission': '0'}}, 'success': True}
2025-10-08 19:19:06,247 - INFO - POST-MARTINGALE: Starting at elevated level 1 (20x) instead of base
2025-10-08 19:20:02,646 - INFO - fake trade flag is reverted to 0 , fake signal with position status is False
2025-10-08 19:20:04,058 - INFO - POST-MARTINGALE: Starting at elevated level 1 (20x) instead of base
2025-10-08 19:20:06,335 - INFO - POST-MARTINGALE: Starting at elevated level 1 (20x) instead of base
2025-10-08 19:20:08,837 - INFO - POST-MARTINGALE: Starting at elevated level 1 (20x) instead of base
2025-10-08 19:20:11,204 - INFO - POST-MARTINGALE: Starting at elevated level 1 (20x) instead of base
2025-10-08 19:20:13,628 - INFO - POST-MARTINGALE: Starting at elevated level 1 (20x) instead of base
2025-10-08 19:20:15,958 - INFO - POST-MARTINGALE: Starting at elevated level 1 (20x) instead of base
2025-10-08 19:20:18,274 - INFO - POST-MARTINGALE: Starting at elevated level 1 (20x) instead of base
2025-10-08 19:20:20,679 - INFO - POST-MARTINGALE: Starting at elevated level 1 (20x) instead of base
2025-10-08 19:20:22,963 - INFO - POST-MARTINGALE: Starting at elevated level 1 (20x) instead of base
2025-10-08 19:20:25,224 - INFO - POST-MARTINGALE: Starting at elevated level 1 (20x) instead of base
2025-10-08 19:20:27,440 - INFO - POST-MARTINGALE: Starting at elevated level 1 (20x) instead of base
2025-10-08 19:20:29,715 - INFO - POST-MARTINGALE: Starting at elevated level 1 (20x) instead of base
2025-10-08 19:20:32,061 - INFO - POST-MARTINGALE: Starting at elevated level 1 (20x) instead of base
2025-10-08 19:20:34,487 - INFO - POST-MARTINGALE: Starting at elevated level 1 (20x) instead of base
2025-10-08 19:20:36,825 - INFO - POST-MARTINGALE: Starting at elevated level 1 (20x) instead of base
2025-10-08 19:20:39,132 - INFO - POST-MARTINGALE: Starting at elevated level 1 (20x) instead of base
2025-10-08 19:20:41,479 - INFO - POST-MARTINGALE: Starting at elevated level 1 (20x) instead of base
2025-10-08 19:20:43,902 - INFO - POST-MARTINGALE: Starting at elevated level 1 (20x) instead of base
2025-10-08 19:20:46,323 - INFO - POST-MARTINGALE: Starting at elevated level 1 (20x) instead of base
2025-10-08 19:20:48,647 - INFO - POST-MARTINGALE: Starting at elevated level 1 (20x) instead of base
2025-10-08 19:20:50,960 - INFO - POST-MARTINGALE: Starting at elevated level 1 (20x) instead of base
2025-10-08 19:20:53,406 - INFO - POST-MARTINGALE: Starting at elevated level 1 (20x) instead of base
2025-10-08 19:20:55,668 - INFO - POST-MARTINGALE: Starting at elevated level 1 (20x) instead of base
2025-10-08 19:20:57,901 - INFO - POST-MARTINGALE: Starting at elevated level 1 (20x) instead of base
2025-10-08 19:21:00,203 - INFO - POST-MARTINGALE: Starting at elevated level 1 (20x) instead of base
2025-10-08 19:21:02,656 - INFO - POST-MARTINGALE: Starting at elevated level 1 (20x) instead of base
2025-10-08 19:21:04,982 - INFO - POST-MARTINGALE: Starting at elevated level 1 (20x) instead of base
2025-10-08 19:21:07,354 - INFO - POST-MARTINGALE: Starting at elevated level 1 (20x) instead of base
2025-10-08 19:21:09,689 - INFO - POST-MARTINGALE: Starting at elevated level 1 (20x) instead of base
2025-10-08 19:21:12,037 - INFO - POST-MARTINGALE: Starting at elevated level 1 (20x) instead of base
2025-10-08 19:21:14,350 - INFO - POST-MARTINGALE: Starting at elevated level 1 (20x) instead of base
2025-10-08 19:21:16,646 - INFO - POST-MARTINGALE: Starting at elevated level 1 (20x) instead of base
2025-10-08 19:21:18,982 - INFO - POST-MARTINGALE: Starting at elevated level 1 (20x) instead of base
2025-10-08 19:21:21,393 - INFO - POST-MARTINGALE: Starting at elevated level 1 (20x) instead of base
2025-10-08 19:21:23,672 - INFO - POST-MARTINGALE: Starting at elevated level 1 (20x) instead of base
2025-10-08 19:21:26,030 - INFO - POST-MARTINGALE: Starting at elevated level 1 (20x) instead of base
2025-10-08 19:21:28,424 - INFO - POST-MARTINGALE: Starting at elevated level 1 (20x) instead of base
2025-10-08 19:21:30,695 - INFO - POST-MARTINGALE: Starting at elevated level 1 (20x) instead of base
2025-10-08 19:21:32,971 - INFO - POST-MARTINGALE: Starting at elevated level 1 (20x) instead of base
2025-10-08 19:21:35,204 - INFO - POST-MARTINGALE: Starting at elevated level 1 (20x) instead of base
2025-10-08 19:21:38,002 - INFO - POST-MARTINGALE: Starting at elevated level 1 (20x) instead of base
2025-10-08 19:21:40,404 - INFO - POST-MARTINGALE: Starting at elevated level 1 (20x) instead of base
2025-10-08 19:21:42,672 - INFO - POST-MARTINGALE: Starting at elevated level 1 (20x) instead of base
2025-10-08 19:21:44,996 - INFO - POST-MARTINGALE: Starting at elevated level 1 (20x) instead of base
2025-10-08 19:21:47,242 - INFO - POST-MARTINGALE: Starting at elevated level 1 (20x) instead of base
2025-10-08 19:21:49,481 - INFO - POST-MARTINGALE: Starting at elevated level 1 (20x) instead of base
2025-10-08 19:21:51,814 - INFO - POST-MARTINGALE: Starting at elevated level 1 (20x) instead of base
2025-10-08 19:21:54,160 - INFO - POST-MARTINGALE: Starting at elevated level 1 (20x) instead of base
2025-10-08 19:21:56,439 - INFO - POST-MARTINGALE: Starting at elevated level 1 (20x) instead of base
2025-10-08 19:21:58,928 - INFO - POST-MARTINGALE: Starting at elevated level 1 (20x) instead of base
2025-10-08 19:22:01,364 - INFO - POST-MARTINGALE: Starting at elevated level 1 (20x) instead of base
2025-10-08 19:22:03,657 - INFO - POST-MARTINGALE: Starting at elevated level 1 (20x) instead of base
2025-10-08 19:22:05,929 - INFO - POST-MARTINGALE: Starting at elevated level 1 (20x) instead of base
2025-10-08 19:22:08,184 - INFO - POST-MARTINGALE: Starting at elevated level 1 (20x) instead of base
2025-10-08 19:22:10,456 - INFO - POST-MARTINGALE: Starting at elevated level 1 (20x) instead of base
2025-10-08 19:22:12,821 - INFO - POST-MARTINGALE: Starting at elevated level 1 (20x) instead of base
2025-10-08 19:22:15,127 - INFO - POST-MARTINGALE: Starting at elevated level 1 (20x) instead of base
2025-10-08 19:22:17,405 - INFO - POST-MARTINGALE: Starting at elevated level 1 (20x) instead of base
2025-10-08 19:22:19,910 - INFO - POST-MARTINGALE: Starting at elevated level 1 (20x) instead of base
2025-10-08 19:22:22,377 - INFO - POST-MARTINGALE: Starting at elevated level 1 (20x) instead of base
2025-10-08 19:22:24,792 - INFO - POST-MARTINGALE: Starting at elevated level 1 (20x) instead of base
2025-10-08 19:22:27,149 - INFO - POST-MARTINGALE: Starting at elevated level 1 (20x) instead of base
2025-10-08 19:22:29,400 - INFO - POST-MARTINGALE: Starting at elevated level 1 (20x) instead of base
2025-10-08 19:22:31,789 - INFO - POST-MARTINGALE: Starting at elevated level 1 (20x) instead of base
2025-10-08 19:22:34,190 - INFO - POST-MARTINGALE: Starting at elevated level 1 (20x) instead of base
2025-10-08 19:22:36,643 - INFO - POST-MARTINGALE: Starting at elevated level 1 (20x) instead of base
2025-10-08 19:22:39,154 - INFO - POST-MARTINGALE: Starting at elevated level 1 (20x) instead of base
2025-10-08 19:22:41,611 - INFO - POST-MARTINGALE: Starting at elevated level 1 (20x) instead of base
2025-10-08 19:22:43,860 - INFO - POST-MARTINGALE: Starting at elevated level 1 (20x) instead of base
2025-10-08 19:22:46,235 - INFO - POST-MARTINGALE: Starting at elevated level 1 (20x) instead of base
2025-10-08 19:22:48,803 - INFO - POST-MARTINGALE: Starting at elevated level 1 (20x) instead of base
2025-10-08 19:22:51,083 - INFO - POST-MARTINGALE: Starting at elevated level 1 (20x) instead of base
2025-10-08 19:22:53,479 - INFO - POST-MARTINGALE: Starting at elevated level 1 (20x) instead of base
2025-10-08 19:22:55,777 - INFO - POST-MARTINGALE: Starting at elevated level 1 (20x) instead of base
2025-10-08 19:22:58,024 - INFO - POST-MARTINGALE: Starting at elevated level 1 (20x) instead of base
2025-10-08 19:23:00,569 - INFO - POST-MARTINGALE: Starting at elevated level 1 (20x) instead of base
2025-10-08 19:23:02,999 - INFO - POST-MARTINGALE: Starting at elevated level 1 (20x) instead of base
2025-10-08 19:23:05,304 - INFO - POST-MARTINGALE: Starting at elevated level 1 (20x) instead of base
2025-10-08 19:23:07,604 - INFO - POST-MARTINGALE: Starting at elevated level 1 (20x) instead of base
2025-10-08 19:23:09,929 - INFO - POST-MARTINGALE: Starting at elevated level 1 (20x) instead of base
2025-10-08 19:23:12,241 - INFO - POST-MARTINGALE: Starting at elevated level 1 (20x) instead of base
2025-10-08 19:23:14,613 - INFO - POST-MARTINGALE: Starting at elevated level 1 (20x) instead of base
2025-10-08 19:23:16,985 - INFO - POST-MARTINGALE: Starting at elevated level 1 (20x) instead of base
2025-10-08 19:23:19,373 - INFO - POST-MARTINGALE: Starting at elevated level 1 (20x) instead of base
2025-10-08 19:23:21,748 - INFO - POST-MARTINGALE: Starting at elevated level 1 (20x) instead of base
2025-10-08 19:23:24,029 - INFO - POST-MARTINGALE: Starting at elevated level 1 (20x) instead of base
2025-10-08 19:23:26,339 - INFO - POST-MARTINGALE: Starting at elevated level 1 (20x) instead of base
2025-10-08 19:23:28,632 - INFO - POST-MARTINGALE: Starting at elevated level 1 (20x) instead of base
2025-10-08 19:23:31,158 - INFO - POST-MARTINGALE: Starting at elevated level 1 (20x) instead of base
2025-10-08 19:23:33,680 - INFO - POST-MARTINGALE: Starting at elevated level 1 (20x) instead of base
2025-10-08 19:23:36,092 - INFO - POST-MARTINGALE: Starting at elevated level 1 (20x) instead of base
2025-10-08 19:23:38,455 - INFO - POST-MARTINGALE: Starting at elevated level 1 (20x) instead of base
2025-10-08 19:23:40,859 - INFO - POST-MARTINGALE: Starting at elevated level 1 (20x) instead of base
2025-10-08 19:23:43,144 - INFO - POST-MARTINGALE: Starting at elevated level 1 (20x) instead of base
2025-10-08 19:23:45,439 - INFO - POST-MARTINGALE: Starting at elevated level 1 (20x) instead of base
2025-10-08 19:23:47,739 - INFO - POST-MARTINGALE: Starting at elevated level 1 (20x) instead of base
2025-10-08 19:23:50,101 - INFO - POST-MARTINGALE: Starting at elevated level 1 (20x) instead of base
2025-10-08 19:23:52,416 - INFO - POST-MARTINGALE: Starting at elevated level 1 (20x) instead of base
2025-10-08 19:23:54,644 - INFO - POST-MARTINGALE: Starting at elevated level 1 (20x) instead of base
2025-10-08 19:23:57,009 - INFO - POST-MARTINGALE: Starting at elevated level 1 (20x) instead of base
2025-10-08 19:23:59,465 - INFO - POST-MARTINGALE: Starting at elevated level 1 (20x) instead of base
2025-10-08 19:24:01,852 - INFO - POST-MARTINGALE: Starting at elevated level 1 (20x) instead of base
2025-10-08 19:24:04,172 - INFO - POST-MARTINGALE: Starting at elevated level 1 (20x) instead of base
2025-10-08 19:24:06,511 - INFO - POST-MARTINGALE: Starting at elevated level 1 (20x) instead of base
2025-10-08 19:24:08,828 - INFO - POST-MARTINGALE: Starting at elevated level 1 (20x) instead of base
2025-10-08 19:24:11,255 - INFO - POST-MARTINGALE: Starting at elevated level 1 (20x) instead of base
2025-10-08 19:24:13,640 - INFO - POST-MARTINGALE: Starting at elevated level 1 (20x) instead of base
2025-10-08 19:24:15,956 - INFO - POST-MARTINGALE: Starting at elevated level 1 (20x) instead of base
2025-10-08 19:24:18,205 - INFO - POST-MARTINGALE: Starting at elevated level 1 (20x) instead of base
2025-10-08 19:24:20,508 - INFO - POST-MARTINGALE: Starting at elevated level 1 (20x) instead of base
2025-10-08 19:24:22,930 - INFO - POST-MARTINGALE: Starting at elevated level 1 (20x) instead of base
2025-10-08 19:24:25,174 - INFO - POST-MARTINGALE: Starting at elevated level 1 (20x) instead of base
2025-10-08 19:24:27,522 - INFO - POST-MARTINGALE: Starting at elevated level 1 (20x) instead of base
2025-10-08 19:24:29,814 - INFO - POST-MARTINGALE: Starting at elevated level 1 (20x) instead of base
2025-10-08 19:24:32,087 - INFO - POST-MARTINGALE: Starting at elevated level 1 (20x) instead of base
2025-10-08 19:24:34,342 - INFO - POST-MARTINGALE: Starting at elevated level 1 (20x) instead of base
2025-10-08 19:24:36,656 - INFO - POST-MARTINGALE: Starting at elevated level 1 (20x) instead of base
2025-10-08 19:24:38,935 - INFO - POST-MARTINGALE: Starting at elevated level 1 (20x) instead of base
2025-10-08 19:24:41,171 - INFO - POST-MARTINGALE: Starting at elevated level 1 (20x) instead of base
2025-10-08 19:24:43,523 - INFO - POST-MARTINGALE: Starting at elevated level 1 (20x) instead of base
2025-10-08 19:24:45,816 - INFO - POST-MARTINGALE: Starting at elevated level 1 (20x) instead of base
2025-10-08 19:24:48,053 - INFO - POST-MARTINGALE: Starting at elevated level 1 (20x) instead of base
2025-10-08 19:24:50,318 - INFO - POST-MARTINGALE: Starting at elevated level 1 (20x) instead of base
2025-10-08 19:24:52,700 - INFO - POST-MARTINGALE: Starting at elevated level 1 (20x) instead of base
2025-10-08 19:24:55,061 - INFO - POST-MARTINGALE: Starting at elevated level 1 (20x) instead of base
2025-10-08 19:24:57,482 - INFO - POST-MARTINGALE: Starting at elevated level 1 (20x) instead of base
2025-10-08 19:24:59,948 - INFO - POST-MARTINGALE: Starting at elevated level 1 (20x) instead of base
2025-10-08 19:25:03,425 - INFO - POST-MARTINGALE: Starting at elevated level 1 (20x) instead of base
2025-10-08 19:25:05,840 - INFO - POST-MARTINGALE: Starting at elevated level 1 (20x) instead of base
2025-10-08 19:25:08,173 - INFO - POST-MARTINGALE: Starting at elevated level 1 (20x) instead of base
2025-10-08 19:25:10,660 - INFO - POST-MARTINGALE: Starting at elevated level 1 (20x) instead of base
2025-10-08 19:25:12,999 - INFO - POST-MARTINGALE: Starting at elevated level 1 (20x) instead of base
2025-10-08 19:25:15,243 - INFO - POST-MARTINGALE: Starting at elevated level 1 (20x) instead of base
2025-10-08 19:25:17,509 - INFO - POST-MARTINGALE: Starting at elevated level 1 (20x) instead of base
2025-10-08 19:25:19,821 - INFO - POST-MARTINGALE: Starting at elevated level 1 (20x) instead of base
2025-10-08 19:25:22,393 - INFO - POST-MARTINGALE: Starting at elevated level 1 (20x) instead of base
2025-10-08 19:25:24,626 - INFO - POST-MARTINGALE: Starting at elevated level 1 (20x) instead of base
2025-10-08 19:25:26,888 - INFO - POST-MARTINGALE: Starting at elevated level 1 (20x) instead of base
2025-10-08 19:25:29,165 - INFO - POST-MARTINGALE: Starting at elevated level 1 (20x) instead of base
2025-10-08 19:25:31,554 - INFO - POST-MARTINGALE: Starting at elevated level 1 (20x) instead of base
2025-10-08 19:25:33,801 - INFO - POST-MARTINGALE: Starting at elevated level 1 (20x) instead of base
2025-10-08 19:25:36,181 - INFO - POST-MARTINGALE: Starting at elevated level 1 (20x) instead of base
2025-10-08 19:25:38,424 - INFO - POST-MARTINGALE: Starting at elevated level 1 (20x) instead of base
2025-10-08 19:25:40,718 - INFO - POST-MARTINGALE: Starting at elevated level 1 (20x) instead of base
2025-10-08 19:25:43,079 - INFO - POST-MARTINGALE: Starting at elevated level 1 (20x) instead of base
2025-10-08 19:25:45,307 - INFO - POST-MARTINGALE: Starting at elevated level 1 (20x) instead of base
2025-10-08 19:25:47,603 - INFO - POST-MARTINGALE: Starting at elevated level 1 (20x) instead of base
2025-10-08 19:25:50,045 - INFO - POST-MARTINGALE: Starting at elevated level 1 (20x) instead of base
2025-10-08 19:25:52,454 - INFO - POST-MARTINGALE: Starting at elevated level 1 (20x) instead of base
2025-10-08 19:25:54,731 - INFO - POST-MARTINGALE: Starting at elevated level 1 (20x) instead of base
2025-10-08 19:25:57,082 - INFO - POST-MARTINGALE: Starting at elevated level 1 (20x) instead of base
2025-10-08 19:25:59,418 - INFO - POST-MARTINGALE: Starting at elevated level 1 (20x) instead of base
2025-10-08 19:26:01,998 - INFO - POST-MARTINGALE: Starting at elevated level 1 (20x) instead of base
2025-10-08 19:26:04,346 - INFO - POST-MARTINGALE: Starting at elevated level 1 (20x) instead of base
2025-10-08 19:26:06,669 - INFO - POST-MARTINGALE: Starting at elevated level 1 (20x) instead of base
2025-10-08 19:26:09,271 - INFO - POST-MARTINGALE: Starting at elevated level 1 (20x) instead of base
2025-10-08 19:26:11,680 - INFO - POST-MARTINGALE: Starting at elevated level 1 (20x) instead of base
2025-10-08 19:26:13,947 - INFO - POST-MARTINGALE: Starting at elevated level 1 (20x) instead of base
2025-10-08 19:26:16,194 - INFO - POST-MARTINGALE: Starting at elevated level 1 (20x) instead of base
2025-10-08 19:26:18,482 - INFO - POST-MARTINGALE: Starting at elevated level 1 (20x) instead of base
2025-10-08 19:26:20,875 - INFO - POST-MARTINGALE: Starting at elevated level 1 (20x) instead of base
2025-10-08 19:26:23,177 - INFO - POST-MARTINGALE: Starting at elevated level 1 (20x) instead of base
2025-10-08 19:26:25,426 - INFO - POST-MARTINGALE: Starting at elevated level 1 (20x) instead of base
2025-10-08 19:26:27,676 - INFO - POST-MARTINGALE: Starting at elevated level 1 (20x) instead of base
2025-10-08 19:26:30,006 - INFO - POST-MARTINGALE: Starting at elevated level 1 (20x) instead of base
2025-10-08 19:26:32,341 - INFO - POST-MARTINGALE: Starting at elevated level 1 (20x) instead of base
2025-10-08 19:26:34,681 - INFO - POST-MARTINGALE: Starting at elevated level 1 (20x) instead of base
2025-10-08 19:26:36,937 - INFO - POST-MARTINGALE: Starting at elevated level 1 (20x) instead of base
2025-10-08 19:26:39,260 - INFO - POST-MARTINGALE: Starting at elevated level 1 (20x) instead of base
2025-10-08 19:26:41,540 - INFO - POST-MARTINGALE: Starting at elevated level 1 (20x) instead of base
2025-10-08 19:26:43,876 - INFO - POST-MARTINGALE: Starting at elevated level 1 (20x) instead of base
2025-10-08 19:26:46,231 - INFO - POST-MARTINGALE: Starting at elevated level 1 (20x) instead of base
2025-10-08 19:26:48,568 - INFO - POST-MARTINGALE: Starting at elevated level 1 (20x) instead of base
2025-10-08 19:26:50,968 - INFO - POST-MARTINGALE: Starting at elevated level 1 (20x) instead of base
2025-10-08 19:26:53,298 - INFO - POST-MARTINGALE: Starting at elevated level 1 (20x) instead of base
2025-10-08 19:26:55,585 - INFO - POST-MARTINGALE: Starting at elevated level 1 (20x) instead of base
2025-10-08 19:26:57,902 - INFO - POST-MARTINGALE: Starting at elevated level 1 (20x) instead of base
2025-10-08 19:27:00,207 - INFO - POST-MARTINGALE: Starting at elevated level 1 (20x) instead of base
2025-10-08 19:27:02,667 - INFO - POST-MARTINGALE: Starting at elevated level 1 (20x) instead of base
2025-10-08 19:27:05,044 - INFO - POST-MARTINGALE: Starting at elevated level 1 (20x) instead of base
2025-10-08 19:27:07,410 - INFO - POST-MARTINGALE: Starting at elevated level 1 (20x) instead of base
2025-10-08 19:27:09,754 - INFO - POST-MARTINGALE: Starting at elevated level 1 (20x) instead of base
2025-10-08 19:27:12,051 - INFO - POST-MARTINGALE: Starting at elevated level 1 (20x) instead of base
2025-10-08 19:27:14,359 - INFO - POST-MARTINGALE: Starting at elevated level 1 (20x) instead of base
2025-10-08 19:27:16,639 - INFO - POST-MARTINGALE: Starting at elevated level 1 (20x) instead of base
2025-10-08 19:27:18,905 - INFO - POST-MARTINGALE: Starting at elevated level 1 (20x) instead of base
2025-10-08 19:27:21,148 - INFO - POST-MARTINGALE: Starting at elevated level 1 (20x) instead of base
2025-10-08 19:27:23,566 - INFO - POST-MARTINGALE: Starting at elevated level 1 (20x) instead of base
2025-10-08 19:27:25,839 - INFO - POST-MARTINGALE: Starting at elevated level 1 (20x) instead of base
2025-10-08 19:27:28,233 - INFO - POST-MARTINGALE: Starting at elevated level 1 (20x) instead of base
2025-10-08 19:27:30,564 - INFO - POST-MARTINGALE: Starting at elevated level 1 (20x) instead of base
2025-10-08 19:27:32,940 - INFO - POST-MARTINGALE: Starting at elevated level 1 (20x) instead of base
2025-10-08 19:27:35,228 - INFO - POST-MARTINGALE: Starting at elevated level 1 (20x) instead of base
2025-10-08 19:27:37,563 - INFO - POST-MARTINGALE: Starting at elevated level 1 (20x) instead of base
2025-10-08 19:27:40,006 - INFO - POST-MARTINGALE: Starting at elevated level 1 (20x) instead of base
2025-10-08 19:27:42,311 - INFO - POST-MARTINGALE: Starting at elevated level 1 (20x) instead of base
2025-10-08 19:27:44,731 - INFO - POST-MARTINGALE: Starting at elevated level 1 (20x) instead of base
2025-10-08 19:27:47,242 - INFO - POST-MARTINGALE: Starting at elevated level 1 (20x) instead of base
2025-10-08 19:27:49,704 - INFO - POST-MARTINGALE: Starting at elevated level 1 (20x) instead of base
2025-10-08 19:27:52,062 - INFO - POST-MARTINGALE: Starting at elevated level 1 (20x) instead of base
2025-10-08 19:27:54,292 - INFO - POST-MARTINGALE: Starting at elevated level 1 (20x) instead of base
2025-10-08 19:27:56,702 - INFO - POST-MARTINGALE: Starting at elevated level 1 (20x) instead of base
2025-10-08 19:27:58,989 - INFO - POST-MARTINGALE: Starting at elevated level 1 (20x) instead of base
2025-10-08 19:28:01,335 - INFO - POST-MARTINGALE: Starting at elevated level 1 (20x) instead of base
2025-10-08 19:28:03,799 - INFO - POST-MARTINGALE: Starting at elevated level 1 (20x) instead of base
2025-10-08 19:28:06,179 - INFO - POST-MARTINGALE: Starting at elevated level 1 (20x) instead of base
2025-10-08 19:28:08,547 - INFO - POST-MARTINGALE: Starting at elevated level 1 (20x) instead of base
2025-10-08 19:28:10,815 - INFO - POST-MARTINGALE: Starting at elevated level 1 (20x) instead of base
2025-10-08 19:28:13,377 - INFO - POST-MARTINGALE: Starting at elevated level 1 (20x) instead of base
2025-10-08 19:28:15,828 - INFO - POST-MARTINGALE: Starting at elevated level 1 (20x) instead of base
2025-10-08 19:28:18,146 - INFO - POST-MARTINGALE: Starting at elevated level 1 (20x) instead of base
2025-10-08 19:28:20,457 - INFO - POST-MARTINGALE: Starting at elevated level 1 (20x) instead of base
2025-10-08 19:28:22,793 - INFO - POST-MARTINGALE: Starting at elevated level 1 (20x) instead of base
2025-10-08 19:28:25,174 - INFO - POST-MARTINGALE: Starting at elevated level 1 (20x) instead of base
2025-10-08 19:28:27,438 - INFO - POST-MARTINGALE: Starting at elevated level 1 (20x) instead of base
2025-10-08 19:28:29,730 - INFO - POST-MARTINGALE: Starting at elevated level 1 (20x) instead of base
2025-10-08 19:28:31,983 - INFO - POST-MARTINGALE: Starting at elevated level 1 (20x) instead of base
2025-10-08 19:28:34,546 - INFO - POST-MARTINGALE: Starting at elevated level 1 (20x) instead of base
2025-10-08 19:28:37,145 - INFO - POST-MARTINGALE: Starting at elevated level 1 (20x) instead of base
2025-10-08 19:28:39,524 - INFO - POST-MARTINGALE: Starting at elevated level 1 (20x) instead of base
2025-10-08 19:28:41,965 - INFO - POST-MARTINGALE: Starting at elevated level 1 (20x) instead of base
2025-10-08 19:28:44,289 - INFO - POST-MARTINGALE: Starting at elevated level 1 (20x) instead of base
2025-10-08 19:28:46,660 - INFO - POST-MARTINGALE: Starting at elevated level 1 (20x) instead of base
2025-10-08 19:28:48,954 - INFO - POST-MARTINGALE: Starting at elevated level 1 (20x) instead of base
2025-10-08 19:28:51,269 - INFO - POST-MARTINGALE: Starting at elevated level 1 (20x) instead of base
2025-10-08 19:28:53,528 - INFO - POST-MARTINGALE: Starting at elevated level 1 (20x) instead of base
2025-10-08 19:28:55,820 - INFO - POST-MARTINGALE: Starting at elevated level 1 (20x) instead of base
2025-10-08 19:28:58,200 - INFO - POST-MARTINGALE: Starting at elevated level 1 (20x) instead of base
2025-10-08 19:29:00,520 - INFO - POST-MARTINGALE: Starting at elevated level 1 (20x) instead of base
2025-10-08 19:29:02,775 - INFO - POST-MARTINGALE: Starting at elevated level 1 (20x) instead of base
2025-10-08 19:29:05,166 - INFO - POST-MARTINGALE: Starting at elevated level 1 (20x) instead of base
2025-10-08 19:29:07,614 - INFO - POST-MARTINGALE: Starting at elevated level 1 (20x) instead of base
2025-10-08 19:29:09,881 - INFO - POST-MARTINGALE: Starting at elevated level 1 (20x) instead of base
2025-10-08 19:29:12,179 - INFO - POST-MARTINGALE: Starting at elevated level 1 (20x) instead of base
2025-10-08 19:29:14,495 - INFO - POST-MARTINGALE: Starting at elevated level 1 (20x) instead of base
2025-10-08 19:29:16,844 - INFO - POST-MARTINGALE: Starting at elevated level 1 (20x) instead of base
2025-10-08 19:29:19,122 - INFO - POST-MARTINGALE: Starting at elevated level 1 (20x) instead of base
2025-10-08 19:29:21,426 - INFO - POST-MARTINGALE: Starting at elevated level 1 (20x) instead of base
2025-10-08 19:29:23,801 - INFO - POST-MARTINGALE: Starting at elevated level 1 (20x) instead of base
2025-10-08 19:29:26,075 - INFO - POST-MARTINGALE: Starting at elevated level 1 (20x) instead of base
2025-10-08 19:29:28,447 - INFO - POST-MARTINGALE: Starting at elevated level 1 (20x) instead of base
2025-10-08 19:29:30,692 - INFO - POST-MARTINGALE: Starting at elevated level 1 (20x) instead of base
2025-10-08 19:29:33,070 - INFO - POST-MARTINGALE: Starting at elevated level 1 (20x) instead of base
2025-10-08 19:29:35,315 - INFO - POST-MARTINGALE: Starting at elevated level 1 (20x) instead of base
2025-10-08 19:29:37,695 - INFO - POST-MARTINGALE: Starting at elevated level 1 (20x) instead of base
2025-10-08 19:29:40,073 - INFO - POST-MARTINGALE: Starting at elevated level 1 (20x) instead of base
2025-10-08 19:29:42,420 - INFO - POST-MARTINGALE: Starting at elevated level 1 (20x) instead of base
2025-10-08 19:29:44,835 - INFO - POST-MARTINGALE: Starting at elevated level 1 (20x) instead of base
2025-10-08 19:29:47,074 - INFO - POST-MARTINGALE: Starting at elevated level 1 (20x) instead of base
2025-10-08 19:29:49,402 - INFO - POST-MARTINGALE: Starting at elevated level 1 (20x) instead of base
2025-10-08 19:29:51,621 - INFO - POST-MARTINGALE: Starting at elevated level 1 (20x) instead of base
2025-10-08 19:29:53,940 - INFO - POST-MARTINGALE: Starting at elevated level 1 (20x) instead of base
2025-10-08 19:29:56,259 - INFO - POST-MARTINGALE: Starting at elevated level 1 (20x) instead of base
2025-10-08 19:29:58,538 - INFO - POST-MARTINGALE: Starting at elevated level 1 (20x) instead of base
2025-10-08 19:30:00,845 - INFO - POST-MARTINGALE: Starting at elevated level 1 (20x) instead of base
2025-10-08 19:30:03,765 - INFO - POST-MARTINGALE: Starting at elevated level 1 (20x) instead of base
2025-10-08 19:30:07,614 - INFO - POST-MARTINGALE: Starting at elevated level 1 (20x) instead of base
2025-10-08 19:30:10,221 - INFO - POST-MARTINGALE: Starting at elevated level 1 (20x) instead of base
2025-10-08 19:30:12,606 - INFO - POST-MARTINGALE: Starting at elevated level 1 (20x) instead of base
2025-10-08 19:30:15,549 - INFO - POST-MARTINGALE: Starting at elevated level 1 (20x) instead of base
2025-10-08 19:30:17,607 - INFO - we have won the trade
2025-10-08 19:30:17,607 - INFO - Elevated start cycle complete, returning to normal base
2025-10-08 19:30:17,608 - INFO - WIN: Reset to level 0, leverage: 10x
2025-10-08 19:30:17,608 - INFO - Current leverage level: 0, Start elevated: False
2025-10-08 19:30:17,608 - INFO - current martingale level is 0 and the current fake loss is 0
2025-10-08 19:30:17,820 - INFO - here we are not going to sleep since the entry and exit time is not same
2025-10-08 19:40:03,780 - INFO - current_price is 4502.81 before placing the market order
2025-10-08 19:40:05,057 - INFO - the market order has been placed and response is {'bracket_order': None, 'bracket_take_profit_price': None, 'reduce_only': False, 'updated_at': '2025-10-08T14:10:05.228233Z', 'mmp': 'disabled', 'side': 'sell', 'product_id': 3136, 'order_type': 'market_order', 'time_in_force': 'gtc', 'state': 'closed', 'cancellation_reason': None, 'id': 981589667, 'stop_price': None, 'product_symbol': 'ETHUSD', 'client_order_id': None, 'bracket_trail_amount': None, 'trail_amount': None, 'unfilled_size': 0, 'bracket_stop_loss_price': None, 'close_on_trigger': 'false', 'meta_data': {'cashflow': '0', 'ip': '122.187.117.179', 'otc': False, 'pnl': '0', 'source': 'api'}, 'stop_order_type': None, 'average_fill_price': '4502', 'user_id': 77410030, 'stop_trigger_method': None, 'created_at': '2025-10-08T14:10:05.055474Z', 'bracket_take_profit_limit_price': None, 'limit_price': '4279.8', 'quote_size': None, 'size': 1, 'bracket_stop_loss_limit_price': None, 'commission': '0', 'paid_commission': '0.0265618'}
2025-10-08 19:40:05,247 - INFO - since a new trade is being opened the fake trade flag is 1
2025-10-08 19:40:05,248 - INFO - placing order at sl: 4513.0 , tp: 4482.74
2025-10-08 19:40:05,891 - INFO - bracket order response is {'result': {'stop_loss_order': {'quote_size': None, 'stop_order_type': 'stop_loss_order', 'product_id': 3136, 'order_type': 'limit_order', 'state': 'pending', 'bracket_stop_loss_limit_price': None, 'id': 981589707, 'commission': '0', 'average_fill_price': None, 'product_symbol': 'ETHUSD', 'bracket_trail_amount': None, 'unfilled_size': 1, 'close_on_trigger': 'false', 'cancellation_reason': None, 'mmp': 'disabled', 'stop_trigger_method': 'last_traded_price', 'stop_price': '4513', 'meta_data': {'ip': '122.187.117.179', 'source': 'api'}, 'side': 'buy', 'limit_price': '4514', 'bracket_take_profit_limit_price': None, 'paid_commission': '0', 'updated_at': '2025-10-08T14:10:06.198316Z', 'reduce_only': True, 'created_at': '2025-10-08T14:10:06.198316Z', 'client_order_id': None, 'bracket_order': True, 'size': 1, 'user_id': 77410030, 'bracket_stop_loss_price': None, 'trail_amount': None, 'time_in_force': 'gtc', 'bracket_take_profit_price': None}, 'take_profit_order': {'quote_size': None, 'stop_order_type': 'take_profit_order', 'product_id': 3136, 'order_type': 'limit_order', 'state': 'pending', 'bracket_stop_loss_limit_price': None, 'id': 981589708, 'commission': '0', 'average_fill_price': None, 'product_symbol': 'ETHUSD', 'bracket_trail_amount': None, 'unfilled_size': 1, 'close_on_trigger': 'false', 'cancellation_reason': None, 'mmp': 'disabled', 'stop_trigger_method': 'last_traded_price', 'stop_price': '4482.74', 'meta_data': {'ip': '122.187.117.179', 'source': 'api'}, 'side': 'buy', 'limit_price': '4483.74', 'bracket_take_profit_limit_price': None, 'paid_commission': '0', 'updated_at': '2025-10-08T14:10:06.199019Z', 'reduce_only': True, 'created_at': '2025-10-08T14:10:06.199019Z', 'client_order_id': None, 'bracket_order': True, 'size': 1, 'user_id': 77410030, 'bracket_stop_loss_price': None, 'trail_amount': None, 'time_in_force': 'gtc', 'bracket_take_profit_price': None}}, 'success': True}
2025-10-08 19:41:02,743 - INFO - fake trade flag is reverted to 0 , fake signal with position status is False
2025-10-08 19:55:25,794 - INFO - we have won the trade
2025-10-08 19:55:25,796 - INFO - WIN: Reset to level 0, leverage: 10x
2025-10-08 19:55:25,797 - INFO - Current leverage level: 0, Start elevated: False
2025-10-08 19:55:25,797 - INFO - current martingale level is 0 and the current fake loss is 0
2025-10-08 19:55:27,326 - INFO - here we are not going to sleep since the entry and exit time is not same
2025-10-08 20:18:20,146 - INFO - current_price is 4468.06 before placing the market order
2025-10-08 20:18:21,234 - INFO - the market order has been placed and response is {'bracket_order': None, 'bracket_take_profit_price': None, 'reduce_only': False, 'updated_at': '2025-10-08T14:48:21.354332Z', 'mmp': 'disabled', 'side': 'buy', 'product_id': 3136, 'order_type': 'market_order', 'time_in_force': 'gtc', 'state': 'closed', 'cancellation_reason': None, 'id': 981657423, 'stop_price': None, 'product_symbol': 'ETHUSD', 'client_order_id': None, 'bracket_trail_amount': None, 'trail_amount': None, 'unfilled_size': 0, 'bracket_stop_loss_price': None, 'close_on_trigger': 'false', 'meta_data': {'cashflow': '0', 'ip': '122.187.117.179', 'otc': False, 'pnl': '0', 'source': 'api'}, 'stop_order_type': None, 'average_fill_price': '4468.4', 'user_id': 77410030, 'stop_trigger_method': None, 'created_at': '2025-10-08T14:48:21.217158Z', 'bracket_take_profit_limit_price': None, 'limit_price': '4691.35', 'quote_size': None, 'size': 1, 'bracket_stop_loss_limit_price': None, 'commission': '0', 'paid_commission': '0.02636356'}
2025-10-08 20:18:21,458 - INFO - since a new trade is being opened the fake trade flag is 1
2025-10-08 20:18:21,458 - INFO - placing order at sl: 4458.0 , tp: 4488.11
2025-10-08 20:18:22,119 - INFO - bracket order response is {'result': {'stop_loss_order': {'quote_size': None, 'stop_order_type': 'stop_loss_order', 'product_id': 3136, 'order_type': 'limit_order', 'state': 'pending', 'bracket_stop_loss_limit_price': None, 'id': 981657449, 'commission': '0', 'average_fill_price': None, 'product_symbol': 'ETHUSD', 'bracket_trail_amount': None, 'unfilled_size': 1, 'close_on_trigger': 'false', 'cancellation_reason': None, 'mmp': 'disabled', 'stop_trigger_method': 'last_traded_price', 'stop_price': '4458', 'meta_data': {'ip': '122.187.117.179', 'source': 'api'}, 'side': 'sell', 'limit_price': '4457', 'bracket_take_profit_limit_price': None, 'paid_commission': '0', 'updated_at': '2025-10-08T14:48:22.442413Z', 'reduce_only': True, 'created_at': '2025-10-08T14:48:22.442413Z', 'client_order_id': None, 'bracket_order': True, 'size': 1, 'user_id': 77410030, 'bracket_stop_loss_price': None, 'trail_amount': None, 'time_in_force': 'gtc', 'bracket_take_profit_price': None}, 'take_profit_order': {'quote_size': None, 'stop_order_type': 'take_profit_order', 'product_id': 3136, 'order_type': 'limit_order', 'state': 'pending', 'bracket_stop_loss_limit_price': None, 'id': 981657450, 'commission': '0', 'average_fill_price': None, 'product_symbol': 'ETHUSD', 'bracket_trail_amount': None, 'unfilled_size': 1, 'close_on_trigger': 'false', 'cancellation_reason': None, 'mmp': 'disabled', 'stop_trigger_method': 'last_traded_price', 'stop_price': '4488.11', 'meta_data': {'ip': '122.187.117.179', 'source': 'api'}, 'side': 'sell', 'limit_price': '4487.11', 'bracket_take_profit_limit_price': None, 'paid_commission': '0', 'updated_at': '2025-10-08T14:48:22.443087Z', 'reduce_only': True, 'created_at': '2025-10-08T14:48:22.443087Z', 'client_order_id': None, 'bracket_order': True, 'size': 1, 'user_id': 77410030, 'bracket_stop_loss_price': None, 'trail_amount': None, 'time_in_force': 'gtc', 'bracket_take_profit_price': None}}, 'success': True}
2025-10-08 20:19:01,748 - INFO - fake trade flag is reverted to 0 , fake signal with position status is False
2025-10-08 20:22:19,226 - INFO - we have lost the trade
2025-10-08 20:22:19,226 - INFO - current martingale level is 0 and the current fake loss is 0
2025-10-08 20:22:19,227 - INFO - LOSS detected: type=sl, current_level=0
2025-10-08 20:22:19,228 - INFO - LOSS (sl): Level 1, leverage: 20x
2025-10-08 20:22:19,228 - INFO - Current leverage level: 1, Start elevated: False
2025-10-08 20:22:19,867 - INFO - here we are not going to sleep since the entry and exit time is not same
2025-10-08 20:38:04,769 - INFO - current_price is 4457.34 before placing the market order
2025-10-08 20:38:05,948 - INFO - the market order has been placed and response is {'bracket_order': None, 'bracket_take_profit_price': None, 'reduce_only': False, 'updated_at': '2025-10-08T15:08:06.152522Z', 'mmp': 'disabled', 'side': 'buy', 'product_id': 3136, 'order_type': 'market_order', 'time_in_force': 'gtc', 'state': 'closed', 'cancellation_reason': None, 'id': 981688495, 'stop_price': None, 'product_symbol': 'ETHUSD', 'client_order_id': None, 'bracket_trail_amount': None, 'trail_amount': None, 'unfilled_size': 0, 'bracket_stop_loss_price': None, 'close_on_trigger': 'false', 'meta_data': {'cashflow': '0', 'ip': '122.187.117.179', 'otc': False, 'pnl': '0', 'source': 'api'}, 'stop_order_type': None, 'average_fill_price': '4457.3', 'user_id': 77410030, 'stop_trigger_method': None, 'created_at': '2025-10-08T15:08:06.028671Z', 'bracket_take_profit_limit_price': None, 'limit_price': '4680.3', 'quote_size': None, 'size': 2, 'bracket_stop_loss_limit_price': None, 'commission': '0', 'paid_commission': '0.05259614'}
2025-10-08 20:38:06,163 - INFO - since a new trade is being opened the fake trade flag is 1
2025-10-08 20:38:06,164 - INFO - placing order at sl: 4452.67 , tp: 4477.06
2025-10-08 20:38:06,815 - INFO - bracket order response is {'result': {'stop_loss_order': {'bracket_stop_loss_limit_price': None, 'cancellation_reason': None, 'side': 'sell', 'mmp': 'disabled', 'product_id': 3136, 'stop_price': '4452.67', 'user_id': 77410030, 'state': 'pending', 'bracket_trail_amount': None, 'bracket_stop_loss_price': None, 'order_type': 'limit_order', 'id': 981688518, 'paid_commission': '0', 'stop_order_type': 'stop_loss_order', 'product_symbol': 'ETHUSD', 'limit_price': '4451.67', 'bracket_order': True, 'bracket_take_profit_price': None, 'bracket_take_profit_limit_price': None, 'quote_size': None, 'close_on_trigger': 'false', 'commission': '0', 'updated_at': '2025-10-08T15:08:07.156360Z', 'reduce_only': True, 'trail_amount': None, 'stop_trigger_method': 'last_traded_price', 'time_in_force': 'gtc', 'average_fill_price': None, 'size': 2, 'client_order_id': None, 'meta_data': {'ip': '122.187.117.179', 'source': 'api'}, 'created_at': '2025-10-08T15:08:07.156360Z', 'unfilled_size': 2}, 'take_profit_order': {'bracket_stop_loss_limit_price': None, 'cancellation_reason': None, 'side': 'sell', 'mmp': 'disabled', 'product_id': 3136, 'stop_price': '4477.06', 'user_id': 77410030, 'state': 'pending', 'bracket_trail_amount': None, 'bracket_stop_loss_price': None, 'order_type': 'limit_order', 'id': 981688519, 'paid_commission': '0', 'stop_order_type': 'take_profit_order', 'product_symbol': 'ETHUSD', 'limit_price': '4476.06', 'bracket_order': True, 'bracket_take_profit_price': None, 'bracket_take_profit_limit_price': None, 'quote_size': None, 'close_on_trigger': 'false', 'commission': '0', 'updated_at': '2025-10-08T15:08:07.157157Z', 'reduce_only': True, 'trail_amount': None, 'stop_trigger_method': 'last_traded_price', 'time_in_force': 'gtc', 'average_fill_price': None, 'size': 2, 'client_order_id': None, 'meta_data': {'ip': '122.187.117.179', 'source': 'api'}, 'created_at': '2025-10-08T15:08:07.157157Z', 'unfilled_size': 2}}, 'success': True}
2025-10-08 20:39:03,464 - INFO - fake trade flag is reverted to 0 , fake signal with position status is False
2025-10-08 20:47:34,152 - INFO - Opposite signal detected! Entry: 2, Current: -2
2025-10-08 20:47:34,153 - INFO - the closing order is being placed , the opposite direction is sell since the last direction was buy
2025-10-08 20:47:35,246 - INFO - since an opposite signal is detected now we have placed an order with response {'bracket_order': None, 'bracket_take_profit_price': None, 'reduce_only': False, 'updated_at': '2025-10-08T15:17:35.453990Z', 'mmp': 'disabled', 'side': 'sell', 'product_id': 3136, 'order_type': 'market_order', 'time_in_force': 'gtc', 'state': 'closed', 'cancellation_reason': None, 'id': 981701483, 'stop_price': None, 'product_symbol': 'ETHUSD', 'client_order_id': None, 'bracket_trail_amount': None, 'trail_amount': None, 'unfilled_size': 0, 'bracket_stop_loss_price': None, 'close_on_trigger': 'false', 'meta_data': {'avg_exit_price': '4447.85', 'cashflow': '-0.189', 'entry_price': '4457.30000000', 'exit_price_with_size': [{'price': '4447.85000000', 'size': '2'}], 'fills_pnl_with_margin': [{'margin': '4.45730000', 'pnl': '-0.18900000'}], 'ip': '122.187.117.179', 'otc': False, 'pnl': '-0.189', 'roe': '-4.240235119915643999730778723', 'source': 'api'}, 'stop_order_type': None, 'average_fill_price': '4447.85', 'user_id': 77410030, 'stop_trigger_method': None, 'created_at': '2025-10-08T15:17:35.408779Z', 'bracket_take_profit_limit_price': None, 'limit_price': '4225.7', 'quote_size': None, 'size': 2, 'bracket_stop_loss_limit_price': None, 'commission': '0', 'paid_commission': '0'} , now the position status of self.h_pos is 0
2025-10-08 20:48:06,555 - INFO - current_price is 4450.27 before placing the market order
2025-10-08 20:48:07,728 - INFO - the market order has been placed and response is {'bracket_order': None, 'bracket_take_profit_price': None, 'reduce_only': False, 'updated_at': '2025-10-08T15:18:07.944889Z', 'mmp': 'disabled', 'side': 'sell', 'product_id': 3136, 'order_type': 'market_order', 'time_in_force': 'gtc', 'state': 'closed', 'cancellation_reason': None, 'id': 981702119, 'stop_price': None, 'product_symbol': 'ETHUSD', 'client_order_id': None, 'bracket_trail_amount': None, 'trail_amount': None, 'unfilled_size': 0, 'bracket_stop_loss_price': None, 'close_on_trigger': 'false', 'meta_data': {'cashflow': '0', 'ip': '122.187.117.179', 'otc': False, 'pnl': '0', 'source': 'api'}, 'stop_order_type': None, 'average_fill_price': '4448.65', 'user_id': 77410030, 'stop_trigger_method': None, 'created_at': '2025-10-08T15:18:07.830026Z', 'bracket_take_profit_limit_price': None, 'limit_price': '4227.95', 'quote_size': None, 'size': 2, 'bracket_stop_loss_limit_price': None, 'commission': '0', 'paid_commission': '0.05249407'}
2025-10-08 20:48:07,921 - INFO - since a new trade is being opened the fake trade flag is 1
2025-10-08 20:48:07,922 - INFO - placing order at sl: 4459.07 , tp: 4429.98
2025-10-08 20:48:08,585 - INFO - bracket order response is {'result': {'stop_loss_order': {'user_id': 77410030, 'meta_data': {'ip': '122.187.117.179', 'source': 'api'}, 'updated_at': '2025-10-08T15:18:08.927166Z', 'product_id': 3136, 'state': 'pending', 'mmp': 'disabled', 'id': 981702137, 'stop_price': '4459.07', 'bracket_take_profit_limit_price': None, 'product_symbol': 'ETHUSD', 'created_at': '2025-10-08T15:18:08.927166Z', 'client_order_id': None, 'side': 'buy', 'reduce_only': True, 'average_fill_price': None, 'stop_order_type': 'stop_loss_order', 'bracket_stop_loss_limit_price': None, 'close_on_trigger': 'false', 'bracket_take_profit_price': None, 'time_in_force': 'gtc', 'bracket_stop_loss_price': None, 'bracket_trail_amount': None, 'unfilled_size': 2, 'stop_trigger_method': 'last_traded_price', 'size': 2, 'trail_amount': None, 'limit_price': '4460.07', 'paid_commission': '0', 'order_type': 'limit_order', 'bracket_order': True, 'cancellation_reason': None, 'quote_size': None, 'commission': '0'}, 'take_profit_order': {'user_id': 77410030, 'meta_data': {'ip': '122.187.117.179', 'source': 'api'}, 'updated_at': '2025-10-08T15:18:08.928714Z', 'product_id': 3136, 'state': 'pending', 'mmp': 'disabled', 'id': 981702138, 'stop_price': '4429.98', 'bracket_take_profit_limit_price': None, 'product_symbol': 'ETHUSD', 'created_at': '2025-10-08T15:18:08.928714Z', 'client_order_id': None, 'side': 'buy', 'reduce_only': True, 'average_fill_price': None, 'stop_order_type': 'take_profit_order', 'bracket_stop_loss_limit_price': None, 'close_on_trigger': 'false', 'bracket_take_profit_price': None, 'time_in_force': 'gtc', 'bracket_stop_loss_price': None, 'bracket_trail_amount': None, 'unfilled_size': 2, 'stop_trigger_method': 'last_traded_price', 'size': 2, 'trail_amount': None, 'limit_price': '4430.98', 'paid_commission': '0', 'order_type': 'limit_order', 'bracket_order': True, 'cancellation_reason': None, 'quote_size': None, 'commission': '0'}}, 'success': True}
2025-10-08 20:49:04,157 - INFO - fake trade flag is reverted to 0 , fake signal with position status is False
2025-10-08 20:55:09,695 - INFO - we have lost the trade
2025-10-08 20:55:09,696 - INFO - current martingale level is 1 and the current fake loss is 0
2025-10-08 20:55:09,696 - INFO - LOSS detected: type=sl, current_level=1
2025-10-08 20:55:09,697 - INFO - LOSS (sl): Level 2, leverage: 40x
2025-10-08 20:55:09,698 - INFO - Current leverage level: 2, Start elevated: False
2025-10-08 20:55:10,714 - INFO - here we are not going to sleep since the entry and exit time is not same
2025-10-08 20:56:03,274 - INFO - current_price is 4463.1 before placing the market order
2025-10-08 20:56:04,585 - INFO - the market order has been placed and response is {'bracket_order': None, 'bracket_take_profit_price': None, 'reduce_only': False, 'updated_at': '2025-10-08T15:26:04.846712Z', 'mmp': 'disabled', 'side': 'buy', 'product_id': 3136, 'order_type': 'market_order', 'time_in_force': 'gtc', 'state': 'closed', 'cancellation_reason': None, 'id': 981714349, 'stop_price': None, 'product_symbol': 'ETHUSD', 'client_order_id': None, 'bracket_trail_amount': None, 'trail_amount': None, 'unfilled_size': 0, 'bracket_stop_loss_price': None, 'close_on_trigger': 'false', 'meta_data': {'cashflow': '0', 'ip': '122.187.117.179', 'otc': False, 'pnl': '0', 'source': 'api'}, 'stop_order_type': None, 'average_fill_price': '4464.56', 'user_id': 77410030, 'stop_trigger_method': None, 'created_at': '2025-10-08T15:26:04.575841Z', 'bracket_take_profit_limit_price': None, 'limit_price': '4685.15', 'quote_size': None, 'size': 5, 'bracket_stop_loss_limit_price': None, 'commission': '0', 'paid_commission': '0.13170452'}
2025-10-08 20:56:04,772 - INFO - since a new trade is being opened the fake trade flag is 1
2025-10-08 20:56:04,772 - INFO - placing order at sl: 4453.0 , tp: 4483.08
2025-10-08 20:56:05,635 - INFO - bracket order response is {'result': {'stop_loss_order': {'bracket_order': True, 'bracket_take_profit_price': None, 'reduce_only': True, 'updated_at': '2025-10-08T15:26:05.982800Z', 'mmp': 'disabled', 'side': 'sell', 'product_id': 3136, 'order_type': 'limit_order', 'time_in_force': 'gtc', 'state': 'pending', 'cancellation_reason': None, 'id': 981714386, 'stop_price': '4453', 'product_symbol': 'ETHUSD', 'client_order_id': None, 'bracket_trail_amount': None, 'trail_amount': None, 'unfilled_size': 5, 'bracket_stop_loss_price': None, 'close_on_trigger': 'false', 'meta_data': {'ip': '122.187.117.179', 'source': 'api'}, 'stop_order_type': 'stop_loss_order', 'average_fill_price': None, 'user_id': 77410030, 'stop_trigger_method': 'last_traded_price', 'created_at': '2025-10-08T15:26:05.982800Z', 'bracket_take_profit_limit_price': None, 'limit_price': '4452', 'quote_size': None, 'size': 5, 'bracket_stop_loss_limit_price': None, 'commission': '0', 'paid_commission': '0'}, 'take_profit_order': {'bracket_order': True, 'bracket_take_profit_price': None, 'reduce_only': True, 'updated_at': '2025-10-08T15:26:05.983451Z', 'mmp': 'disabled', 'side': 'sell', 'product_id': 3136, 'order_type': 'limit_order', 'time_in_force': 'gtc', 'state': 'pending', 'cancellation_reason': None, 'id': 981714387, 'stop_price': '4483.08', 'product_symbol': 'ETHUSD', 'client_order_id': None, 'bracket_trail_amount': None, 'trail_amount': None, 'unfilled_size': 5, 'bracket_stop_loss_price': None, 'close_on_trigger': 'false', 'meta_data': {'ip': '122.187.117.179', 'source': 'api'}, 'stop_order_type': 'take_profit_order', 'average_fill_price': None, 'user_id': 77410030, 'stop_trigger_method': 'last_traded_price', 'created_at': '2025-10-08T15:26:05.983451Z', 'bracket_take_profit_limit_price': None, 'limit_price': '4482.08', 'quote_size': None, 'size': 5, 'bracket_stop_loss_limit_price': None, 'commission': '0', 'paid_commission': '0'}}, 'success': True}
2025-10-08 20:57:01,610 - INFO - fake signal is detected trade taken at 1759937160000 with original signal 2 and the second last signal time is 2025-10-08 15:26:00
2025-10-08 20:57:01,611 - INFO - last signal is 0 , second last signal is 0
2025-10-08 20:57:01,811 - INFO - this is a fake order so the market order will be placed to close it , the current price is 4461.43
2025-10-08 20:57:02,269 - INFO - the sl / tp was not hit so we are closing market order , sl status : pending , tp status : pending
2025-10-08 20:57:05,056 - INFO - Fake Loss amount is $0.28300000000000125
2025-10-08 20:57:05,056 - INFO - LOSS detected: type=fake, current_level=2
2025-10-08 20:57:05,057 - INFO - LOSS (fake): Level 3, leverage: 80x
2025-10-08 20:57:05,058 - INFO - Current leverage level: 3, Start elevated: False
2025-10-08 20:57:05,059 - INFO - the current martingale level is 3
2025-10-08 20:57:05,059 - INFO - here we are going to sleep for 60 since the entry and exit time is the same
2025-10-08 20:58:05,060 - INFO - fake trade flag is reverted to 0 , fake signal with position status is True
2025-10-08 21:17:07,967 - INFO - current_price is 4447.05 before placing the market order
2025-10-08 21:17:09,250 - INFO - the market order has been placed and response is {'bracket_order': None, 'bracket_take_profit_price': None, 'reduce_only': False, 'updated_at': '2025-10-08T15:47:09.480058Z', 'mmp': 'disabled', 'side': 'sell', 'product_id': 3136, 'order_type': 'market_order', 'time_in_force': 'gtc', 'state': 'closed', 'cancellation_reason': None, 'id': 981738017, 'stop_price': None, 'product_symbol': 'ETHUSD', 'client_order_id': None, 'bracket_trail_amount': None, 'trail_amount': None, 'unfilled_size': 0, 'bracket_stop_loss_price': None, 'close_on_trigger': 'false', 'meta_data': {'cashflow': '0', 'ip': '122.187.117.179', 'otc': False, 'pnl': '0', 'source': 'api'}, 'stop_order_type': None, 'average_fill_price': '4446.8', 'user_id': 77410030, 'stop_trigger_method': None, 'created_at': '2025-10-08T15:47:09.309145Z', 'bracket_take_profit_limit_price': None, 'limit_price': '4227.75', 'quote_size': None, 'size': 10, 'bracket_stop_loss_limit_price': None, 'commission': '0', 'paid_commission': '0.2623612'}
2025-10-08 21:17:09,475 - INFO - since a new trade is being opened the fake trade flag is 1
2025-10-08 21:17:09,476 - INFO - placing order at sl: 4456.0 , tp: 4425.99
2025-10-08 21:17:10,331 - INFO - bracket order response is {'result': {'stop_loss_order': {'user_id': 77410030, 'meta_data': {'ip': '122.187.117.179', 'source': 'api'}, 'updated_at': '2025-10-08T15:47:10.697733Z', 'product_id': 3136, 'state': 'pending', 'mmp': 'disabled', 'id': 981738054, 'stop_price': '4456', 'bracket_take_profit_limit_price': None, 'product_symbol': 'ETHUSD', 'created_at': '2025-10-08T15:47:10.697733Z', 'client_order_id': None, 'side': 'buy', 'reduce_only': True, 'average_fill_price': None, 'stop_order_type': 'stop_loss_order', 'bracket_stop_loss_limit_price': None, 'close_on_trigger': 'false', 'bracket_take_profit_price': None, 'time_in_force': 'gtc', 'bracket_stop_loss_price': None, 'bracket_trail_amount': None, 'unfilled_size': 10, 'stop_trigger_method': 'last_traded_price', 'size': 10, 'trail_amount': None, 'limit_price': '4457', 'paid_commission': '0', 'order_type': 'limit_order', 'bracket_order': True, 'cancellation_reason': None, 'quote_size': None, 'commission': '0'}, 'take_profit_order': {'user_id': 77410030, 'meta_data': {'ip': '122.187.117.179', 'source': 'api'}, 'updated_at': '2025-10-08T15:47:10.698708Z', 'product_id': 3136, 'state': 'pending', 'mmp': 'disabled', 'id': 981738055, 'stop_price': '4425.99', 'bracket_take_profit_limit_price': None, 'product_symbol': 'ETHUSD', 'created_at': '2025-10-08T15:47:10.698708Z', 'client_order_id': None, 'side': 'buy', 'reduce_only': True, 'average_fill_price': None, 'stop_order_type': 'take_profit_order', 'bracket_stop_loss_limit_price': None, 'close_on_trigger': 'false', 'bracket_take_profit_price': None, 'time_in_force': 'gtc', 'bracket_stop_loss_price': None, 'bracket_trail_amount': None, 'unfilled_size': 10, 'stop_trigger_method': 'last_traded_price', 'size': 10, 'trail_amount': None, 'limit_price': '4426.99', 'paid_commission': '0', 'order_type': 'limit_order', 'bracket_order': True, 'cancellation_reason': None, 'quote_size': None, 'commission': '0'}}, 'success': True}
2025-10-08 21:18:02,524 - INFO - fake trade flag is reverted to 0 , fake signal with position status is False
2025-10-08 21:40:59,714 - INFO - Opposite signal detected! Entry: -2, Current: 2
2025-10-08 21:40:59,719 - INFO - the closing order is being placed , the opposite direction is buy since the last direction was sell
2025-10-08 21:41:00,823 - INFO - since an opposite signal is detected now we have placed an order with response {'bracket_order': None, 'bracket_take_profit_price': None, 'reduce_only': False, 'updated_at': '2025-10-08T16:11:01.068661Z', 'mmp': 'disabled', 'side': 'buy', 'product_id': 3136, 'order_type': 'market_order', 'time_in_force': 'gtc', 'state': 'closed', 'cancellation_reason': None, 'id': 981768226, 'stop_price': None, 'product_symbol': 'ETHUSD', 'client_order_id': None, 'bracket_trail_amount': None, 'trail_amount': None, 'unfilled_size': 0, 'bracket_stop_loss_price': None, 'close_on_trigger': 'false', 'meta_data': {'avg_exit_price': '4454.9', 'cashflow': '-0.81', 'entry_price': '4446.80000000', 'exit_price_with_size': [{'price': '4454.90000000', 'size': '-10'}], 'fills_pnl_with_margin': [{'margin': '5.60297160', 'pnl': '-0.81000000'}], 'ip': '122.187.117.179', 'otc': False, 'pnl': '-0.81', 'roe': '-14.45661441510786883160357265', 'source': 'api'}, 'stop_order_type': None, 'average_fill_price': '4454.9', 'user_id': 77410030, 'stop_trigger_method': None, 'created_at': '2025-10-08T16:11:01.029126Z', 'bracket_take_profit_limit_price': None, 'limit_price': '4673.15', 'quote_size': None, 'size': 10, 'bracket_stop_loss_limit_price': None, 'commission': '0', 'paid_commission': '0.2628391'} , now the position status of self.h_pos is 0
