2025-10-06 21:53:38,278 - INFO - The trading bot has started with initial capital 600 and initial leverage 10 and symbol ETHUSD and interval 1m with tp percent 0.18 and sl points 5 current fake loss amount is 0 and current martingale level is 0
2025-10-06 22:06:10,853 - INFO - current_price is 4674.47 before placing the market order
2025-10-06 22:06:14,061 - INFO - the market order has been placed and response is {'bracket_trail_amount': None, 'reduce_only': False, 'bracket_take_profit_limit_price': None, 'meta_data': {'cashflow': '0', 'ip': '122.187.117.179', 'otc': False, 'pnl': '0', 'source': 'api'}, 'product_id': 3136, 'stop_price': None, 'user_id': 45346787, 'unfilled_size': 0, 'quote_size': None, 'state': 'closed', 'trail_amount': None, 'average_fill_price': '4673.95', 'id': 977514868, 'close_on_trigger': 'false', 'side': 'buy', 'product_symbol': 'ETHUSD', 'paid_commission': '0.02757631', 'bracket_stop_loss_limit_price': None, 'order_type': 'market_order', 'cancellation_reason': None, 'time_in_force': 'gtc', 'mmp': 'disabled', 'stop_order_type': None, 'stop_trigger_method': None, 'bracket_take_profit_price': None, 'limit_price': '4905.15', 'created_at': '2025-10-06T16:36:13.305398Z', 'commission': '0', 'client_order_id': None, 'size': 1, 'bracket_order': None, 'updated_at': '2025-10-06T16:36:14.656194Z', 'bracket_stop_loss_price': None}
2025-10-06 22:06:14,260 - INFO - since a new trade is being opened the fake trade flag is 1
2025-10-06 22:06:14,262 - INFO - placing order at sl: 4669.88 , tp: 4682.41
2025-10-06 22:06:14,912 - INFO - bracket order response is {'result': {'stop_loss_order': {'paid_commission': '0', 'stop_order_type': 'stop_loss_order', 'commission': '0', 'product_id': 3136, 'order_type': 'limit_order', 'side': 'sell', 'updated_at': '2025-10-06T16:36:15.878119Z', 'user_id': 45346787, 'state': 'pending', 'bracket_take_profit_price': None, 'id': 977515014, 'time_in_force': 'gtc', 'bracket_take_profit_limit_price': None, 'product_symbol': 'ETHUSD', 'stop_price': '4669.88', 'limit_price': '4668.88', 'bracket_order': True, 'average_fill_price': None, 'quote_size': None, 'mmp': 'disabled', 'bracket_stop_loss_limit_price': None, 'unfilled_size': 1, 'bracket_stop_loss_price': None, 'reduce_only': True, 'stop_trigger_method': 'last_traded_price', 'client_order_id': None, 'size': 1, 'bracket_trail_amount': None, 'cancellation_reason': None, 'close_on_trigger': 'false', 'meta_data': {'ip': '122.187.117.179', 'source': 'api'}, 'created_at': '2025-10-06T16:36:15.878119Z', 'trail_amount': None}, 'take_profit_order': {'paid_commission': '0', 'stop_order_type': 'take_profit_order', 'commission': '0', 'product_id': 3136, 'order_type': 'limit_order', 'side': 'sell', 'updated_at': '2025-10-06T16:36:15.878727Z', 'user_id': 45346787, 'state': 'pending', 'bracket_take_profit_price': None, 'id': 977515015, 'time_in_force': 'gtc', 'bracket_take_profit_limit_price': None, 'product_symbol': 'ETHUSD', 'stop_price': '4682.41', 'limit_price': '4681.41', 'bracket_order': True, 'average_fill_price': None, 'quote_size': None, 'mmp': 'disabled', 'bracket_stop_loss_limit_price': None, 'unfilled_size': 1, 'bracket_stop_loss_price': None, 'reduce_only': True, 'stop_trigger_method': 'last_traded_price', 'client_order_id': None, 'size': 1, 'bracket_trail_amount': None, 'cancellation_reason': None, 'close_on_trigger': 'false', 'meta_data': {'ip': '122.187.117.179', 'source': 'api'}, 'created_at': '2025-10-06T16:36:15.878727Z', 'trail_amount': None}}, 'success': True}
2025-10-06 22:07:01,579 - INFO - fake trade flag is reverted to 0 , fake signal with position status is False
2025-10-06 22:13:07,837 - INFO - we have won the trade
2025-10-06 22:13:07,838 - INFO - WIN: Reset to level 0, leverage: 10x
2025-10-06 22:13:07,838 - INFO - Current leverage level: 0, Start elevated: False
2025-10-06 22:13:07,839 - INFO - current martingale level is 0 and the current fake loss is 0
2025-10-06 22:13:08,637 - INFO - here we are not going to sleep since the entry and exit time is not same
2025-10-06 22:22:02,492 - INFO - current_price is 4672.66 before placing the market order
2025-10-06 22:22:04,104 - INFO - the market order has been placed and response is {'bracket_trail_amount': None, 'reduce_only': False, 'bracket_take_profit_limit_price': None, 'meta_data': {'cashflow': '0', 'ip': '122.187.117.179', 'otc': False, 'pnl': '0', 'source': 'api'}, 'product_id': 3136, 'stop_price': None, 'user_id': 45346787, 'unfilled_size': 0, 'quote_size': None, 'state': 'closed', 'trail_amount': None, 'average_fill_price': '4669.9', 'id': 977548553, 'close_on_trigger': 'false', 'side': 'sell', 'product_symbol': 'ETHUSD', 'paid_commission': '0.02755241', 'bracket_stop_loss_limit_price': None, 'order_type': 'market_order', 'cancellation_reason': None, 'time_in_force': 'gtc', 'mmp': 'disabled', 'stop_order_type': None, 'stop_trigger_method': None, 'bracket_take_profit_price': None, 'limit_price': '4438.55', 'created_at': '2025-10-06T16:52:04.642151Z', 'commission': '0', 'client_order_id': None, 'size': 1, 'bracket_order': None, 'updated_at': '2025-10-06T16:52:04.824088Z', 'bracket_stop_loss_price': None}
2025-10-06 22:22:04,335 - INFO - since a new trade is being opened the fake trade flag is 1
2025-10-06 22:22:04,336 - INFO - placing order at sl: 4677.0 , tp: 4663.59
2025-10-06 22:22:05,018 - INFO - bracket order response is {'result': {'stop_loss_order': {'paid_commission': '0', 'stop_order_type': 'stop_loss_order', 'commission': '0', 'product_id': 3136, 'order_type': 'limit_order', 'side': 'buy', 'updated_at': '2025-10-06T16:52:05.974564Z', 'user_id': 45346787, 'state': 'pending', 'bracket_take_profit_price': None, 'id': 977548604, 'time_in_force': 'gtc', 'bracket_take_profit_limit_price': None, 'product_symbol': 'ETHUSD', 'stop_price': '4677', 'limit_price': '4678', 'bracket_order': True, 'average_fill_price': None, 'quote_size': None, 'mmp': 'disabled', 'bracket_stop_loss_limit_price': None, 'unfilled_size': 1, 'bracket_stop_loss_price': None, 'reduce_only': True, 'stop_trigger_method': 'last_traded_price', 'client_order_id': None, 'size': 1, 'bracket_trail_amount': None, 'cancellation_reason': None, 'close_on_trigger': 'false', 'meta_data': {'ip': '122.187.117.179', 'source': 'api'}, 'created_at': '2025-10-06T16:52:05.974564Z', 'trail_amount': None}, 'take_profit_order': {'paid_commission': '0', 'stop_order_type': 'take_profit_order', 'commission': '0', 'product_id': 3136, 'order_type': 'limit_order', 'side': 'buy', 'updated_at': '2025-10-06T16:52:05.975277Z', 'user_id': 45346787, 'state': 'pending', 'bracket_take_profit_price': None, 'id': 977548605, 'time_in_force': 'gtc', 'bracket_take_profit_limit_price': None, 'product_symbol': 'ETHUSD', 'stop_price': '4663.59', 'limit_price': '4664.59', 'bracket_order': True, 'average_fill_price': None, 'quote_size': None, 'mmp': 'disabled', 'bracket_stop_loss_limit_price': None, 'unfilled_size': 1, 'bracket_stop_loss_price': None, 'reduce_only': True, 'stop_trigger_method': 'last_traded_price', 'client_order_id': None, 'size': 1, 'bracket_trail_amount': None, 'cancellation_reason': None, 'close_on_trigger': 'false', 'meta_data': {'ip': '122.187.117.179', 'source': 'api'}, 'created_at': '2025-10-06T16:52:05.975277Z', 'trail_amount': None}}, 'success': True}
2025-10-06 22:23:00,844 - INFO - fake signal is detected trade taken at 1759769520000 with original signal -2 and the second last signal time is 2025-10-06 16:52:00
2025-10-06 22:23:00,844 - INFO - last signal is 0 , second last signal is 0
2025-10-06 22:23:01,026 - INFO - this is a fake order so the market order will be placed to close it , the current price is 4674.59
2025-10-06 22:23:01,489 - INFO - the sl / tp was not hit so we are closing market order , sl status : pending , tp status : pending
2025-10-06 22:23:06,613 - INFO - Fake Loss amount is $0.06157246999999977
2025-10-06 22:23:06,614 - INFO - LOSS detected: type=fake, current_level=0
2025-10-06 22:23:06,614 - INFO - LOSS (fake): Level 1, leverage: 20x
2025-10-06 22:23:06,615 - INFO - Current leverage level: 1, Start elevated: False
2025-10-06 22:23:06,615 - INFO - the current martingale level is 1
2025-10-06 22:23:06,616 - INFO - here we are going to sleep for 60 since the entry and exit time is the same
2025-10-06 22:24:06,617 - INFO - fake trade flag is reverted to 0 , fake signal with position status is True
2025-10-06 22:43:05,086 - INFO - current_price is 4687.26 before placing the market order
2025-10-06 22:43:07,340 - INFO - the market order has been placed and response is {'bracket_trail_amount': None, 'reduce_only': False, 'bracket_take_profit_limit_price': None, 'meta_data': {'cashflow': '0', 'ip': '122.187.117.179', 'otc': False, 'pnl': '0', 'source': 'api'}, 'product_id': 3136, 'stop_price': None, 'user_id': 45346787, 'unfilled_size': 0, 'quote_size': None, 'state': 'closed', 'trail_amount': None, 'average_fill_price': '4685.6', 'id': 977591547, 'close_on_trigger': 'false', 'side': 'sell', 'product_symbol': 'ETHUSD', 'paid_commission': '0.05529008', 'bracket_stop_loss_limit_price': None, 'order_type': 'market_order', 'cancellation_reason': None, 'time_in_force': 'gtc', 'mmp': 'disabled', 'stop_order_type': None, 'stop_trigger_method': None, 'bracket_take_profit_price': None, 'limit_price': '4450.65', 'created_at': '2025-10-06T17:13:07.571585Z', 'commission': '0', 'client_order_id': None, 'size': 2, 'bracket_order': None, 'updated_at': '2025-10-06T17:13:08.107840Z', 'bracket_stop_loss_price': None}
2025-10-06 22:43:07,743 - INFO - since a new trade is being opened the fake trade flag is 1
2025-10-06 22:43:07,744 - INFO - placing order at sl: 4689.0 , tp: 4675.57
2025-10-06 22:43:08,447 - INFO - bracket order response is {'result': {'stop_loss_order': {'bracket_trail_amount': None, 'reduce_only': True, 'bracket_take_profit_limit_price': None, 'meta_data': {'ip': '122.187.117.179', 'source': 'api'}, 'product_id': 3136, 'stop_price': '4689', 'user_id': 45346787, 'unfilled_size': 2, 'quote_size': None, 'state': 'pending', 'trail_amount': None, 'average_fill_price': None, 'id': 977591606, 'close_on_trigger': 'false', 'side': 'buy', 'product_symbol': 'ETHUSD', 'paid_commission': '0', 'bracket_stop_loss_limit_price': None, 'order_type': 'limit_order', 'cancellation_reason': None, 'time_in_force': 'gtc', 'mmp': 'disabled', 'stop_order_type': 'stop_loss_order', 'stop_trigger_method': 'last_traded_price', 'bracket_take_profit_price': None, 'limit_price': '4690', 'created_at': '2025-10-06T17:13:09.424246Z', 'commission': '0', 'client_order_id': None, 'size': 2, 'bracket_order': True, 'updated_at': '2025-10-06T17:13:09.424246Z', 'bracket_stop_loss_price': None}, 'take_profit_order': {'bracket_trail_amount': None, 'reduce_only': True, 'bracket_take_profit_limit_price': None, 'meta_data': {'ip': '122.187.117.179', 'source': 'api'}, 'product_id': 3136, 'stop_price': '4675.57', 'user_id': 45346787, 'unfilled_size': 2, 'quote_size': None, 'state': 'pending', 'trail_amount': None, 'average_fill_price': None, 'id': 977591607, 'close_on_trigger': 'false', 'side': 'buy', 'product_symbol': 'ETHUSD', 'paid_commission': '0', 'bracket_stop_loss_limit_price': None, 'order_type': 'limit_order', 'cancellation_reason': None, 'time_in_force': 'gtc', 'mmp': 'disabled', 'stop_order_type': 'take_profit_order', 'stop_trigger_method': 'last_traded_price', 'bracket_take_profit_price': None, 'limit_price': '4676.57', 'created_at': '2025-10-06T17:13:09.425111Z', 'commission': '0', 'client_order_id': None, 'size': 2, 'bracket_order': True, 'updated_at': '2025-10-06T17:13:09.425111Z', 'bracket_stop_loss_price': None}}, 'success': True}
2025-10-06 22:44:01,534 - INFO - fake signal is detected trade taken at 1759770780000 with original signal -4 and the second last signal time is 2025-10-06 17:13:00
2025-10-06 22:44:01,536 - INFO - last signal is 0 , second last signal is 0
2025-10-06 22:44:01,606 - INFO - this is a fake order so the market order will be placed to close it , the current price is 4692.13
2025-10-06 22:44:02,103 - INFO - the sl / tp was hitted before the execution so no closing market order , sl status : closed , tp status : cancelled
2025-10-06 22:44:02,313 - INFO - Fake Loss amount is $0.13383639999999986
2025-10-06 22:44:02,313 - INFO - LOSS detected: type=fake, current_level=1
2025-10-06 22:44:02,314 - INFO - LOSS (fake): Level 2, leverage: 40x
2025-10-06 22:44:02,314 - INFO - Current leverage level: 2, Start elevated: False
2025-10-06 22:44:02,314 - INFO - the current martingale level is 2
2025-10-06 22:44:02,315 - INFO - here we are not going to sleep since the entry and exit time is not same
2025-10-06 22:44:02,816 - INFO - fake trade flag is reverted to 0 , fake signal with position status is True
2025-10-06 22:44:04,710 - INFO - we have lost the trade
2025-10-06 22:44:04,711 - INFO - current martingale level is 2 and the current fake loss is 0
2025-10-06 22:44:04,712 - INFO - LOSS detected: type=sl, current_level=2
2025-10-06 22:44:04,713 - INFO - Double trigger: fake at 1759770842.3136437, sl at 1759770844.712216
2025-10-06 22:44:04,713 - INFO - Double trigger: Deferring second increment to next trade
2025-10-06 22:44:05,325 - INFO - here we are not going to sleep since the entry and exit time is not same
2025-10-06 23:04:02,085 - INFO - current_price is 4704.8 before placing the market order
2025-10-06 23:04:03,810 - INFO - the market order has been placed and response is {'bracket_trail_amount': None, 'reduce_only': False, 'bracket_take_profit_limit_price': None, 'meta_data': {'cashflow': '0', 'ip': '122.187.117.179', 'otc': False, 'pnl': '0', 'source': 'api'}, 'product_id': 3136, 'stop_price': None, 'user_id': 45346787, 'unfilled_size': 0, 'quote_size': None, 'state': 'closed', 'trail_amount': None, 'average_fill_price': '4702.05', 'id': 977662654, 'close_on_trigger': 'false', 'side': 'sell', 'product_symbol': 'ETHUSD', 'paid_commission': '0.27742095', 'bracket_stop_loss_limit_price': None, 'order_type': 'market_order', 'cancellation_reason': None, 'time_in_force': 'gtc', 'mmp': 'disabled', 'stop_order_type': None, 'stop_trigger_method': None, 'bracket_take_profit_price': None, 'limit_price': '4467.5', 'created_at': '2025-10-06T17:34:04.304509Z', 'commission': '0', 'client_order_id': None, 'size': 10, 'bracket_order': None, 'updated_at': '2025-10-06T17:34:04.669881Z', 'bracket_stop_loss_price': None}
2025-10-06 23:04:04,052 - INFO - since a new trade is being opened the fake trade flag is 1
2025-10-06 23:04:04,053 - INFO - placing order at sl: 4709.0 , tp: 4695.53
2025-10-06 23:04:04,918 - INFO - bracket order response is {'result': {'stop_loss_order': {'bracket_trail_amount': None, 'reduce_only': True, 'bracket_take_profit_limit_price': None, 'meta_data': {'ip': '122.187.117.179', 'source': 'api'}, 'product_id': 3136, 'stop_price': '4709', 'user_id': 45346787, 'unfilled_size': 10, 'quote_size': None, 'state': 'pending', 'trail_amount': None, 'average_fill_price': None, 'id': 977662735, 'close_on_trigger': 'false', 'side': 'buy', 'product_symbol': 'ETHUSD', 'paid_commission': '0', 'bracket_stop_loss_limit_price': None, 'order_type': 'limit_order', 'cancellation_reason': None, 'time_in_force': 'gtc', 'mmp': 'disabled', 'stop_order_type': 'stop_loss_order', 'stop_trigger_method': 'last_traded_price', 'bracket_take_profit_price': None, 'limit_price': '4710', 'created_at': '2025-10-06T17:34:05.903484Z', 'commission': '0', 'client_order_id': None, 'size': 10, 'bracket_order': True, 'updated_at': '2025-10-06T17:34:05.903484Z', 'bracket_stop_loss_price': None}, 'take_profit_order': {'bracket_trail_amount': None, 'reduce_only': True, 'bracket_take_profit_limit_price': None, 'meta_data': {'ip': '122.187.117.179', 'source': 'api'}, 'product_id': 3136, 'stop_price': '4695.53', 'user_id': 45346787, 'unfilled_size': 10, 'quote_size': None, 'state': 'pending', 'trail_amount': None, 'average_fill_price': None, 'id': 977662736, 'close_on_trigger': 'false', 'side': 'buy', 'product_symbol': 'ETHUSD', 'paid_commission': '0', 'bracket_stop_loss_limit_price': None, 'order_type': 'limit_order', 'cancellation_reason': None, 'time_in_force': 'gtc', 'mmp': 'disabled', 'stop_order_type': 'take_profit_order', 'stop_trigger_method': 'last_traded_price', 'bracket_take_profit_price': None, 'limit_price': '4696.53', 'created_at': '2025-10-06T17:34:05.904491Z', 'commission': '0', 'client_order_id': None, 'size': 10, 'bracket_order': True, 'updated_at': '2025-10-06T17:34:05.904491Z', 'bracket_stop_loss_price': None}}, 'success': True}
2025-10-06 23:05:01,485 - INFO - fake trade flag is reverted to 0 , fake signal with position status is False
2025-10-06 23:06:43,090 - INFO - we have won the trade
2025-10-06 23:06:43,095 - INFO - WIN: Reset to level 0, leverage: 20x
2025-10-06 23:06:43,095 - INFO - Current leverage level: 0, Start elevated: True
2025-10-06 23:06:43,096 - INFO - current martingale level is 0 and the current fake loss is 0
2025-10-06 23:06:43,303 - INFO - here we are not going to sleep since the entry and exit time is not same
