2025-10-25 08:12:21,570 - INFO - The trading bot has started with initial capital 550 and initial leverage 10 and symbol ETHUSD and interval 1m with tp percent 0.3 and sl points 6.5 current fake loss amount is 0 and current martingale level is 0 with fake loss threshold 0.05 on timeframe 1 with heikan-ashi status as 1 with N-candle lookback of 5
2025-10-25 08:16:04,992 - INFO - current_price is 3931.78 before placing the market order
2025-10-25 08:16:06,261 - INFO - the current entry signal is 2
2025-10-25 08:16:06,261 - INFO - the market order has been placed and response is {'stop_price': None, 'bracket_trail_amount': None, 'bracket_take_profit_price': None, 'reduce_only': False, 'product_id': 3136, 'cancellation_reason': None, 'state': 'closed', 'id': 1006764174, 'paid_commission': '0.02319526', 'limit_price': '4125.2', 'product_symbol': 'ETHUSD', 'bracket_stop_loss_price': None, 'close_on_trigger': 'false', 'stop_order_type': None, 'bracket_stop_loss_limit_price': None, 'average_fill_price': '3931.4', 'trail_amount': None, 'quote_size': None, 'client_order_id': None, 'meta_data': {'cashflow': '0', 'ip': '122.187.117.179', 'otc': False, 'pnl': '0', 'source': 'api'}, 'side': 'buy', 'bracket_order': None, 'stop_trigger_method': None, 'bracket_take_profit_limit_price': None, 'time_in_force': 'gtc', 'updated_at': '2025-10-25T02:46:06.432825Z', 'size': 1, 'unfilled_size': 0, 'order_type': 'market_order', 'user_id': 77410030, 'mmp': 'disabled', 'created_at': '2025-10-25T02:46:06.321389Z', 'commission': '0'}
2025-10-25 08:16:06,446 - INFO - since a new trade is being opened the fake trade flag is 1
2025-10-25 08:16:06,447 - INFO - placing order at sl: 3927.16 , tp: 3942.79
2025-10-25 08:16:07,086 - INFO - bracket order response is {'result': {'stop_loss_order': {'bracket_order': True, 'updated_at': '2025-10-25T02:46:07.392916Z', 'close_on_trigger': 'false', 'side': 'sell', 'product_id': 3136, 'unfilled_size': 1, 'state': 'pending', 'cancellation_reason': None, 'quote_size': None, 'id': 1006764188, 'average_fill_price': None, 'mmp': 'disabled', 'product_symbol': 'ETHUSD', 'stop_price': '3927.16', 'user_id': 77410030, 'paid_commission': '0', 'stop_order_type': 'stop_loss_order', 'trail_amount': None, 'bracket_take_profit_limit_price': None, 'bracket_stop_loss_price': None, 'client_order_id': None, 'time_in_force': 'gtc', 'reduce_only': True, 'stop_trigger_method': 'last_traded_price', 'bracket_take_profit_price': None, 'meta_data': {'ip': '122.187.117.179', 'source': 'api'}, 'limit_price': '3926.16', 'bracket_stop_loss_limit_price': None, 'size': 1, 'commission': '0', 'created_at': '2025-10-25T02:46:07.392916Z', 'order_type': 'limit_order', 'bracket_trail_amount': None}, 'take_profit_order': {'bracket_order': True, 'updated_at': '2025-10-25T02:46:07.393709Z', 'close_on_trigger': 'false', 'side': 'sell', 'product_id': 3136, 'unfilled_size': 1, 'state': 'pending', 'cancellation_reason': None, 'quote_size': None, 'id': 1006764189, 'average_fill_price': None, 'mmp': 'disabled', 'product_symbol': 'ETHUSD', 'stop_price': '3942.79', 'user_id': 77410030, 'paid_commission': '0', 'stop_order_type': 'take_profit_order', 'trail_amount': None, 'bracket_take_profit_limit_price': None, 'bracket_stop_loss_price': None, 'client_order_id': None, 'time_in_force': 'gtc', 'reduce_only': True, 'stop_trigger_method': 'last_traded_price', 'bracket_take_profit_price': None, 'meta_data': {'ip': '122.187.117.179', 'source': 'api'}, 'limit_price': '3941.79', 'bracket_stop_loss_limit_price': None, 'size': 1, 'commission': '0', 'created_at': '2025-10-25T02:46:07.393709Z', 'order_type': 'limit_order', 'bracket_trail_amount': None}}, 'success': True}
2025-10-25 08:17:01,165 - INFO - fake trade flag is reverted to 0 , fake signal with position status is False
2025-10-25 08:33:02,248 - INFO -  OPPOSITE SIGNAL DETECTED! Entry: 2, Current: -2
2025-10-25 08:33:02,607 - INFO - Closing BUY position with SELL order
2025-10-25 08:33:02,608 - INFO - Will re-enter with SELL position after closing
2025-10-25 08:33:02,663 - INFO - Close attempt 1: Placing sell order at $3930.05, qty: 1
2025-10-25 08:33:03,838 - INFO -  Close order successful on attempt 1: 1006774728
2025-10-25 08:33:04,028 - INFO - Closed position P&L: $0.03 (negative = profit)
2025-10-25 08:33:04,029 - INFO - Total fake loss :$0.03
2025-10-25 08:33:04,029 - INFO - P&L: $0.03, Total fake loss: $0.03/0.05, Level: 0
2025-10-25 08:33:05,030 - INFO - RE-ENTERING with SELL position (signal: -2)
2025-10-25 08:33:07,140 - INFO - Re-entry: SELL at $3929, SL: $3934.39, TP: $3917.21, Qty: 1, Leverage: 10x
2025-10-25 08:33:08,165 - INFO - Re-entry market order response: {'stop_price': None, 'bracket_trail_amount': None, 'bracket_take_profit_price': None, 'reduce_only': False, 'product_id': 3136, 'cancellation_reason': None, 'state': 'closed', 'id': 1006774771, 'paid_commission': '0.02318907', 'limit_price': '3733.95', 'product_symbol': 'ETHUSD', 'bracket_stop_loss_price': None, 'close_on_trigger': 'false', 'stop_order_type': None, 'bracket_stop_loss_limit_price': None, 'average_fill_price': '3930.35', 'trail_amount': None, 'quote_size': None, 'client_order_id': None, 'meta_data': {'cashflow': '0', 'ip': '122.187.117.179', 'otc': False, 'pnl': '0', 'source': 'api'}, 'side': 'sell', 'bracket_order': None, 'stop_trigger_method': None, 'bracket_take_profit_limit_price': None, 'time_in_force': 'gtc', 'updated_at': '2025-10-25T03:03:08.353043Z', 'size': 1, 'unfilled_size': 0, 'order_type': 'market_order', 'user_id': 77410030, 'mmp': 'disabled', 'created_at': '2025-10-25T03:03:08.241427Z', 'commission': '0'}
2025-10-25 08:33:08,380 - INFO - Re-entry market order placed: 1006774771
2025-10-25 08:33:08,382 - INFO - Placing bracket order - SL: $3934.39, TP: $3917.21
2025-10-25 08:33:09,217 - INFO - Bracket orders placed - TP ID: 1006774789, SL ID: 1006774788
2025-10-25 08:33:09,218 - INFO - RE-ENTRY COMPLETE: SELL position established
2025-10-25 08:34:01,317 - INFO - fake trade flag is reverted to 0 , fake signal with position status is False
2025-10-25 08:49:29,196 - INFO -  OPPOSITE SIGNAL DETECTED! Entry: -2, Current: 2
2025-10-25 08:49:29,579 - INFO - Closing SELL position with BUY order
2025-10-25 08:49:29,579 - INFO - Will re-enter with BUY position after closing
2025-10-25 08:49:29,684 - INFO - Close attempt 1: Placing buy order at $3932.45, qty: 1
2025-10-25 08:49:30,805 - INFO -  Close order successful on attempt 1: 1006784329
2025-10-25 08:49:30,986 - INFO - Closed position P&L: $0.05 (negative = profit)
2025-10-25 08:49:30,986 - INFO - Total fake loss :$0.08
2025-10-25 08:49:30,986 - INFO - Fake loss limit reached: $0.08 >= $0.05
2025-10-25 08:49:30,986 - INFO - LOSS detected: type=fake, level=0
2025-10-25 08:49:30,986 - INFO - FAKE LOSS (no SL cycle): Level 1
2025-10-25 08:49:30,986 - INFO - Status: Level=1, Elevated=False, FakeFlag=False, SLCycle=False
2025-10-25 08:49:30,987 - INFO - P&L: $0.05, Total fake loss: $0.00/0.05, Level: 1
2025-10-25 08:49:31,987 - INFO - RE-ENTERING with BUY position (signal: 2)
2025-10-25 08:49:32,470 - INFO - Re-entry: BUY at $3932, SL: $3928.77, TP: $3943.8, Qty: 2, Leverage: 20x
2025-10-25 08:49:33,511 - INFO - Re-entry market order response: {'stop_price': None, 'bracket_trail_amount': None, 'bracket_take_profit_price': None, 'reduce_only': False, 'product_id': 3136, 'cancellation_reason': None, 'state': 'closed', 'id': 1006784354, 'paid_commission': '0.04640409', 'limit_price': '4128.9', 'product_symbol': 'ETHUSD', 'bracket_stop_loss_price': None, 'close_on_trigger': 'false', 'stop_order_type': None, 'bracket_stop_loss_limit_price': None, 'average_fill_price': '3932.55', 'trail_amount': None, 'quote_size': None, 'client_order_id': None, 'meta_data': {'cashflow': '0', 'ip': '122.187.117.179', 'otc': False, 'pnl': '0', 'source': 'api'}, 'side': 'buy', 'bracket_order': None, 'stop_trigger_method': None, 'bracket_take_profit_limit_price': None, 'time_in_force': 'gtc', 'updated_at': '2025-10-25T03:19:33.702626Z', 'size': 2, 'unfilled_size': 0, 'order_type': 'market_order', 'user_id': 77410030, 'mmp': 'disabled', 'created_at': '2025-10-25T03:19:33.589233Z', 'commission': '0'}
2025-10-25 08:49:33,699 - INFO - Re-entry market order placed: 1006784354
2025-10-25 08:49:33,700 - INFO - Placing bracket order - SL: $3928.77, TP: $3943.8
2025-10-25 08:49:34,533 - INFO - Bracket orders placed - TP ID: 1006784368, SL ID: 1006784367
2025-10-25 08:49:34,534 - INFO - RE-ENTRY COMPLETE: BUY position established
2025-10-25 08:50:02,367 - INFO - fake trade flag is reverted to 0 , fake signal with position status is False
2025-10-25 09:04:25,159 - INFO - we have lost the trade
2025-10-25 09:04:25,160 - INFO - current martingale level is 1 and the current fake loss is 0
2025-10-25 09:04:25,160 - INFO - LOSS detected: type=sl, level=1
2025-10-25 09:04:25,161 - INFO - SL LOSS: Level 2
2025-10-25 09:04:25,161 - INFO - Status: Level=2, Elevated=False, FakeFlag=False, SLCycle=True
2025-10-25 09:04:25,371 - INFO - here we are not going to sleep since the entry and exit time is not same
2025-10-25 09:08:37,526 - INFO - current_price is 3925.99 before placing the market order
2025-10-25 09:08:38,775 - INFO - the current entry signal is -2
2025-10-25 09:08:38,775 - INFO - the market order has been placed and response is {'stop_price': None, 'bracket_trail_amount': None, 'bracket_take_profit_price': None, 'reduce_only': False, 'product_id': 3136, 'cancellation_reason': None, 'state': 'closed', 'id': 1006795397, 'paid_commission': '0.115817', 'limit_price': '3730.15', 'product_symbol': 'ETHUSD', 'bracket_stop_loss_price': None, 'close_on_trigger': 'false', 'stop_order_type': None, 'bracket_stop_loss_limit_price': None, 'average_fill_price': '3926', 'trail_amount': None, 'quote_size': None, 'client_order_id': None, 'meta_data': {'cashflow': '0', 'ip': '122.187.117.179', 'otc': False, 'pnl': '0', 'source': 'api'}, 'side': 'sell', 'bracket_order': None, 'stop_trigger_method': None, 'bracket_take_profit_limit_price': None, 'time_in_force': 'gtc', 'updated_at': '2025-10-25T03:38:38.978613Z', 'size': 5, 'unfilled_size': 0, 'order_type': 'market_order', 'user_id': 77410030, 'mmp': 'disabled', 'created_at': '2025-10-25T03:38:38.868423Z', 'commission': '0'}
2025-10-25 09:08:38,961 - INFO - since a new trade is being opened the fake trade flag is 1
2025-10-25 09:08:38,962 - INFO - placing order at sl: 3930.05 , tp: 3914.22
2025-10-25 09:08:39,599 - INFO - bracket order response is {'result': {'stop_loss_order': {'reduce_only': True, 'unfilled_size': 5, 'close_on_trigger': 'false', 'stop_price': '3930.05', 'order_type': 'limit_order', 'bracket_stop_loss_price': None, 'mmp': 'disabled', 'state': 'pending', 'id': 1006795411, 'cancellation_reason': None, 'time_in_force': 'gtc', 'paid_commission': '0', 'meta_data': {'ip': '122.187.117.179', 'source': 'api'}, 'product_id': 3136, 'bracket_take_profit_limit_price': None, 'bracket_stop_loss_limit_price': None, 'limit_price': '3931.05', 'bracket_take_profit_price': None, 'stop_order_type': 'stop_loss_order', 'stop_trigger_method': 'last_traded_price', 'side': 'buy', 'average_fill_price': None, 'client_order_id': None, 'created_at': '2025-10-25T03:38:39.943413Z', 'trail_amount': None, 'updated_at': '2025-10-25T03:38:39.943413Z', 'bracket_trail_amount': None, 'quote_size': None, 'size': 5, 'commission': '0', 'product_symbol': 'ETHUSD', 'user_id': 77410030, 'bracket_order': True}, 'take_profit_order': {'reduce_only': True, 'unfilled_size': 5, 'close_on_trigger': 'false', 'stop_price': '3914.22', 'order_type': 'limit_order', 'bracket_stop_loss_price': None, 'mmp': 'disabled', 'state': 'pending', 'id': 1006795412, 'cancellation_reason': None, 'time_in_force': 'gtc', 'paid_commission': '0', 'meta_data': {'ip': '122.187.117.179', 'source': 'api'}, 'product_id': 3136, 'bracket_take_profit_limit_price': None, 'bracket_stop_loss_limit_price': None, 'limit_price': '3915.22', 'bracket_take_profit_price': None, 'stop_order_type': 'take_profit_order', 'stop_trigger_method': 'last_traded_price', 'side': 'buy', 'average_fill_price': None, 'client_order_id': None, 'created_at': '2025-10-25T03:38:39.944035Z', 'trail_amount': None, 'updated_at': '2025-10-25T03:38:39.944035Z', 'bracket_trail_amount': None, 'quote_size': None, 'size': 5, 'commission': '0', 'product_symbol': 'ETHUSD', 'user_id': 77410030, 'bracket_order': True}}, 'success': True}
2025-10-25 09:09:00,803 - INFO - fake trade flag is reverted to 0 , fake signal with position status is False
2025-10-25 09:34:02,854 - INFO -  OPPOSITE SIGNAL DETECTED! Entry: -2, Current: 2
2025-10-25 09:34:03,255 - INFO - Closing SELL position with BUY order
2025-10-25 09:34:03,256 - INFO - Will re-enter with BUY position after closing
2025-10-25 09:34:03,323 - INFO - Close attempt 1: Placing buy order at $3924.57, qty: 5
2025-10-25 09:34:04,461 - INFO -  Close order successful on attempt 1: 1006812254
2025-10-25 09:34:04,652 - INFO - Closed position P&L: $-0.01 (negative = profit)
2025-10-25 09:34:04,652 - INFO - P&L: $-0.01, Total fake loss: $0.00/0.05, Level: 2
2025-10-25 09:34:05,653 - INFO - RE-ENTERING with BUY position (signal: 2)
2025-10-25 09:34:06,295 - INFO - Re-entry: BUY at $3924, SL: $3920.03, TP: $3935.77, Qty: 5, Leverage: 40x
2025-10-25 09:34:07,438 - INFO - Re-entry market order response: {'stop_price': None, 'bracket_trail_amount': None, 'bracket_take_profit_price': None, 'reduce_only': False, 'product_id': 3136, 'cancellation_reason': None, 'state': 'closed', 'id': 1006812289, 'paid_commission': '0.11573883', 'limit_price': '4120.25', 'product_symbol': 'ETHUSD', 'bracket_stop_loss_price': None, 'close_on_trigger': 'false', 'stop_order_type': None, 'bracket_stop_loss_limit_price': None, 'average_fill_price': '3923.35', 'trail_amount': None, 'quote_size': None, 'client_order_id': None, 'meta_data': {'cashflow': '0', 'ip': '122.187.117.179', 'otc': False, 'pnl': '0', 'source': 'api'}, 'side': 'buy', 'bracket_order': None, 'stop_trigger_method': None, 'bracket_take_profit_limit_price': None, 'time_in_force': 'gtc', 'updated_at': '2025-10-25T04:04:07.706533Z', 'size': 5, 'unfilled_size': 0, 'order_type': 'market_order', 'user_id': 77410030, 'mmp': 'disabled', 'created_at': '2025-10-25T04:04:07.639930Z', 'commission': '0'}
2025-10-25 09:34:07,630 - INFO - Re-entry market order placed: 1006812289
2025-10-25 09:34:07,631 - INFO - Placing bracket order - SL: $3920.03, TP: $3935.77
2025-10-25 09:34:08,478 - INFO - Bracket orders placed - TP ID: 1006812299, SL ID: 1006812298
2025-10-25 09:34:08,479 - INFO - RE-ENTRY COMPLETE: BUY position established
2025-10-25 09:35:02,257 - INFO - fake signal is detected trade taken at 1761365040000 with original signal 2 and the second last signal time is 2025-10-25 04:04:00
2025-10-25 09:35:02,258 - INFO - last signal is 0 , second last signal is 0
2025-10-25 09:35:02,339 - INFO - this is a fake order so the market order will be placed to close it , the current price is 3923.33
2025-10-25 09:35:02,759 - INFO - the sl / tp was not hit so we are closing market order , sl status : pending , tp status : pending
2025-10-25 09:35:05,519 - INFO - Fake Loss amount is $-0.025000000000000355
2025-10-25 09:35:05,524 - INFO - the current martingale level is 2
2025-10-25 09:35:05,524 - INFO - here we are going to sleep for 60 since the entry and exit time is the same
2025-10-25 09:36:05,525 - INFO - fake trade flag is reverted to 0 , fake signal with position status is True
2025-10-25 09:40:38,182 - INFO - current_price is 3925.06 before placing the market order
2025-10-25 09:40:39,461 - INFO - the current entry signal is 2
2025-10-25 09:40:39,462 - INFO - the market order has been placed and response is {'stop_price': None, 'bracket_trail_amount': None, 'bracket_take_profit_price': None, 'reduce_only': False, 'product_id': 3136, 'cancellation_reason': None, 'state': 'closed', 'id': 1006817364, 'paid_commission': '0.11579635', 'limit_price': '4121.4', 'product_symbol': 'ETHUSD', 'bracket_stop_loss_price': None, 'close_on_trigger': 'false', 'stop_order_type': None, 'bracket_stop_loss_limit_price': None, 'average_fill_price': '3925.3', 'trail_amount': None, 'quote_size': None, 'client_order_id': None, 'meta_data': {'cashflow': '0', 'ip': '122.187.117.179', 'otc': False, 'pnl': '0', 'source': 'api'}, 'side': 'buy', 'bracket_order': None, 'stop_trigger_method': None, 'bracket_take_profit_limit_price': None, 'time_in_force': 'gtc', 'updated_at': '2025-10-25T04:10:39.693877Z', 'size': 5, 'unfilled_size': 0, 'order_type': 'market_order', 'user_id': 77410030, 'mmp': 'disabled', 'created_at': '2025-10-25T04:10:39.531013Z', 'commission': '0'}
2025-10-25 09:40:39,652 - INFO - since a new trade is being opened the fake trade flag is 1
2025-10-25 09:40:39,657 - INFO - placing order at sl: 3923.36 , tp: 3936.77
2025-10-25 09:40:40,309 - INFO - bracket order response is {'result': {'stop_loss_order': {'bracket_order': True, 'updated_at': '2025-10-25T04:10:40.670687Z', 'close_on_trigger': 'false', 'side': 'sell', 'product_id': 3136, 'unfilled_size': 5, 'state': 'pending', 'cancellation_reason': None, 'quote_size': None, 'id': 1006817380, 'average_fill_price': None, 'mmp': 'disabled', 'product_symbol': 'ETHUSD', 'stop_price': '3923.36', 'user_id': 77410030, 'paid_commission': '0', 'stop_order_type': 'stop_loss_order', 'trail_amount': None, 'bracket_take_profit_limit_price': None, 'bracket_stop_loss_price': None, 'client_order_id': None, 'time_in_force': 'gtc', 'reduce_only': True, 'stop_trigger_method': 'last_traded_price', 'bracket_take_profit_price': None, 'meta_data': {'ip': '122.187.117.179', 'source': 'api'}, 'limit_price': '3922.36', 'bracket_stop_loss_limit_price': None, 'size': 5, 'commission': '0', 'created_at': '2025-10-25T04:10:40.670687Z', 'order_type': 'limit_order', 'bracket_trail_amount': None}, 'take_profit_order': {'bracket_order': True, 'updated_at': '2025-10-25T04:10:40.671251Z', 'close_on_trigger': 'false', 'side': 'sell', 'product_id': 3136, 'unfilled_size': 5, 'state': 'pending', 'cancellation_reason': None, 'quote_size': None, 'id': 1006817381, 'average_fill_price': None, 'mmp': 'disabled', 'product_symbol': 'ETHUSD', 'stop_price': '3936.77', 'user_id': 77410030, 'paid_commission': '0', 'stop_order_type': 'take_profit_order', 'trail_amount': None, 'bracket_take_profit_limit_price': None, 'bracket_stop_loss_price': None, 'client_order_id': None, 'time_in_force': 'gtc', 'reduce_only': True, 'stop_trigger_method': 'last_traded_price', 'bracket_take_profit_price': None, 'meta_data': {'ip': '122.187.117.179', 'source': 'api'}, 'limit_price': '3935.77', 'bracket_stop_loss_limit_price': None, 'size': 5, 'commission': '0', 'created_at': '2025-10-25T04:10:40.671251Z', 'order_type': 'limit_order', 'bracket_trail_amount': None}}, 'success': True}
2025-10-25 09:41:01,274 - INFO - fake trade flag is reverted to 0 , fake signal with position status is False
2025-10-25 09:43:22,887 - INFO - we have lost the trade
2025-10-25 09:43:22,888 - INFO - current martingale level is 2 and the current fake loss is -0.025000000000000355
2025-10-25 09:43:22,889 - INFO - LOSS detected: type=sl, level=2
2025-10-25 09:43:22,890 - INFO - SL LOSS: Level 3
2025-10-25 09:43:22,891 - INFO - Status: Level=3, Elevated=False, FakeFlag=False, SLCycle=True
2025-10-25 09:43:23,383 - INFO - here we are not going to sleep since the entry and exit time is not same
2025-10-25 10:38:11,526 - INFO - current_price is 3926.0 before placing the market order
2025-10-25 10:38:12,605 - INFO - the current entry signal is 2
2025-10-25 10:38:12,606 - INFO - the market order has been placed and response is {'stop_price': None, 'bracket_trail_amount': None, 'bracket_take_profit_price': None, 'reduce_only': False, 'product_id': 3136, 'cancellation_reason': None, 'state': 'closed', 'id': 1006896236, 'paid_commission': '0.25482985', 'limit_price': '4122.75', 'product_symbol': 'ETHUSD', 'bracket_stop_loss_price': None, 'close_on_trigger': 'false', 'stop_order_type': None, 'bracket_stop_loss_limit_price': None, 'average_fill_price': '3926.5', 'trail_amount': None, 'quote_size': None, 'client_order_id': None, 'meta_data': {'cashflow': '0', 'ip': '122.187.117.179', 'otc': False, 'pnl': '0', 'source': 'api'}, 'side': 'buy', 'bracket_order': None, 'stop_trigger_method': None, 'bracket_take_profit_limit_price': None, 'time_in_force': 'gtc', 'updated_at': '2025-10-25T05:08:12.868982Z', 'size': 11, 'unfilled_size': 0, 'order_type': 'market_order', 'user_id': 77410030, 'mmp': 'disabled', 'created_at': '2025-10-25T05:08:12.717828Z', 'commission': '0'}
2025-10-25 10:38:12,795 - INFO - since a new trade is being opened the fake trade flag is 1
2025-10-25 10:38:12,796 - INFO - placing order at sl: 3921.87 , tp: 3937.78
2025-10-25 10:38:13,444 - INFO - bracket order response is {'result': {'stop_loss_order': {'reduce_only': True, 'bracket_order': True, 'unfilled_size': 11, 'updated_at': '2025-10-25T05:08:13.845506Z', 'stop_price': '3921.87', 'user_id': 77410030, 'product_id': 3136, 'order_type': 'limit_order', 'state': 'pending', 'bracket_stop_loss_limit_price': None, 'bracket_stop_loss_price': None, 'id': 1006896249, 'product_symbol': 'ETHUSD', 'bracket_take_profit_price': None, 'bracket_trail_amount': None, 'trail_amount': None, 'limit_price': '3920.87', 'meta_data': {'ip': '122.187.117.179', 'source': 'api'}, 'stop_order_type': 'stop_loss_order', 'cancellation_reason': None, 'stop_trigger_method': 'last_traded_price', 'commission': '0', 'time_in_force': 'gtc', 'client_order_id': None, 'paid_commission': '0', 'mmp': 'disabled', 'quote_size': None, 'size': 11, 'bracket_take_profit_limit_price': None, 'created_at': '2025-10-25T05:08:13.845506Z', 'average_fill_price': None, 'side': 'sell', 'close_on_trigger': 'false'}, 'take_profit_order': {'reduce_only': True, 'bracket_order': True, 'unfilled_size': 11, 'updated_at': '2025-10-25T05:08:13.846103Z', 'stop_price': '3937.78', 'user_id': 77410030, 'product_id': 3136, 'order_type': 'limit_order', 'state': 'pending', 'bracket_stop_loss_limit_price': None, 'bracket_stop_loss_price': None, 'id': 1006896250, 'product_symbol': 'ETHUSD', 'bracket_take_profit_price': None, 'bracket_trail_amount': None, 'trail_amount': None, 'limit_price': '3936.78', 'meta_data': {'ip': '122.187.117.179', 'source': 'api'}, 'stop_order_type': 'take_profit_order', 'cancellation_reason': None, 'stop_trigger_method': 'last_traded_price', 'commission': '0', 'time_in_force': 'gtc', 'client_order_id': None, 'paid_commission': '0', 'mmp': 'disabled', 'quote_size': None, 'size': 11, 'bracket_take_profit_limit_price': None, 'created_at': '2025-10-25T05:08:13.846103Z', 'average_fill_price': None, 'side': 'sell', 'close_on_trigger': 'false'}}, 'success': True}
2025-10-25 10:39:00,885 - INFO - fake trade flag is reverted to 0 , fake signal with position status is False
2025-10-25 10:41:15,787 - INFO - we have lost the trade
2025-10-25 10:41:15,788 - INFO - current martingale level is 3 and the current fake loss is -0.025000000000000355
2025-10-25 10:41:15,789 - INFO - LOSS detected: type=sl, level=3
2025-10-25 10:41:15,789 - INFO - SL LOSS: Level 4
2025-10-25 10:41:15,790 - INFO - Status: Level=4, Elevated=False, FakeFlag=False, SLCycle=True
2025-10-25 10:41:16,373 - INFO - here we are not going to sleep since the entry and exit time is not same
2025-10-25 10:41:38,684 - INFO - current_price is 3920.06 before placing the market order
2025-10-25 10:41:39,912 - INFO - the current entry signal is -2
2025-10-25 10:41:39,913 - INFO - the market order has been placed and response is {'stop_price': None, 'bracket_trail_amount': None, 'bracket_take_profit_price': None, 'reduce_only': False, 'product_id': 3136, 'cancellation_reason': None, 'state': 'closed', 'id': 1006898886, 'paid_commission': '0.50886792', 'limit_price': '3725.6', 'product_symbol': 'ETHUSD', 'bracket_stop_loss_price': None, 'close_on_trigger': 'false', 'stop_order_type': None, 'bracket_stop_loss_limit_price': None, 'average_fill_price': '3920.4', 'trail_amount': None, 'quote_size': None, 'client_order_id': None, 'meta_data': {'cashflow': '0', 'ip': '122.187.117.179', 'otc': False, 'pnl': '0', 'source': 'api'}, 'side': 'sell', 'bracket_order': None, 'stop_trigger_method': None, 'bracket_take_profit_limit_price': None, 'time_in_force': 'gtc', 'updated_at': '2025-10-25T05:11:40.179088Z', 'size': 22, 'unfilled_size': 0, 'order_type': 'market_order', 'user_id': 77410030, 'mmp': 'disabled', 'created_at': '2025-10-25T05:11:40.066668Z', 'commission': '0'}
2025-10-25 10:41:40,121 - INFO - since a new trade is being opened the fake trade flag is 1
2025-10-25 10:41:40,122 - INFO - placing order at sl: 3926.48 , tp: 3908.24
2025-10-25 10:41:40,766 - INFO - bracket order response is {'result': {'stop_loss_order': {'reduce_only': True, 'unfilled_size': 22, 'close_on_trigger': 'false', 'stop_price': '3926.48', 'order_type': 'limit_order', 'bracket_stop_loss_price': None, 'mmp': 'disabled', 'state': 'pending', 'id': 1006898914, 'cancellation_reason': None, 'time_in_force': 'gtc', 'paid_commission': '0', 'meta_data': {'ip': '122.187.117.179', 'source': 'api'}, 'product_id': 3136, 'bracket_take_profit_limit_price': None, 'bracket_stop_loss_limit_price': None, 'limit_price': '3927.48', 'bracket_take_profit_price': None, 'stop_order_type': 'stop_loss_order', 'stop_trigger_method': 'last_traded_price', 'side': 'buy', 'average_fill_price': None, 'client_order_id': None, 'created_at': '2025-10-25T05:11:41.172863Z', 'trail_amount': None, 'updated_at': '2025-10-25T05:11:41.172863Z', 'bracket_trail_amount': None, 'quote_size': None, 'size': 22, 'commission': '0', 'product_symbol': 'ETHUSD', 'user_id': 77410030, 'bracket_order': True}, 'take_profit_order': {'reduce_only': True, 'unfilled_size': 22, 'close_on_trigger': 'false', 'stop_price': '3908.24', 'order_type': 'limit_order', 'bracket_stop_loss_price': None, 'mmp': 'disabled', 'state': 'pending', 'id': 1006898915, 'cancellation_reason': None, 'time_in_force': 'gtc', 'paid_commission': '0', 'meta_data': {'ip': '122.187.117.179', 'source': 'api'}, 'product_id': 3136, 'bracket_take_profit_limit_price': None, 'bracket_stop_loss_limit_price': None, 'limit_price': '3909.24', 'bracket_take_profit_price': None, 'stop_order_type': 'take_profit_order', 'stop_trigger_method': 'last_traded_price', 'side': 'buy', 'average_fill_price': None, 'client_order_id': None, 'created_at': '2025-10-25T05:11:41.173411Z', 'trail_amount': None, 'updated_at': '2025-10-25T05:11:41.173411Z', 'bracket_trail_amount': None, 'quote_size': None, 'size': 22, 'commission': '0', 'product_symbol': 'ETHUSD', 'user_id': 77410030, 'bracket_order': True}}, 'success': True}
2025-10-25 10:42:02,199 - INFO - fake signal is detected trade taken at 1761369060000 with original signal -2 and the second last signal time is 2025-10-25 05:11:00
2025-10-25 10:42:02,199 - INFO - last signal is -2 , second last signal is 0
2025-10-25 10:42:02,271 - INFO - this is a fake order so the market order will be placed to close it , the current price is 3920.76
2025-10-25 10:42:02,652 - INFO - the sl / tp was not hit so we are closing market order , sl status : pending , tp status : pending
2025-10-25 10:42:05,115 - INFO - Fake Loss amount is $0.04099999999999948
2025-10-25 10:42:05,116 - INFO - the current martingale level is 4
2025-10-25 10:42:05,116 - INFO - here we are going to sleep for 60 since the entry and exit time is the same
2025-10-25 10:43:05,117 - INFO - fake trade flag is reverted to 0 , fake signal with position status is True
2025-10-25 10:58:04,061 - INFO - current_price is 3920.16 before placing the market order
2025-10-25 10:58:05,224 - INFO - the current entry signal is -2
2025-10-25 10:58:05,225 - INFO - the market order has been placed and response is None
2025-10-25 11:39:28,346 - INFO - Trading bot stopped by user (KeyboardInterrupt)
2025-10-25 11:39:28,347 - INFO - Final status - Level: 4, Position: -1, Fake Loss: $0.04
